{"C:\\Users\\danie\\Desktop\\backFlutter\\mercapleno-backend\\src\\app.module.ts": {"path":"C:\\Users\\danie\\Desktop\\backFlutter\\mercapleno-backend\\src\\app.module.ts","statementMap":{"0":{"start":{"line":1,"column":0},"end":{"line":1,"column":87}},"1":{"start":{"line":2,"column":0},"end":{"line":2,"column":41}},"2":{"start":{"line":3,"column":0},"end":{"line":3,"column":61}},"3":{"start":{"line":4,"column":0},"end":{"line":4,"column":48}},"4":{"start":{"line":5,"column":0},"end":{"line":5,"column":60}},"5":{"start":{"line":6,"column":0},"end":{"line":6,"column":55}},"6":{"start":{"line":7,"column":0},"end":{"line":7,"column":51}},"7":{"start":{"line":8,"column":0},"end":{"line":8,"column":68}},"8":{"start":{"line":9,"column":0},"end":{"line":9,"column":60}},"9":{"start":{"line":10,"column":0},"end":{"line":10,"column":63}},"10":{"start":{"line":11,"column":0},"end":{"line":11,"column":51}},"11":{"start":{"line":12,"column":0},"end":{"line":12,"column":57}},"12":{"start":{"line":13,"column":0},"end":{"line":13,"column":54}},"13":{"start":{"line":14,"column":0},"end":{"line":14,"column":69}},"14":{"start":{"line":41,"column":7},"end":{"line":51,"column":null}},"15":{"start":{"line":43,"column":4},"end":{"line":48,"column":null}},"16":{"start":{"line":41,"column":13},"end":{"line":41,"column":22}},"17":{"start":{"line":41,"column":13},"end":{"line":51,"column":null}}},"fnMap":{"0":{"name":"(anonymous_1)","decl":{"start":{"line":42,"column":2},"end":{"line":42,"column":11}},"loc":{"start":{"line":42,"column":40},"end":{"line":50,"column":3}}}},"branchMap":{},"s":{"0":2,"1":2,"2":2,"3":2,"4":2,"5":2,"6":2,"7":2,"8":2,"9":2,"10":2,"11":2,"12":2,"13":2,"14":2,"15":2,"16":2,"17":2},"f":{"0":2},"b":{}}
,"C:\\Users\\danie\\Desktop\\backFlutter\\mercapleno-backend\\src\\auth\\auth.controller.ts": {"path":"C:\\Users\\danie\\Desktop\\backFlutter\\mercapleno-backend\\src\\auth\\auth.controller.ts","statementMap":{"0":{"start":{"line":1,"column":0},"end":{"line":1,"column":83}},"1":{"start":{"line":2,"column":0},"end":{"line":2,"column":56}},"2":{"start":{"line":3,"column":0},"end":{"line":3,"column":55}},"3":{"start":{"line":4,"column":0},"end":{"line":4,"column":45}},"4":{"start":{"line":5,"column":0},"end":{"line":5,"column":43}},"5":{"start":{"line":6,"column":0},"end":{"line":6,"column":49}},"6":{"start":{"line":7,"column":0},"end":{"line":7,"column":75}},"7":{"start":{"line":8,"column":0},"end":{"line":8,"column":70}},"8":{"start":{"line":9,"column":0},"end":{"line":9,"column":60}},"9":{"start":{"line":10,"column":0},"end":{"line":10,"column":56}},"10":{"start":{"line":11,"column":0},"end":{"line":11,"column":65}},"11":{"start":{"line":15,"column":7},"end":{"line":89,"column":null}},"12":{"start":{"line":16,"column":31},"end":{"line":16,"column":44}},"13":{"start":{"line":22,"column":4},"end":{"line":22,"column":47}},"14":{"start":{"line":29,"column":4},"end":{"line":29,"column":42}},"15":{"start":{"line":40,"column":4},"end":{"line":40,"column":39}},"16":{"start":{"line":51,"column":4},"end":{"line":51,"column":49}},"17":{"start":{"line":58,"column":4},"end":{"line":58,"column":45}},"18":{"start":{"line":65,"column":4},"end":{"line":65,"column":52}},"19":{"start":{"line":72,"column":4},"end":{"line":72,"column":54}},"20":{"start":{"line":79,"column":4},"end":{"line":79,"column":47}},"21":{"start":{"line":87,"column":4},"end":{"line":87,"column":37}},"22":{"start":{"line":15,"column":13},"end":{"line":15,"column":27}},"23":{"start":{"line":21,"column":2},"end":{"line":23,"column":null}},"24":{"start":{"line":28,"column":2},"end":{"line":30,"column":null}},"25":{"start":{"line":39,"column":2},"end":{"line":41,"column":null}},"26":{"start":{"line":50,"column":2},"end":{"line":52,"column":null}},"27":{"start":{"line":57,"column":2},"end":{"line":59,"column":null}},"28":{"start":{"line":64,"column":2},"end":{"line":66,"column":null}},"29":{"start":{"line":71,"column":2},"end":{"line":73,"column":null}},"30":{"start":{"line":78,"column":2},"end":{"line":80,"column":null}},"31":{"start":{"line":86,"column":2},"end":{"line":88,"column":null}},"32":{"start":{"line":15,"column":13},"end":{"line":89,"column":null}}},"fnMap":{"0":{"name":"(anonymous_4)","decl":{"start":{"line":16,"column":2},"end":{"line":16,"column":31}},"loc":{"start":{"line":16,"column":55},"end":{"line":16,"column":59}}},"1":{"name":"(anonymous_5)","decl":{"start":{"line":21,"column":2},"end":{"line":21,"column":18}},"loc":{"start":{"line":21,"column":18},"end":{"line":23,"column":3}}},"2":{"name":"(anonymous_6)","decl":{"start":{"line":28,"column":2},"end":{"line":28,"column":10}},"loc":{"start":{"line":28,"column":35},"end":{"line":30,"column":3}}},"3":{"name":"(anonymous_7)","decl":{"start":{"line":39,"column":2},"end":{"line":39,"column":7}},"loc":{"start":{"line":39,"column":29},"end":{"line":41,"column":3}}},"4":{"name":"(anonymous_8)","decl":{"start":{"line":50,"column":2},"end":{"line":50,"column":17}},"loc":{"start":{"line":50,"column":49},"end":{"line":52,"column":3}}},"5":{"name":"(anonymous_9)","decl":{"start":{"line":57,"column":2},"end":{"line":57,"column":13}},"loc":{"start":{"line":57,"column":41},"end":{"line":59,"column":3}}},"6":{"name":"(anonymous_10)","decl":{"start":{"line":64,"column":2},"end":{"line":64,"column":20}},"loc":{"start":{"line":64,"column":55},"end":{"line":66,"column":3}}},"7":{"name":"(anonymous_11)","decl":{"start":{"line":71,"column":2},"end":{"line":71,"column":22}},"loc":{"start":{"line":71,"column":59},"end":{"line":73,"column":3}}},"8":{"name":"(anonymous_12)","decl":{"start":{"line":78,"column":2},"end":{"line":78,"column":15}},"loc":{"start":{"line":78,"column":45},"end":{"line":80,"column":3}}},"9":{"name":"(anonymous_13)","decl":{"start":{"line":86,"column":2},"end":{"line":86,"column":8}},"loc":{"start":{"line":86,"column":8},"end":{"line":88,"column":3}}}},"branchMap":{},"s":{"0":2,"1":2,"2":2,"3":2,"4":2,"5":2,"6":2,"7":2,"8":2,"9":2,"10":2,"11":2,"12":2,"13":0,"14":0,"15":0,"16":0,"17":0,"18":0,"19":0,"20":0,"21":0,"22":2,"23":2,"24":2,"25":2,"26":2,"27":2,"28":2,"29":2,"30":2,"31":2,"32":2},"f":{"0":2,"1":0,"2":0,"3":0,"4":0,"5":0,"6":0,"7":0,"8":0,"9":0},"b":{}}
,"C:\\Users\\danie\\Desktop\\backFlutter\\mercapleno-backend\\src\\auth\\auth.module.ts": {"path":"C:\\Users\\danie\\Desktop\\backFlutter\\mercapleno-backend\\src\\auth\\auth.module.ts","statementMap":{"0":{"start":{"line":1,"column":0},"end":{"line":1,"column":40}},"1":{"start":{"line":2,"column":0},"end":{"line":2,"column":40}},"2":{"start":{"line":3,"column":0},"end":{"line":3,"column":50}},"3":{"start":{"line":4,"column":0},"end":{"line":4,"column":33}},"4":{"start":{"line":5,"column":0},"end":{"line":5,"column":51}},"5":{"start":{"line":6,"column":0},"end":{"line":6,"column":45}},"6":{"start":{"line":7,"column":0},"end":{"line":7,"column":56}},"7":{"start":{"line":21,"column":7},"end":{"line":21,"column":null}},"8":{"start":{"line":21,"column":13},"end":{"line":21,"column":23}},"9":{"start":{"line":21,"column":13},"end":{"line":21,"column":null}}},"fnMap":{},"branchMap":{},"s":{"0":2,"1":2,"2":2,"3":2,"4":2,"5":2,"6":2,"7":2,"8":2,"9":2},"f":{},"b":{}}
,"C:\\Users\\danie\\Desktop\\backFlutter\\mercapleno-backend\\src\\auth\\auth.service.ts": {"path":"C:\\Users\\danie\\Desktop\\backFlutter\\mercapleno-backend\\src\\auth\\auth.service.ts","statementMap":{"0":{"start":{"line":1,"column":0},"end":{"line":1,"column":null}},"1":{"start":{"line":10,"column":0},"end":{"line":10,"column":41}},"2":{"start":{"line":11,"column":0},"end":{"line":11,"column":35}},"3":{"start":{"line":12,"column":0},"end":{"line":12,"column":33}},"4":{"start":{"line":13,"column":0},"end":{"line":13,"column":33}},"5":{"start":{"line":14,"column":0},"end":{"line":14,"column":54}},"6":{"start":{"line":15,"column":0},"end":{"line":15,"column":57}},"7":{"start":{"line":32,"column":7},"end":{"line":534,"column":null}},"8":{"start":{"line":34,"column":21},"end":{"line":34,"column":29}},"9":{"start":{"line":35,"column":21},"end":{"line":35,"column":33}},"10":{"start":{"line":36,"column":21},"end":{"line":36,"column":35}},"11":{"start":{"line":40,"column":4},"end":{"line":40,"column":66}},"12":{"start":{"line":44,"column":4},"end":{"line":44,"column":66}},"13":{"start":{"line":48,"column":4},"end":{"line":48,"column":54}},"14":{"start":{"line":52,"column":4},"end":{"line":54,"column":5}},"15":{"start":{"line":53,"column":6},"end":{"line":53,"column":18}},"16":{"start":{"line":55,"column":4},"end":{"line":55,"column":54}},"17":{"start":{"line":59,"column":4},"end":{"line":59,"column":38}},"18":{"start":{"line":72,"column":4},"end":{"line":81,"column":6}},"19":{"start":{"line":85,"column":4},"end":{"line":90,"column":7}},"20":{"start":{"line":94,"column":4},"end":{"line":104,"column":6}},"21":{"start":{"line":108,"column":4},"end":{"line":114,"column":7}},"22":{"start":{"line":123,"column":22},"end":{"line":123,"column":41}},"23":{"start":{"line":124,"column":26},"end":{"line":124,"column":50}},"24":{"start":{"line":125,"column":31},"end":{"line":125,"column":77}},"25":{"start":{"line":127,"column":4},"end":{"line":133,"column":7}},"26":{"start":{"line":135,"column":4},"end":{"line":148,"column":5}},"27":{"start":{"line":136,"column":6},"end":{"line":141,"column":8}},"28":{"start":{"line":143,"column":6},"end":{"line":143,"column":55}},"29":{"start":{"line":144,"column":6},"end":{"line":147,"column":9}},"30":{"start":{"line":150,"column":4},"end":{"line":162,"column":6}},"31":{"start":{"line":166,"column":4},"end":{"line":185,"column":5}},"32":{"start":{"line":167,"column":22},"end":{"line":167,"column":69}},"33":{"start":{"line":169,"column":6},"end":{"line":177,"column":7}},"34":{"start":{"line":176,"column":8},"end":{"line":176,"column":58}},"35":{"start":{"line":179,"column":6},"end":{"line":179,"column":21}},"36":{"start":{"line":181,"column":6},"end":{"line":184,"column":9}},"37":{"start":{"line":189,"column":32},"end":{"line":197,"column":6}},"38":{"start":{"line":199,"column":4},"end":{"line":202,"column":6}},"39":{"start":{"line":206,"column":21},"end":{"line":211,"column":6}},"40":{"start":{"line":213,"column":4},"end":{"line":218,"column":5}},"41":{"start":{"line":214,"column":6},"end":{"line":217,"column":9}},"42":{"start":{"line":220,"column":27},"end":{"line":220,"column":62}},"43":{"start":{"line":221,"column":29},"end":{"line":221,"column":48}},"44":{"start":{"line":222,"column":29},"end":{"line":222,"column":60}},"45":{"start":{"line":223,"column":34},"end":{"line":223,"column":83}},"46":{"start":{"line":225,"column":4},"end":{"line":268,"column":5}},"47":{"start":{"line":226,"column":6},"end":{"line":241,"column":9}},"48":{"start":{"line":243,"column":22},"end":{"line":243,"column":27}},"49":{"start":{"line":244,"column":6},"end":{"line":253,"column":7}},"50":{"start":{"line":245,"column":8},"end":{"line":249,"column":10}},"51":{"start":{"line":250,"column":8},"end":{"line":250,"column":25}},"52":{"start":{"line":252,"column":8},"end":{"line":252,"column":26}},"53":{"start":{"line":255,"column":6},"end":{"line":262,"column":8}},"54":{"start":{"line":264,"column":6},"end":{"line":267,"column":9}},"55":{"start":{"line":272,"column":17},"end":{"line":278,"column":6}},"56":{"start":{"line":280,"column":4},"end":{"line":282,"column":5}},"57":{"start":{"line":281,"column":6},"end":{"line":281,"column":88}},"58":{"start":{"line":284,"column":26},"end":{"line":284,"column":75}},"59":{"start":{"line":285,"column":4},"end":{"line":287,"column":5}},"60":{"start":{"line":286,"column":6},"end":{"line":286,"column":89}},"61":{"start":{"line":289,"column":4},"end":{"line":295,"column":5}},"62":{"start":{"line":290,"column":6},"end":{"line":294,"column":9}},"63":{"start":{"line":297,"column":4},"end":{"line":299,"column":5}},"64":{"start":{"line":298,"column":6},"end":{"line":298,"column":54}},"65":{"start":{"line":301,"column":4},"end":{"line":301,"column":53}},"66":{"start":{"line":303,"column":18},"end":{"line":303,"column":45}},"67":{"start":{"line":305,"column":4},"end":{"line":310,"column":6}},"68":{"start":{"line":314,"column":27},"end":{"line":314,"column":73}},"69":{"start":{"line":316,"column":17},"end":{"line":325,"column":6}},"70":{"start":{"line":327,"column":4},"end":{"line":329,"column":5}},"71":{"start":{"line":328,"column":6},"end":{"line":328,"column":88}},"72":{"start":{"line":331,"column":4},"end":{"line":336,"column":5}},"73":{"start":{"line":332,"column":6},"end":{"line":335,"column":9}},"74":{"start":{"line":338,"column":4},"end":{"line":343,"column":5}},"75":{"start":{"line":339,"column":6},"end":{"line":342,"column":9}},"76":{"start":{"line":345,"column":4},"end":{"line":351,"column":5}},"77":{"start":{"line":346,"column":6},"end":{"line":346,"column":55}},"78":{"start":{"line":347,"column":6},"end":{"line":350,"column":9}},"79":{"start":{"line":353,"column":4},"end":{"line":358,"column":5}},"80":{"start":{"line":354,"column":6},"end":{"line":357,"column":9}},"81":{"start":{"line":360,"column":4},"end":{"line":360,"column":53}},"82":{"start":{"line":362,"column":18},"end":{"line":362,"column":45}},"83":{"start":{"line":364,"column":4},"end":{"line":369,"column":6}},"84":{"start":{"line":373,"column":17},"end":{"line":381,"column":6}},"85":{"start":{"line":383,"column":4},"end":{"line":385,"column":5}},"86":{"start":{"line":384,"column":6},"end":{"line":384,"column":88}},"87":{"start":{"line":387,"column":4},"end":{"line":389,"column":5}},"88":{"start":{"line":388,"column":6},"end":{"line":388,"column":73}},"89":{"start":{"line":391,"column":4},"end":{"line":396,"column":5}},"90":{"start":{"line":392,"column":6},"end":{"line":395,"column":9}},"91":{"start":{"line":398,"column":4},"end":{"line":403,"column":5}},"92":{"start":{"line":399,"column":6},"end":{"line":402,"column":9}},"93":{"start":{"line":405,"column":4},"end":{"line":407,"column":5}},"94":{"start":{"line":406,"column":6},"end":{"line":406,"column":86}},"95":{"start":{"line":409,"column":4},"end":{"line":416,"column":7}},"96":{"start":{"line":418,"column":4},"end":{"line":418,"column":74}},"97":{"start":{"line":422,"column":17},"end":{"line":425,"column":6}},"98":{"start":{"line":427,"column":4},"end":{"line":429,"column":5}},"99":{"start":{"line":428,"column":6},"end":{"line":428,"column":88}},"100":{"start":{"line":431,"column":4},"end":{"line":433,"column":5}},"101":{"start":{"line":432,"column":6},"end":{"line":432,"column":73}},"102":{"start":{"line":435,"column":29},"end":{"line":435,"column":48}},"103":{"start":{"line":436,"column":29},"end":{"line":436,"column":60}},"104":{"start":{"line":437,"column":34},"end":{"line":437,"column":83}},"105":{"start":{"line":439,"column":4},"end":{"line":445,"column":7}},"106":{"start":{"line":447,"column":4},"end":{"line":451,"column":6}},"107":{"start":{"line":453,"column":4},"end":{"line":453,"column":77}},"108":{"start":{"line":457,"column":17},"end":{"line":460,"column":6}},"109":{"start":{"line":462,"column":4},"end":{"line":464,"column":5}},"110":{"start":{"line":463,"column":6},"end":{"line":463,"column":84}},"111":{"start":{"line":466,"column":22},"end":{"line":466,"column":41}},"112":{"start":{"line":467,"column":22},"end":{"line":467,"column":46}},"113":{"start":{"line":468,"column":27},"end":{"line":468,"column":72}},"114":{"start":{"line":470,"column":4},"end":{"line":476,"column":7}},"115":{"start":{"line":478,"column":4},"end":{"line":478,"column":98}},"116":{"start":{"line":480,"column":4},"end":{"line":480,"column":82}},"117":{"start":{"line":484,"column":17},"end":{"line":491,"column":6}},"118":{"start":{"line":493,"column":4},"end":{"line":495,"column":5}},"119":{"start":{"line":494,"column":6},"end":{"line":494,"column":88}},"120":{"start":{"line":497,"column":4},"end":{"line":502,"column":5}},"121":{"start":{"line":498,"column":6},"end":{"line":501,"column":9}},"122":{"start":{"line":504,"column":4},"end":{"line":509,"column":5}},"123":{"start":{"line":505,"column":6},"end":{"line":508,"column":9}},"124":{"start":{"line":511,"column":4},"end":{"line":513,"column":5}},"125":{"start":{"line":512,"column":6},"end":{"line":512,"column":86}},"126":{"start":{"line":515,"column":27},"end":{"line":515,"column":65}},"127":{"start":{"line":516,"column":4},"end":{"line":523,"column":7}},"128":{"start":{"line":525,"column":4},"end":{"line":525,"column":79}},"129":{"start":{"line":529,"column":4},"end":{"line":532,"column":6}},"130":{"start":{"line":32,"column":13},"end":{"line":32,"column":24}},"131":{"start":{"line":32,"column":13},"end":{"line":534,"column":null}}},"fnMap":{"0":{"name":"(anonymous_2)","decl":{"start":{"line":33,"column":2},"end":{"line":33,"column":null}},"loc":{"start":{"line":36,"column":47},"end":{"line":37,"column":6}}},"1":{"name":"(anonymous_3)","decl":{"start":{"line":39,"column":10},"end":{"line":39,"column":22}},"loc":{"start":{"line":39,"column":22},"end":{"line":41,"column":3}}},"2":{"name":"(anonymous_4)","decl":{"start":{"line":43,"column":10},"end":{"line":43,"column":18}},"loc":{"start":{"line":43,"column":31},"end":{"line":45,"column":3}}},"3":{"name":"(anonymous_5)","decl":{"start":{"line":47,"column":10},"end":{"line":47,"column":24}},"loc":{"start":{"line":47,"column":40},"end":{"line":49,"column":3}}},"4":{"name":"(anonymous_6)","decl":{"start":{"line":51,"column":10},"end":{"line":51,"column":19}},"loc":{"start":{"line":51,"column":63},"end":{"line":56,"column":3}}},"5":{"name":"(anonymous_7)","decl":{"start":{"line":58,"column":10},"end":{"line":58,"column":32}},"loc":{"start":{"line":58,"column":46},"end":{"line":60,"column":3}}},"6":{"name":"(anonymous_8)","decl":{"start":{"line":62,"column":10},"end":{"line":62,"column":27}},"loc":{"start":{"line":71,"column":3},"end":{"line":82,"column":3}}},"7":{"name":"(anonymous_9)","decl":{"start":{"line":84,"column":10},"end":{"line":84,"column":26}},"loc":{"start":{"line":84,"column":78},"end":{"line":91,"column":3}}},"8":{"name":"(anonymous_10)","decl":{"start":{"line":93,"column":10},"end":{"line":93,"column":32}},"loc":{"start":{"line":93,"column":84},"end":{"line":105,"column":3}}},"9":{"name":"(anonymous_11)","decl":{"start":{"line":107,"column":10},"end":{"line":107,"column":15}},"loc":{"start":{"line":107,"column":59},"end":{"line":115,"column":3}}},"10":{"name":"(anonymous_12)","decl":{"start":{"line":117,"column":10},"end":{"line":117,"column":15}},"loc":{"start":{"line":122,"column":3},"end":{"line":163,"column":3}}},"11":{"name":"(anonymous_13)","decl":{"start":{"line":165,"column":10},"end":{"line":165,"column":33}},"loc":{"start":{"line":165,"column":47},"end":{"line":186,"column":3}}},"12":{"name":"(anonymous_14)","decl":{"start":{"line":188,"column":2},"end":{"line":188,"column":7}},"loc":{"start":{"line":188,"column":24},"end":{"line":203,"column":3}}},"13":{"name":"(anonymous_15)","decl":{"start":{"line":205,"column":2},"end":{"line":205,"column":7}},"loc":{"start":{"line":205,"column":33},"end":{"line":269,"column":3}}},"14":{"name":"(anonymous_16)","decl":{"start":{"line":271,"column":2},"end":{"line":271,"column":7}},"loc":{"start":{"line":271,"column":27},"end":{"line":311,"column":3}}},"15":{"name":"(anonymous_17)","decl":{"start":{"line":313,"column":2},"end":{"line":313,"column":7}},"loc":{"start":{"line":313,"column":47},"end":{"line":370,"column":3}}},"16":{"name":"(anonymous_18)","decl":{"start":{"line":372,"column":2},"end":{"line":372,"column":7}},"loc":{"start":{"line":372,"column":39},"end":{"line":419,"column":3}}},"17":{"name":"(anonymous_19)","decl":{"start":{"line":421,"column":2},"end":{"line":421,"column":7}},"loc":{"start":{"line":421,"column":53},"end":{"line":454,"column":3}}},"18":{"name":"(anonymous_20)","decl":{"start":{"line":456,"column":2},"end":{"line":456,"column":7}},"loc":{"start":{"line":456,"column":57},"end":{"line":481,"column":3}}},"19":{"name":"(anonymous_21)","decl":{"start":{"line":483,"column":2},"end":{"line":483,"column":7}},"loc":{"start":{"line":483,"column":43},"end":{"line":526,"column":3}}},"20":{"name":"(anonymous_22)","decl":{"start":{"line":528,"column":2},"end":{"line":528,"column":8}},"loc":{"start":{"line":528,"column":8},"end":{"line":533,"column":3}}}},"branchMap":{"0":{"loc":{"start":{"line":52,"column":4},"end":{"line":54,"column":5}},"type":"if","locations":[{"start":{"line":52,"column":4},"end":{"line":54,"column":5}},{"start":{},"end":{}}]},"1":{"loc":{"start":{"line":59,"column":11},"end":{"line":59,"column":37}},"type":"binary-expr","locations":[{"start":{"line":59,"column":11},"end":{"line":59,"column":22}},{"start":{"line":59,"column":26},"end":{"line":59,"column":37}}]},"2":{"loc":{"start":{"line":169,"column":6},"end":{"line":177,"column":7}},"type":"if","locations":[{"start":{"line":169,"column":6},"end":{"line":177,"column":7}},{"start":{},"end":{}}]},"3":{"loc":{"start":{"line":170,"column":8},"end":{"line":174,"column":42}},"type":"binary-expr","locations":[{"start":{"line":170,"column":8},"end":{"line":170,"column":33}},{"start":{"line":171,"column":8},"end":{"line":171,"column":28}},{"start":{"line":172,"column":8},"end":{"line":172,"column":22}},{"start":{"line":173,"column":8},"end":{"line":173,"column":36}},{"start":{"line":174,"column":8},"end":{"line":174,"column":42}}]},"4":{"loc":{"start":{"line":213,"column":4},"end":{"line":218,"column":5}},"type":"if","locations":[{"start":{"line":213,"column":4},"end":{"line":218,"column":5}},{"start":{},"end":{}}]},"5":{"loc":{"start":{"line":234,"column":18},"end":{"line":234,"column":33}},"type":"binary-expr","locations":[{"start":{"line":234,"column":18},"end":{"line":234,"column":28}},{"start":{"line":234,"column":32},"end":{"line":234,"column":33}}]},"6":{"loc":{"start":{"line":257,"column":17},"end":{"line":259,"column":88}},"type":"cond-expr","locations":[{"start":{"line":258,"column":12},"end":{"line":258,"column":81}},{"start":{"line":259,"column":12},"end":{"line":259,"column":88}}]},"7":{"loc":{"start":{"line":280,"column":4},"end":{"line":282,"column":5}},"type":"if","locations":[{"start":{"line":280,"column":4},"end":{"line":282,"column":5}},{"start":{},"end":{}}]},"8":{"loc":{"start":{"line":285,"column":4},"end":{"line":287,"column":5}},"type":"if","locations":[{"start":{"line":285,"column":4},"end":{"line":287,"column":5}},{"start":{},"end":{}}]},"9":{"loc":{"start":{"line":289,"column":4},"end":{"line":295,"column":5}},"type":"if","locations":[{"start":{"line":289,"column":4},"end":{"line":295,"column":5}},{"start":{},"end":{}}]},"10":{"loc":{"start":{"line":297,"column":4},"end":{"line":299,"column":5}},"type":"if","locations":[{"start":{"line":297,"column":4},"end":{"line":299,"column":5}},{"start":{},"end":{}}]},"11":{"loc":{"start":{"line":327,"column":4},"end":{"line":329,"column":5}},"type":"if","locations":[{"start":{"line":327,"column":4},"end":{"line":329,"column":5}},{"start":{},"end":{}}]},"12":{"loc":{"start":{"line":331,"column":4},"end":{"line":336,"column":5}},"type":"if","locations":[{"start":{"line":331,"column":4},"end":{"line":336,"column":5}},{"start":{},"end":{}}]},"13":{"loc":{"start":{"line":338,"column":4},"end":{"line":343,"column":5}},"type":"if","locations":[{"start":{"line":338,"column":4},"end":{"line":343,"column":5}},{"start":{},"end":{}}]},"14":{"loc":{"start":{"line":338,"column":8},"end":{"line":338,"column":69}},"type":"binary-expr","locations":[{"start":{"line":338,"column":8},"end":{"line":338,"column":35}},{"start":{"line":338,"column":39},"end":{"line":338,"column":69}}]},"15":{"loc":{"start":{"line":345,"column":4},"end":{"line":351,"column":5}},"type":"if","locations":[{"start":{"line":345,"column":4},"end":{"line":351,"column":5}},{"start":{},"end":{}}]},"16":{"loc":{"start":{"line":353,"column":4},"end":{"line":358,"column":5}},"type":"if","locations":[{"start":{"line":353,"column":4},"end":{"line":358,"column":5}},{"start":{},"end":{}}]},"17":{"loc":{"start":{"line":383,"column":4},"end":{"line":385,"column":5}},"type":"if","locations":[{"start":{"line":383,"column":4},"end":{"line":385,"column":5}},{"start":{},"end":{}}]},"18":{"loc":{"start":{"line":387,"column":4},"end":{"line":389,"column":5}},"type":"if","locations":[{"start":{"line":387,"column":4},"end":{"line":389,"column":5}},{"start":{},"end":{}}]},"19":{"loc":{"start":{"line":391,"column":4},"end":{"line":396,"column":5}},"type":"if","locations":[{"start":{"line":391,"column":4},"end":{"line":396,"column":5}},{"start":{},"end":{}}]},"20":{"loc":{"start":{"line":391,"column":8},"end":{"line":391,"column":73}},"type":"binary-expr","locations":[{"start":{"line":391,"column":8},"end":{"line":391,"column":37}},{"start":{"line":391,"column":41},"end":{"line":391,"column":73}}]},"21":{"loc":{"start":{"line":398,"column":4},"end":{"line":403,"column":5}},"type":"if","locations":[{"start":{"line":398,"column":4},"end":{"line":403,"column":5}},{"start":{},"end":{}}]},"22":{"loc":{"start":{"line":405,"column":4},"end":{"line":407,"column":5}},"type":"if","locations":[{"start":{"line":405,"column":4},"end":{"line":407,"column":5}},{"start":{},"end":{}}]},"23":{"loc":{"start":{"line":427,"column":4},"end":{"line":429,"column":5}},"type":"if","locations":[{"start":{"line":427,"column":4},"end":{"line":429,"column":5}},{"start":{},"end":{}}]},"24":{"loc":{"start":{"line":431,"column":4},"end":{"line":433,"column":5}},"type":"if","locations":[{"start":{"line":431,"column":4},"end":{"line":433,"column":5}},{"start":{},"end":{}}]},"25":{"loc":{"start":{"line":462,"column":4},"end":{"line":464,"column":5}},"type":"if","locations":[{"start":{"line":462,"column":4},"end":{"line":464,"column":5}},{"start":{},"end":{}}]},"26":{"loc":{"start":{"line":493,"column":4},"end":{"line":495,"column":5}},"type":"if","locations":[{"start":{"line":493,"column":4},"end":{"line":495,"column":5}},{"start":{},"end":{}}]},"27":{"loc":{"start":{"line":497,"column":4},"end":{"line":502,"column":5}},"type":"if","locations":[{"start":{"line":497,"column":4},"end":{"line":502,"column":5}},{"start":{},"end":{}}]},"28":{"loc":{"start":{"line":497,"column":8},"end":{"line":497,"column":65}},"type":"binary-expr","locations":[{"start":{"line":497,"column":8},"end":{"line":497,"column":33}},{"start":{"line":497,"column":37},"end":{"line":497,"column":65}}]},"29":{"loc":{"start":{"line":504,"column":4},"end":{"line":509,"column":5}},"type":"if","locations":[{"start":{"line":504,"column":4},"end":{"line":509,"column":5}},{"start":{},"end":{}}]},"30":{"loc":{"start":{"line":511,"column":4},"end":{"line":513,"column":5}},"type":"if","locations":[{"start":{"line":511,"column":4},"end":{"line":513,"column":5}},{"start":{},"end":{}}]}},"s":{"0":2,"1":2,"2":2,"3":2,"4":2,"5":2,"6":2,"7":2,"8":2,"9":2,"10":2,"11":0,"12":0,"13":0,"14":0,"15":0,"16":0,"17":0,"18":0,"19":0,"20":0,"21":0,"22":0,"23":0,"24":0,"25":0,"26":0,"27":0,"28":0,"29":0,"30":0,"31":0,"32":0,"33":0,"34":0,"35":0,"36":0,"37":0,"38":0,"39":0,"40":0,"41":0,"42":0,"43":0,"44":0,"45":0,"46":0,"47":0,"48":0,"49":0,"50":0,"51":0,"52":0,"53":0,"54":0,"55":0,"56":0,"57":0,"58":0,"59":0,"60":0,"61":0,"62":0,"63":0,"64":0,"65":0,"66":0,"67":0,"68":0,"69":0,"70":0,"71":0,"72":0,"73":0,"74":0,"75":0,"76":0,"77":0,"78":0,"79":0,"80":0,"81":0,"82":0,"83":0,"84":0,"85":0,"86":0,"87":0,"88":0,"89":0,"90":0,"91":0,"92":0,"93":0,"94":0,"95":0,"96":0,"97":0,"98":0,"99":0,"100":0,"101":0,"102":0,"103":0,"104":0,"105":0,"106":0,"107":0,"108":0,"109":0,"110":0,"111":0,"112":0,"113":0,"114":0,"115":0,"116":0,"117":0,"118":0,"119":0,"120":0,"121":0,"122":0,"123":0,"124":0,"125":0,"126":0,"127":0,"128":0,"129":0,"130":2,"131":2},"f":{"0":2,"1":0,"2":0,"3":0,"4":0,"5":0,"6":0,"7":0,"8":0,"9":0,"10":0,"11":0,"12":0,"13":0,"14":0,"15":0,"16":0,"17":0,"18":0,"19":0,"20":0},"b":{"0":[0,0],"1":[0,0],"2":[0,0],"3":[0,0,0,0,0],"4":[0,0],"5":[0,0],"6":[0,0],"7":[0,0],"8":[0,0],"9":[0,0],"10":[0,0],"11":[0,0],"12":[0,0],"13":[0,0],"14":[0,0],"15":[0,0],"16":[0,0],"17":[0,0],"18":[0,0],"19":[0,0],"20":[0,0],"21":[0,0],"22":[0,0],"23":[0,0],"24":[0,0],"25":[0,0],"26":[0,0],"27":[0,0],"28":[0,0],"29":[0,0],"30":[0,0]}}
,"C:\\Users\\danie\\Desktop\\backFlutter\\mercapleno-backend\\src\\auth\\decorators\\current-user.decorator.ts": {"path":"C:\\Users\\danie\\Desktop\\backFlutter\\mercapleno-backend\\src\\auth\\decorators\\current-user.decorator.ts","statementMap":{"0":{"start":{"line":1,"column":0},"end":{"line":1,"column":72}},"1":{"start":{"line":4,"column":13},"end":{"line":9,"column":2}},"2":{"start":{"line":6,"column":16},"end":{"line":6,"column":47}},"3":{"start":{"line":7,"column":4},"end":{"line":7,"column":44}}},"fnMap":{"0":{"name":"(anonymous_0)","decl":{"start":{"line":5,"column":2},"end":{"line":5,"column":3}},"loc":{"start":{"line":5,"column":66},"end":{"line":8,"column":3}}}},"branchMap":{},"s":{"0":2,"1":2,"2":1,"3":1},"f":{"0":1},"b":{}}
,"C:\\Users\\danie\\Desktop\\backFlutter\\mercapleno-backend\\src\\auth\\decorators\\public.decorator.ts": {"path":"C:\\Users\\danie\\Desktop\\backFlutter\\mercapleno-backend\\src\\auth\\decorators\\public.decorator.ts","statementMap":{"0":{"start":{"line":1,"column":0},"end":{"line":1,"column":45}},"1":{"start":{"line":3,"column":13},"end":{"line":3,"column":40}},"2":{"start":{"line":4,"column":22},"end":{"line":4,"column":60}},"3":{"start":{"line":4,"column":28},"end":{"line":4,"column":60}},"4":{"start":{"line":4,"column":13},"end":{"line":4,"column":22}}},"fnMap":{"0":{"name":"(anonymous_0)","decl":{"start":{"line":4,"column":22},"end":{"line":4,"column":25}},"loc":{"start":{"line":4,"column":28},"end":{"line":4,"column":60}}}},"branchMap":{},"s":{"0":3,"1":3,"2":3,"3":22,"4":3},"f":{"0":22},"b":{}}
,"C:\\Users\\danie\\Desktop\\backFlutter\\mercapleno-backend\\src\\auth\\decorators\\roles.decorator.ts": {"path":"C:\\Users\\danie\\Desktop\\backFlutter\\mercapleno-backend\\src\\auth\\decorators\\roles.decorator.ts","statementMap":{"0":{"start":{"line":1,"column":0},"end":{"line":1,"column":45}},"1":{"start":{"line":3,"column":13},"end":{"line":3,"column":33}},"2":{"start":{"line":4,"column":21},"end":{"line":4,"column":74}},"3":{"start":{"line":4,"column":45},"end":{"line":4,"column":74}},"4":{"start":{"line":4,"column":13},"end":{"line":4,"column":21}}},"fnMap":{"0":{"name":"(anonymous_0)","decl":{"start":{"line":4,"column":21},"end":{"line":4,"column":22}},"loc":{"start":{"line":4,"column":45},"end":{"line":4,"column":74}}}},"branchMap":{},"s":{"0":3,"1":3,"2":3,"3":8,"4":3},"f":{"0":8},"b":{}}
,"C:\\Users\\danie\\Desktop\\backFlutter\\mercapleno-backend\\src\\auth\\dto\\login.dto.ts": {"path":"C:\\Users\\danie\\Desktop\\backFlutter\\mercapleno-backend\\src\\auth\\dto\\login.dto.ts","statementMap":{"0":{"start":{"line":1,"column":0},"end":{"line":1,"column":46}},"1":{"start":{"line":2,"column":0},"end":{"line":2,"column":52}},"2":{"start":{"line":4,"column":0},"end":{"line":4,"column":13}},"3":{"start":{"line":10,"column":2},"end":{"line":10,"column":null}},"4":{"start":{"line":17,"column":2},"end":{"line":17,"column":null}}},"fnMap":{},"branchMap":{},"s":{"0":2,"1":2,"2":2,"3":2,"4":2},"f":{},"b":{}}
,"C:\\Users\\danie\\Desktop\\backFlutter\\mercapleno-backend\\src\\auth\\dto\\register.dto.ts": {"path":"C:\\Users\\danie\\Desktop\\backFlutter\\mercapleno-backend\\src\\auth\\dto\\register.dto.ts","statementMap":{"0":{"start":{"line":1,"column":0},"end":{"line":1,"column":46}},"1":{"start":{"line":2,"column":0},"end":{"line":2,"column":105}},"2":{"start":{"line":41,"column":2},"end":{"line":41,"column":22}},"3":{"start":{"line":4,"column":0},"end":{"line":4,"column":13}},"4":{"start":{"line":7,"column":2},"end":{"line":7,"column":null}},"5":{"start":{"line":11,"column":2},"end":{"line":11,"column":null}},"6":{"start":{"line":15,"column":2},"end":{"line":15,"column":null}},"7":{"start":{"line":28,"column":2},"end":{"line":28,"column":null}},"8":{"start":{"line":32,"column":2},"end":{"line":32,"column":null}},"9":{"start":{"line":36,"column":2},"end":{"line":36,"column":null}},"10":{"start":{"line":41,"column":2},"end":{"line":41,"column":null}},"11":{"start":{"line":45,"column":2},"end":{"line":45,"column":null}},"12":{"start":{"line":50,"column":2},"end":{"line":50,"column":null}}},"fnMap":{"0":{"name":"(anonymous_2)","decl":{"start":{"line":4,"column":0},"end":{"line":4,"column":13}},"loc":{"start":{"line":4,"column":0},"end":{"line":51,"column":1}}}},"branchMap":{},"s":{"0":2,"1":2,"2":0,"3":2,"4":2,"5":2,"6":2,"7":2,"8":2,"9":2,"10":2,"11":2,"12":2},"f":{"0":0},"b":{}}
,"C:\\Users\\danie\\Desktop\\backFlutter\\mercapleno-backend\\src\\auth\\dto\\request-password-reset.dto.ts": {"path":"C:\\Users\\danie\\Desktop\\backFlutter\\mercapleno-backend\\src\\auth\\dto\\request-password-reset.dto.ts","statementMap":{"0":{"start":{"line":1,"column":0},"end":{"line":1,"column":46}},"1":{"start":{"line":2,"column":0},"end":{"line":2,"column":42}},"2":{"start":{"line":4,"column":0},"end":{"line":4,"column":13}},"3":{"start":{"line":7,"column":2},"end":{"line":7,"column":null}}},"fnMap":{},"branchMap":{},"s":{"0":2,"1":2,"2":2,"3":2},"f":{},"b":{}}
,"C:\\Users\\danie\\Desktop\\backFlutter\\mercapleno-backend\\src\\auth\\dto\\resend-verification.dto.ts": {"path":"C:\\Users\\danie\\Desktop\\backFlutter\\mercapleno-backend\\src\\auth\\dto\\resend-verification.dto.ts","statementMap":{"0":{"start":{"line":1,"column":0},"end":{"line":1,"column":46}},"1":{"start":{"line":2,"column":0},"end":{"line":2,"column":42}},"2":{"start":{"line":4,"column":0},"end":{"line":4,"column":13}},"3":{"start":{"line":7,"column":2},"end":{"line":7,"column":null}}},"fnMap":{},"branchMap":{},"s":{"0":2,"1":2,"2":2,"3":2},"f":{},"b":{}}
,"C:\\Users\\danie\\Desktop\\backFlutter\\mercapleno-backend\\src\\auth\\dto\\reset-password.dto.ts": {"path":"C:\\Users\\danie\\Desktop\\backFlutter\\mercapleno-backend\\src\\auth\\dto\\reset-password.dto.ts","statementMap":{"0":{"start":{"line":1,"column":0},"end":{"line":1,"column":46}},"1":{"start":{"line":2,"column":0},"end":{"line":2,"column":80}},"2":{"start":{"line":4,"column":0},"end":{"line":4,"column":13}},"3":{"start":{"line":7,"column":2},"end":{"line":7,"column":null}},"4":{"start":{"line":12,"column":2},"end":{"line":12,"column":null}},"5":{"start":{"line":25,"column":2},"end":{"line":25,"column":null}},"6":{"start":{"line":38,"column":2},"end":{"line":38,"column":null}}},"fnMap":{},"branchMap":{},"s":{"0":2,"1":2,"2":2,"3":2,"4":2,"5":2,"6":2},"f":{},"b":{}}
,"C:\\Users\\danie\\Desktop\\backFlutter\\mercapleno-backend\\src\\auth\\dto\\verify-email.dto.ts": {"path":"C:\\Users\\danie\\Desktop\\backFlutter\\mercapleno-backend\\src\\auth\\dto\\verify-email.dto.ts","statementMap":{"0":{"start":{"line":1,"column":0},"end":{"line":1,"column":46}},"1":{"start":{"line":2,"column":0},"end":{"line":2,"column":60}},"2":{"start":{"line":4,"column":0},"end":{"line":4,"column":13}},"3":{"start":{"line":7,"column":2},"end":{"line":7,"column":null}},"4":{"start":{"line":12,"column":2},"end":{"line":12,"column":null}}},"fnMap":{},"branchMap":{},"s":{"0":2,"1":2,"2":2,"3":2,"4":2},"f":{},"b":{}}
,"C:\\Users\\danie\\Desktop\\backFlutter\\mercapleno-backend\\src\\auth\\dto\\verify-login-code.dto.ts": {"path":"C:\\Users\\danie\\Desktop\\backFlutter\\mercapleno-backend\\src\\auth\\dto\\verify-login-code.dto.ts","statementMap":{"0":{"start":{"line":1,"column":0},"end":{"line":1,"column":46}},"1":{"start":{"line":2,"column":0},"end":{"line":2,"column":55}},"2":{"start":{"line":4,"column":0},"end":{"line":4,"column":13}},"3":{"start":{"line":11,"column":2},"end":{"line":11,"column":null}},"4":{"start":{"line":19,"column":2},"end":{"line":19,"column":null}}},"fnMap":{},"branchMap":{},"s":{"0":2,"1":2,"2":2,"3":2,"4":2},"f":{},"b":{}}
,"C:\\Users\\danie\\Desktop\\backFlutter\\mercapleno-backend\\src\\auth\\guards\\jwt-auth.guard.ts": {"path":"C:\\Users\\danie\\Desktop\\backFlutter\\mercapleno-backend\\src\\auth\\guards\\jwt-auth.guard.ts","statementMap":{"0":{"start":{"line":1,"column":0},"end":{"line":1,"column":62}},"1":{"start":{"line":2,"column":0},"end":{"line":2,"column":41}},"2":{"start":{"line":3,"column":0},"end":{"line":3,"column":45}},"3":{"start":{"line":5,"column":0},"end":{"line":5,"column":63}},"4":{"start":{"line":8,"column":7},"end":{"line":25,"column":null}},"5":{"start":{"line":10,"column":4},"end":{"line":10,"column":12}},"6":{"start":{"line":9,"column":31},"end":{"line":9,"column":42}},"7":{"start":{"line":14,"column":21},"end":{"line":17,"column":6}},"8":{"start":{"line":19,"column":4},"end":{"line":21,"column":5}},"9":{"start":{"line":20,"column":6},"end":{"line":20,"column":18}},"10":{"start":{"line":23,"column":4},"end":{"line":23,"column":38}},"11":{"start":{"line":8,"column":13},"end":{"line":8,"column":25}},"12":{"start":{"line":8,"column":13},"end":{"line":25,"column":null}}},"fnMap":{"0":{"name":"(anonymous_2)","decl":{"start":{"line":9,"column":2},"end":{"line":9,"column":31}},"loc":{"start":{"line":9,"column":51},"end":{"line":11,"column":3}}},"1":{"name":"(anonymous_3)","decl":{"start":{"line":13,"column":2},"end":{"line":13,"column":13}},"loc":{"start":{"line":13,"column":39},"end":{"line":24,"column":3}}}},"branchMap":{"0":{"loc":{"start":{"line":19,"column":4},"end":{"line":21,"column":5}},"type":"if","locations":[{"start":{"line":19,"column":4},"end":{"line":21,"column":5}},{"start":{},"end":{}}]}},"s":{"0":3,"1":3,"2":3,"3":3,"4":3,"5":5,"6":5,"7":6,"8":6,"9":1,"10":5,"11":3,"12":3},"f":{"0":5,"1":6},"b":{"0":[1,5]}}
,"C:\\Users\\danie\\Desktop\\backFlutter\\mercapleno-backend\\src\\auth\\guards\\roles.guard.ts": {"path":"C:\\Users\\danie\\Desktop\\backFlutter\\mercapleno-backend\\src\\auth\\guards\\roles.guard.ts","statementMap":{"0":{"start":{"line":1,"column":0},"end":{"line":1,"column":null}},"1":{"start":{"line":9,"column":0},"end":{"line":9,"column":41}},"2":{"start":{"line":10,"column":0},"end":{"line":10,"column":58}},"3":{"start":{"line":15,"column":7},"end":{"line":40,"column":null}},"4":{"start":{"line":16,"column":33},"end":{"line":16,"column":44}},"5":{"start":{"line":19,"column":30},"end":{"line":22,"column":10}},"6":{"start":{"line":24,"column":8},"end":{"line":26,"column":5}},"7":{"start":{"line":25,"column":12},"end":{"line":25,"column":24}},"8":{"start":{"line":28,"column":20},"end":{"line":28,"column":55}},"9":{"start":{"line":29,"column":21},"end":{"line":29,"column":53}},"10":{"start":{"line":31,"column":8},"end":{"line":33,"column":9}},"11":{"start":{"line":32,"column":12},"end":{"line":32,"column":76}},"12":{"start":{"line":34,"column":8},"end":{"line":36,"column":9}},"13":{"start":{"line":35,"column":12},"end":{"line":35,"column":98}},"14":{"start":{"line":37,"column":8},"end":{"line":37,"column":20}},"15":{"start":{"line":15,"column":13},"end":{"line":15,"column":23}},"16":{"start":{"line":15,"column":13},"end":{"line":40,"column":null}}},"fnMap":{"0":{"name":"(anonymous_2)","decl":{"start":{"line":16,"column":4},"end":{"line":16,"column":33}},"loc":{"start":{"line":16,"column":53},"end":{"line":16,"column":57}}},"1":{"name":"(anonymous_3)","decl":{"start":{"line":18,"column":4},"end":{"line":18,"column":15}},"loc":{"start":{"line":18,"column":41},"end":{"line":38,"column":5}}}},"branchMap":{"0":{"loc":{"start":{"line":24,"column":8},"end":{"line":26,"column":5}},"type":"if","locations":[{"start":{"line":24,"column":8},"end":{"line":26,"column":5}},{"start":{},"end":{}}]},"1":{"loc":{"start":{"line":24,"column":12},"end":{"line":24,"column":56}},"type":"binary-expr","locations":[{"start":{"line":24,"column":12},"end":{"line":24,"column":26}},{"start":{"line":24,"column":30},"end":{"line":24,"column":56}}]},"2":{"loc":{"start":{"line":31,"column":8},"end":{"line":33,"column":9}},"type":"if","locations":[{"start":{"line":31,"column":8},"end":{"line":33,"column":9}},{"start":{},"end":{}}]},"3":{"loc":{"start":{"line":34,"column":8},"end":{"line":36,"column":9}},"type":"if","locations":[{"start":{"line":34,"column":8},"end":{"line":36,"column":9}},{"start":{},"end":{}}]}},"s":{"0":3,"1":3,"2":3,"3":3,"4":7,"5":7,"6":7,"7":1,"8":6,"9":6,"10":6,"11":1,"12":5,"13":2,"14":3,"15":3,"16":3},"f":{"0":7,"1":7},"b":{"0":[1,6],"1":[7,6],"2":[1,5],"3":[2,3]}}
,"C:\\Users\\danie\\Desktop\\backFlutter\\mercapleno-backend\\src\\auth\\strategies\\jwt.strategy.ts": {"path":"C:\\Users\\danie\\Desktop\\backFlutter\\mercapleno-backend\\src\\auth\\strategies\\jwt.strategy.ts","statementMap":{"0":{"start":{"line":1,"column":0},"end":{"line":1,"column":67}},"1":{"start":{"line":2,"column":0},"end":{"line":2,"column":52}},"2":{"start":{"line":3,"column":0},"end":{"line":3,"column":52}},"3":{"start":{"line":4,"column":0},"end":{"line":4,"column":36}},"4":{"start":{"line":15,"column":7},"end":{"line":41,"column":null}},"5":{"start":{"line":17,"column":4},"end":{"line":21,"column":7}},"6":{"start":{"line":25,"column":4},"end":{"line":33,"column":5}},"7":{"start":{"line":32,"column":6},"end":{"line":32,"column":56}},"8":{"start":{"line":35,"column":4},"end":{"line":39,"column":6}},"9":{"start":{"line":15,"column":13},"end":{"line":15,"column":24}},"10":{"start":{"line":15,"column":13},"end":{"line":41,"column":null}}},"fnMap":{"0":{"name":"(anonymous_2)","decl":{"start":{"line":16,"column":2},"end":{"line":16,"column":null}},"loc":{"start":{"line":16,"column":2},"end":{"line":22,"column":3}}},"1":{"name":"(anonymous_3)","decl":{"start":{"line":24,"column":2},"end":{"line":24,"column":10}},"loc":{"start":{"line":24,"column":30},"end":{"line":40,"column":3}}}},"branchMap":{"0":{"loc":{"start":{"line":25,"column":4},"end":{"line":33,"column":5}},"type":"if","locations":[{"start":{"line":25,"column":4},"end":{"line":33,"column":5}},{"start":{},"end":{}}]},"1":{"loc":{"start":{"line":26,"column":6},"end":{"line":30,"column":37}},"type":"binary-expr","locations":[{"start":{"line":26,"column":6},"end":{"line":26,"column":31}},{"start":{"line":27,"column":6},"end":{"line":27,"column":26}},{"start":{"line":28,"column":6},"end":{"line":28,"column":20}},{"start":{"line":29,"column":6},"end":{"line":29,"column":34}},{"start":{"line":30,"column":6},"end":{"line":30,"column":37}}]}},"s":{"0":2,"1":2,"2":2,"3":2,"4":2,"5":2,"6":3,"7":0,"8":3,"9":2,"10":2},"f":{"0":2,"1":3},"b":{"0":[0,3],"1":[3,3,3,3,3]}}
,"C:\\Users\\danie\\Desktop\\backFlutter\\mercapleno-backend\\src\\common\\database\\mysql.module.ts": {"path":"C:\\Users\\danie\\Desktop\\backFlutter\\mercapleno-backend\\src\\common\\database\\mysql.module.ts","statementMap":{"0":{"start":{"line":1,"column":0},"end":{"line":1,"column":48}},"1":{"start":{"line":2,"column":0},"end":{"line":2,"column":47}},"2":{"start":{"line":9,"column":7},"end":{"line":9,"column":null}},"3":{"start":{"line":9,"column":13},"end":{"line":9,"column":24}},"4":{"start":{"line":9,"column":13},"end":{"line":9,"column":null}}},"fnMap":{},"branchMap":{},"s":{"0":2,"1":2,"2":2,"3":2,"4":2},"f":{},"b":{}}
,"C:\\Users\\danie\\Desktop\\backFlutter\\mercapleno-backend\\src\\common\\database\\mysql.service.ts": {"path":"C:\\Users\\danie\\Desktop\\backFlutter\\mercapleno-backend\\src\\common\\database\\mysql.service.ts","statementMap":{"0":{"start":{"line":1,"column":0},"end":{"line":1,"column":61}},"1":{"start":{"line":2,"column":0},"end":{"line":2,"column":79}},"2":{"start":{"line":3,"column":0},"end":{"line":3,"column":36}},"3":{"start":{"line":6,"column":7},"end":{"line":35,"column":null}},"4":{"start":{"line":10,"column":4},"end":{"line":21,"column":7}},"5":{"start":{"line":25,"column":4},"end":{"line":25,"column":73}},"6":{"start":{"line":29,"column":4},"end":{"line":29,"column":37}},"7":{"start":{"line":33,"column":4},"end":{"line":33,"column":26}},"8":{"start":{"line":6,"column":13},"end":{"line":6,"column":25}},"9":{"start":{"line":6,"column":13},"end":{"line":35,"column":null}}},"fnMap":{"0":{"name":"(anonymous_2)","decl":{"start":{"line":9,"column":2},"end":{"line":9,"column":null}},"loc":{"start":{"line":9,"column":2},"end":{"line":22,"column":3}}},"1":{"name":"(anonymous_3)","decl":{"start":{"line":24,"column":2},"end":{"line":24,"column":7}},"loc":{"start":{"line":24,"column":54},"end":{"line":26,"column":3}}},"2":{"name":"(anonymous_4)","decl":{"start":{"line":28,"column":2},"end":{"line":28,"column":7}},"loc":{"start":{"line":28,"column":21},"end":{"line":30,"column":3}}},"3":{"name":"(anonymous_5)","decl":{"start":{"line":32,"column":2},"end":{"line":32,"column":7}},"loc":{"start":{"line":32,"column":23},"end":{"line":34,"column":3}}}},"branchMap":{"0":{"loc":{"start":{"line":24,"column":36},"end":{"line":24,"column":54}},"type":"default-arg","locations":[{"start":{"line":24,"column":52},"end":{"line":24,"column":54}}]}},"s":{"0":3,"1":3,"2":3,"3":3,"4":2,"5":0,"6":0,"7":2,"8":3,"9":3},"f":{"0":2,"1":0,"2":0,"3":2},"b":{"0":[0]}}
,"C:\\Users\\danie\\Desktop\\backFlutter\\mercapleno-backend\\src\\common\\logger\\logger.middleware.ts": {"path":"C:\\Users\\danie\\Desktop\\backFlutter\\mercapleno-backend\\src\\common\\logger\\logger.middleware.ts","statementMap":{"0":{"start":{"line":1,"column":0},"end":{"line":1,"column":60}},"1":{"start":{"line":3,"column":0},"end":{"line":3,"column":36}},"2":{"start":{"line":6,"column":7},"end":{"line":27,"column":null}},"3":{"start":{"line":8,"column":19},"end":{"line":8,"column":42}},"4":{"start":{"line":10,"column":4},"end":{"line":10,"column":58}},"5":{"start":{"line":11,"column":4},"end":{"line":11,"column":73}},"6":{"start":{"line":12,"column":4},"end":{"line":12,"column":57}},"7":{"start":{"line":14,"column":4},"end":{"line":17,"column":5}},"8":{"start":{"line":15,"column":6},"end":{"line":15,"column":67}},"9":{"start":{"line":16,"column":6},"end":{"line":16,"column":66}},"10":{"start":{"line":19,"column":4},"end":{"line":22,"column":5}},"11":{"start":{"line":20,"column":6},"end":{"line":20,"column":70}},"12":{"start":{"line":21,"column":6},"end":{"line":21,"column":69}},"13":{"start":{"line":24,"column":4},"end":{"line":24,"column":72}},"14":{"start":{"line":25,"column":4},"end":{"line":25,"column":11}},"15":{"start":{"line":6,"column":13},"end":{"line":6,"column":29}},"16":{"start":{"line":6,"column":13},"end":{"line":27,"column":null}}},"fnMap":{"0":{"name":"(anonymous_1)","decl":{"start":{"line":7,"column":2},"end":{"line":7,"column":5}},"loc":{"start":{"line":7,"column":53},"end":{"line":26,"column":3}}}},"branchMap":{"0":{"loc":{"start":{"line":14,"column":4},"end":{"line":17,"column":5}},"type":"if","locations":[{"start":{"line":14,"column":4},"end":{"line":17,"column":5}},{"start":{},"end":{}}]},"1":{"loc":{"start":{"line":19,"column":4},"end":{"line":22,"column":5}},"type":"if","locations":[{"start":{"line":19,"column":4},"end":{"line":22,"column":5}},{"start":{},"end":{}}]}},"s":{"0":3,"1":3,"2":3,"3":6,"4":6,"5":6,"6":6,"7":6,"8":2,"9":2,"10":4,"11":2,"12":2,"13":2,"14":2,"15":3,"16":3},"f":{"0":6},"b":{"0":[2,4],"1":[2,2]}}
,"C:\\Users\\danie\\Desktop\\backFlutter\\mercapleno-backend\\src\\common\\stock\\low-stock.util.ts": {"path":"C:\\Users\\danie\\Desktop\\backFlutter\\mercapleno-backend\\src\\common\\stock\\low-stock.util.ts","statementMap":{"0":{"start":{"line":1,"column":0},"end":{"line":1,"column":36}},"1":{"start":{"line":12,"column":35},"end":{"line":15,"column":2}},"2":{"start":{"line":12,"column":55},"end":{"line":15,"column":2}},"3":{"start":{"line":12,"column":13},"end":{"line":12,"column":35}},"4":{"start":{"line":17,"column":34},"end":{"line":35,"column":1}},"5":{"start":{"line":22,"column":2},"end":{"line":24,"column":3}},"6":{"start":{"line":23,"column":4},"end":{"line":23,"column":16}},"7":{"start":{"line":26,"column":16},"end":{"line":26,"column":101}},"8":{"start":{"line":28,"column":2},"end":{"line":34,"column":4}},"9":{"start":{"line":17,"column":13},"end":{"line":17,"column":34}}},"fnMap":{"0":{"name":"(anonymous_0)","decl":{"start":{"line":12,"column":35},"end":{"line":12,"column":36}},"loc":{"start":{"line":12,"column":55},"end":{"line":15,"column":2}}},"1":{"name":"(anonymous_1)","decl":{"start":{"line":17,"column":34},"end":{"line":17,"column":null}},"loc":{"start":{"line":21,"column":26},"end":{"line":35,"column":1}}}},"branchMap":{"0":{"loc":{"start":{"line":22,"column":2},"end":{"line":24,"column":3}},"type":"if","locations":[{"start":{"line":22,"column":2},"end":{"line":24,"column":3}},{"start":{},"end":{}}]},"1":{"loc":{"start":{"line":26,"column":16},"end":{"line":26,"column":101}},"type":"cond-expr","locations":[{"start":{"line":26,"column":38},"end":{"line":26,"column":72}},{"start":{"line":26,"column":75},"end":{"line":26,"column":101}}]}},"s":{"0":3,"1":3,"2":1,"3":3,"4":3,"5":3,"6":3,"7":0,"8":0,"9":3},"f":{"0":1,"1":3},"b":{"0":[3,0],"1":[0,0]}}
,"C:\\Users\\danie\\Desktop\\backFlutter\\mercapleno-backend\\src\\config\\envs.ts": {"path":"C:\\Users\\danie\\Desktop\\backFlutter\\mercapleno-backend\\src\\config\\envs.ts","statementMap":{"0":{"start":{"line":1,"column":0},"end":{"line":1,"column":23}},"1":{"start":{"line":2,"column":0},"end":{"line":2,"column":27}},"2":{"start":{"line":32,"column":15},"end":{"line":60,"column":16}},"3":{"start":{"line":62,"column":25},"end":{"line":62,"column":53}},"4":{"start":{"line":64,"column":0},"end":{"line":66,"column":1}},"5":{"start":{"line":65,"column":2},"end":{"line":65,"column":63}},"6":{"start":{"line":68,"column":16},"end":{"line":68,"column":32}},"7":{"start":{"line":70,"column":27},"end":{"line":73,"column":1}},"8":{"start":{"line":71,"column":21},"end":{"line":71,"column":54}},"9":{"start":{"line":72,"column":2},"end":{"line":72,"column":45}},"10":{"start":{"line":75,"column":25},"end":{"line":87,"column":1}},"11":{"start":{"line":76,"column":2},"end":{"line":78,"column":3}},"12":{"start":{"line":77,"column":4},"end":{"line":77,"column":39}},"13":{"start":{"line":80,"column":15},"end":{"line":80,"column":50}},"14":{"start":{"line":81,"column":19},"end":{"line":81,"column":91}},"15":{"start":{"line":82,"column":15},"end":{"line":82,"column":30}},"16":{"start":{"line":83,"column":15},"end":{"line":83,"column":30}},"17":{"start":{"line":84,"column":19},"end":{"line":84,"column":34}},"18":{"start":{"line":86,"column":2},"end":{"line":86,"column":66}},"19":{"start":{"line":89,"column":13},"end":{"line":115,"column":2}},"20":{"start":{"line":111,"column":62},"end":{"line":111,"column":75}}},"fnMap":{"0":{"name":"(anonymous_0)","decl":{"start":{"line":70,"column":27},"end":{"line":70,"column":28}},"loc":{"start":{"line":70,"column":66},"end":{"line":73,"column":1}}},"1":{"name":"(anonymous_1)","decl":{"start":{"line":75,"column":25},"end":{"line":75,"column":36}},"loc":{"start":{"line":75,"column":38},"end":{"line":87,"column":1}}},"2":{"name":"(anonymous_2)","decl":{"start":{"line":111,"column":52},"end":{"line":111,"column":58}},"loc":{"start":{"line":111,"column":62},"end":{"line":111,"column":75}}}},"branchMap":{"0":{"loc":{"start":{"line":64,"column":0},"end":{"line":66,"column":1}},"type":"if","locations":[{"start":{"line":64,"column":0},"end":{"line":66,"column":1}},{"start":{},"end":{}}]},"1":{"loc":{"start":{"line":72,"column":9},"end":{"line":72,"column":44}},"type":"cond-expr","locations":[{"start":{"line":72,"column":22},"end":{"line":72,"column":32}},{"start":{"line":72,"column":35},"end":{"line":72,"column":44}}]},"2":{"loc":{"start":{"line":76,"column":2},"end":{"line":78,"column":3}},"type":"if","locations":[{"start":{"line":76,"column":2},"end":{"line":78,"column":3}},{"start":{},"end":{}}]},"3":{"loc":{"start":{"line":76,"column":6},"end":{"line":76,"column":68}},"type":"binary-expr","locations":[{"start":{"line":76,"column":6},"end":{"line":76,"column":26}},{"start":{"line":76,"column":30},"end":{"line":76,"column":68}}]},"4":{"loc":{"start":{"line":81,"column":19},"end":{"line":81,"column":91}},"type":"cond-expr","locations":[{"start":{"line":81,"column":41},"end":{"line":81,"column":86}},{"start":{"line":81,"column":89},"end":{"line":81,"column":91}}]},"5":{"loc":{"start":{"line":91,"column":11},"end":{"line":91,"column":44}},"type":"binary-expr","locations":[{"start":{"line":91,"column":11},"end":{"line":91,"column":27}},{"start":{"line":91,"column":31},"end":{"line":91,"column":44}}]},"6":{"loc":{"start":{"line":101,"column":15},"end":{"line":101,"column":56}},"type":"binary-expr","locations":[{"start":{"line":101,"column":15},"end":{"line":101,"column":43}},{"start":{"line":101,"column":47},"end":{"line":101,"column":56}}]},"7":{"loc":{"start":{"line":102,"column":12},"end":{"line":102,"column":50}},"type":"binary-expr","locations":[{"start":{"line":102,"column":12},"end":{"line":102,"column":37}},{"start":{"line":102,"column":41},"end":{"line":102,"column":50}}]},"8":{"loc":{"start":{"line":107,"column":17},"end":{"line":107,"column":61}},"type":"binary-expr","locations":[{"start":{"line":107,"column":17},"end":{"line":107,"column":48}},{"start":{"line":107,"column":52},"end":{"line":107,"column":61}}]},"9":{"loc":{"start":{"line":111,"column":15},"end":{"line":111,"column":105}},"type":"binary-expr","locations":[{"start":{"line":111,"column":15},"end":{"line":111,"column":76}},{"start":{"line":111,"column":80},"end":{"line":111,"column":105}}]}},"s":{"0":6,"1":6,"2":6,"3":6,"4":6,"5":0,"6":6,"7":6,"8":12,"9":12,"10":6,"11":6,"12":6,"13":0,"14":0,"15":0,"16":0,"17":0,"18":0,"19":6,"20":6},"f":{"0":12,"1":6,"2":6},"b":{"0":[0,6],"1":[12,0],"2":[6,0],"3":[6,6],"4":[0,0],"5":[6,0],"6":[6,6],"7":[6,0],"8":[6,0],"9":[6,0]}}
,"C:\\Users\\danie\\Desktop\\backFlutter\\mercapleno-backend\\src\\config\\index.ts": {"path":"C:\\Users\\danie\\Desktop\\backFlutter\\mercapleno-backend\\src\\config\\index.ts","statementMap":{"0":{"start":{"line":1,"column":0},"end":{"line":1,"column":23}}},"fnMap":{},"branchMap":{},"s":{"0":6},"f":{},"b":{}}
,"C:\\Users\\danie\\Desktop\\backFlutter\\mercapleno-backend\\src\\email\\email.module.ts": {"path":"C:\\Users\\danie\\Desktop\\backFlutter\\mercapleno-backend\\src\\email\\email.module.ts","statementMap":{"0":{"start":{"line":1,"column":0},"end":{"line":1,"column":48}},"1":{"start":{"line":2,"column":0},"end":{"line":2,"column":47}},"2":{"start":{"line":9,"column":7},"end":{"line":9,"column":null}},"3":{"start":{"line":9,"column":13},"end":{"line":9,"column":24}},"4":{"start":{"line":9,"column":13},"end":{"line":9,"column":null}}},"fnMap":{},"branchMap":{},"s":{"0":2,"1":2,"2":2,"3":2,"4":2},"f":{},"b":{}}
,"C:\\Users\\danie\\Desktop\\backFlutter\\mercapleno-backend\\src\\email\\email.service.ts": {"path":"C:\\Users\\danie\\Desktop\\backFlutter\\mercapleno-backend\\src\\email\\email.service.ts","statementMap":{"0":{"start":{"line":1,"column":0},"end":{"line":1,"column":52}},"1":{"start":{"line":2,"column":0},"end":{"line":2,"column":41}},"2":{"start":{"line":4,"column":0},"end":{"line":4,"column":33}},"3":{"start":{"line":5,"column":0},"end":{"line":5,"column":57}},"4":{"start":{"line":8,"column":25},"end":{"line":219,"column":null}},"5":{"start":{"line":12,"column":31},"end":{"line":12,"column":39}},"6":{"start":{"line":9,"column":10},"end":{"line":9,"column":60}},"7":{"start":{"line":10,"column":19},"end":{"line":10,"column":58}},"8":{"start":{"line":15,"column":4},"end":{"line":17,"column":5}},"9":{"start":{"line":16,"column":6},"end":{"line":16,"column":30}},"10":{"start":{"line":19,"column":4},"end":{"line":21,"column":5}},"11":{"start":{"line":20,"column":6},"end":{"line":20,"column":73}},"12":{"start":{"line":23,"column":4},"end":{"line":25,"column":5}},"13":{"start":{"line":24,"column":6},"end":{"line":24,"column":77}},"14":{"start":{"line":27,"column":20},"end":{"line":43,"column":10}},"15":{"start":{"line":45,"column":4},"end":{"line":45,"column":59}},"16":{"start":{"line":46,"column":4},"end":{"line":46,"column":28}},"17":{"start":{"line":50,"column":17},"end":{"line":50,"column":52}},"18":{"start":{"line":51,"column":4},"end":{"line":53,"column":5}},"19":{"start":{"line":52,"column":6},"end":{"line":52,"column":68}},"20":{"start":{"line":55,"column":4},"end":{"line":55,"column":63}},"21":{"start":{"line":62,"column":4},"end":{"line":77,"column":5}},"22":{"start":{"line":63,"column":26},"end":{"line":63,"column":47}},"23":{"start":{"line":64,"column":19},"end":{"line":64,"column":58}},"24":{"start":{"line":65,"column":6},"end":{"line":65,"column":77}},"25":{"start":{"line":67,"column":6},"end":{"line":67,"column":103}},"26":{"start":{"line":69,"column":6},"end":{"line":75,"column":7}},"27":{"start":{"line":70,"column":8},"end":{"line":73,"column":10}},"28":{"start":{"line":74,"column":8},"end":{"line":74,"column":15}},"29":{"start":{"line":76,"column":6},"end":{"line":76,"column":18}},"30":{"start":{"line":81,"column":4},"end":{"line":96,"column":6}},"31":{"start":{"line":105,"column":25},"end":{"line":105,"column":69}},"32":{"start":{"line":106,"column":4},"end":{"line":122,"column":6}},"33":{"start":{"line":126,"column":4},"end":{"line":141,"column":6}},"34":{"start":{"line":145,"column":4},"end":{"line":147,"column":5}},"35":{"start":{"line":146,"column":6},"end":{"line":146,"column":13}},"36":{"start":{"line":149,"column":19},"end":{"line":152,"column":6}},"37":{"start":{"line":154,"column":28},"end":{"line":159,"column":null}},"38":{"start":{"line":157,"column":26},"end":{"line":157,"column":59}},"39":{"start":{"line":158,"column":46},"end":{"line":158,"column":60}},"40":{"start":{"line":162,"column":4},"end":{"line":165,"column":5}},"41":{"start":{"line":163,"column":6},"end":{"line":163,"column":97}},"42":{"start":{"line":164,"column":6},"end":{"line":164,"column":13}},"43":{"start":{"line":167,"column":22},"end":{"line":173,"column":6}},"44":{"start":{"line":175,"column":24},"end":{"line":175,"column":64}},"45":{"start":{"line":177,"column":6},"end":{"line":179,"column":63}},"46":{"start":{"line":181,"column":4},"end":{"line":217,"column":6}},"47":{"start":{"line":190,"column":42},"end":{"line":190,"column":74}},"48":{"start":{"line":203,"column":29},"end":{"line":209,"column":null}},"49":{"start":{"line":8,"column":13},"end":{"line":8,"column":25}},"50":{"start":{"line":8,"column":13},"end":{"line":219,"column":null}}},"fnMap":{"0":{"name":"(anonymous_2)","decl":{"start":{"line":12,"column":2},"end":{"line":12,"column":31}},"loc":{"start":{"line":12,"column":52},"end":{"line":12,"column":56}}},"1":{"name":"(anonymous_3)","decl":{"start":{"line":14,"column":10},"end":{"line":14,"column":24}},"loc":{"start":{"line":14,"column":24},"end":{"line":47,"column":3}}},"2":{"name":"(anonymous_4)","decl":{"start":{"line":49,"column":10},"end":{"line":49,"column":21}},"loc":{"start":{"line":49,"column":21},"end":{"line":56,"column":3}}},"3":{"name":"(anonymous_5)","decl":{"start":{"line":58,"column":10},"end":{"line":58,"column":15}},"loc":{"start":{"line":60,"column":29},"end":{"line":78,"column":3}}},"4":{"name":"(anonymous_6)","decl":{"start":{"line":80,"column":2},"end":{"line":80,"column":7}},"loc":{"start":{"line":80,"column":72},"end":{"line":97,"column":3}}},"5":{"name":"(anonymous_7)","decl":{"start":{"line":99,"column":2},"end":{"line":99,"column":7}},"loc":{"start":{"line":103,"column":21},"end":{"line":123,"column":3}}},"6":{"name":"(anonymous_8)","decl":{"start":{"line":125,"column":2},"end":{"line":125,"column":7}},"loc":{"start":{"line":125,"column":73},"end":{"line":142,"column":3}}},"7":{"name":"(anonymous_9)","decl":{"start":{"line":144,"column":2},"end":{"line":144,"column":7}},"loc":{"start":{"line":144,"column":73},"end":{"line":218,"column":3}}},"8":{"name":"(anonymous_10)","decl":{"start":{"line":157,"column":15},"end":{"line":157,"column":16}},"loc":{"start":{"line":157,"column":26},"end":{"line":157,"column":59}}},"9":{"name":"(anonymous_11)","decl":{"start":{"line":158,"column":18},"end":{"line":158,"column":19}},"loc":{"start":{"line":158,"column":46},"end":{"line":158,"column":60}}},"10":{"name":"(anonymous_12)","decl":{"start":{"line":190,"column":24},"end":{"line":190,"column":25}},"loc":{"start":{"line":190,"column":42},"end":{"line":190,"column":74}}},"11":{"name":"(anonymous_13)","decl":{"start":{"line":203,"column":18},"end":{"line":203,"column":19}},"loc":{"start":{"line":203,"column":29},"end":{"line":209,"column":null}}}},"branchMap":{"0":{"loc":{"start":{"line":15,"column":4},"end":{"line":17,"column":5}},"type":"if","locations":[{"start":{"line":15,"column":4},"end":{"line":17,"column":5}},{"start":{},"end":{}}]},"1":{"loc":{"start":{"line":19,"column":4},"end":{"line":21,"column":5}},"type":"if","locations":[{"start":{"line":19,"column":4},"end":{"line":21,"column":5}},{"start":{},"end":{}}]},"2":{"loc":{"start":{"line":19,"column":8},"end":{"line":19,"column":40}},"type":"binary-expr","locations":[{"start":{"line":19,"column":8},"end":{"line":19,"column":22}},{"start":{"line":19,"column":26},"end":{"line":19,"column":40}}]},"3":{"loc":{"start":{"line":23,"column":4},"end":{"line":25,"column":5}},"type":"if","locations":[{"start":{"line":23,"column":4},"end":{"line":25,"column":5}},{"start":{},"end":{}}]},"4":{"loc":{"start":{"line":23,"column":8},"end":{"line":23,"column":43}},"type":"binary-expr","locations":[{"start":{"line":23,"column":8},"end":{"line":23,"column":25}},{"start":{"line":23,"column":29},"end":{"line":23,"column":43}}]},"5":{"loc":{"start":{"line":27,"column":20},"end":{"line":43,"column":10}},"type":"cond-expr","locations":[{"start":{"line":28,"column":8},"end":{"line":34,"column":null}},{"start":{"line":35,"column":8},"end":{"line":43,"column":10}}]},"6":{"loc":{"start":{"line":50,"column":17},"end":{"line":50,"column":52}},"type":"binary-expr","locations":[{"start":{"line":50,"column":17},"end":{"line":50,"column":35}},{"start":{"line":50,"column":39},"end":{"line":50,"column":52}}]},"7":{"loc":{"start":{"line":51,"column":4},"end":{"line":53,"column":5}},"type":"if","locations":[{"start":{"line":51,"column":4},"end":{"line":53,"column":5}},{"start":{},"end":{}}]},"8":{"loc":{"start":{"line":55,"column":11},"end":{"line":55,"column":62}},"type":"cond-expr","locations":[{"start":{"line":55,"column":26},"end":{"line":55,"column":55}},{"start":{"line":55,"column":58},"end":{"line":55,"column":62}}]},"9":{"loc":{"start":{"line":69,"column":6},"end":{"line":75,"column":7}},"type":"if","locations":[{"start":{"line":69,"column":6},"end":{"line":75,"column":7}},{"start":{},"end":{}}]},"10":{"loc":{"start":{"line":105,"column":25},"end":{"line":105,"column":69}},"type":"binary-expr","locations":[{"start":{"line":105,"column":25},"end":{"line":105,"column":41}},{"start":{"line":105,"column":45},"end":{"line":105,"column":69}}]},"11":{"loc":{"start":{"line":145,"column":4},"end":{"line":147,"column":5}},"type":"if","locations":[{"start":{"line":145,"column":4},"end":{"line":147,"column":5}},{"start":{},"end":{}}]},"12":{"loc":{"start":{"line":162,"column":4},"end":{"line":165,"column":5}},"type":"if","locations":[{"start":{"line":162,"column":4},"end":{"line":165,"column":5}},{"start":{},"end":{}}]},"13":{"loc":{"start":{"line":175,"column":24},"end":{"line":175,"column":64}},"type":"binary-expr","locations":[{"start":{"line":175,"column":24},"end":{"line":175,"column":37}},{"start":{"line":175,"column":41},"end":{"line":175,"column":64}}]},"14":{"loc":{"start":{"line":177,"column":6},"end":{"line":179,"column":63}},"type":"cond-expr","locations":[{"start":{"line":178,"column":10},"end":{"line":178,"column":27}},{"start":{"line":179,"column":10},"end":{"line":179,"column":63}}]},"15":{"loc":{"start":{"line":205,"column":32},"end":{"line":205,"column":93}},"type":"binary-expr","locations":[{"start":{"line":205,"column":32},"end":{"line":205,"column":57}},{"start":{"line":205,"column":61},"end":{"line":205,"column":93}}]}},"s":{"0":4,"1":4,"2":4,"3":4,"4":4,"5":10,"6":10,"7":10,"8":6,"9":0,"10":6,"11":0,"12":6,"13":0,"14":6,"15":6,"16":6,"17":6,"18":6,"19":0,"20":6,"21":6,"22":6,"23":6,"24":5,"25":1,"26":1,"27":1,"28":1,"29":0,"30":3,"31":1,"32":1,"33":1,"34":2,"35":1,"36":1,"37":1,"38":2,"39":2,"40":1,"41":0,"42":0,"43":1,"44":1,"45":1,"46":1,"47":1,"48":1,"49":4,"50":4},"f":{"0":10,"1":6,"2":6,"3":6,"4":3,"5":1,"6":1,"7":2,"8":2,"9":2,"10":1,"11":1},"b":{"0":[0,6],"1":[0,6],"2":[6,6],"3":[0,6],"4":[6,6],"5":[0,6],"6":[6,0],"7":[0,6],"8":[6,0],"9":[1,0],"10":[1,0],"11":[1,1],"12":[0,1],"13":[1,0],"14":[1,0],"15":[1,0]}}
,"C:\\Users\\danie\\Desktop\\backFlutter\\mercapleno-backend\\src\\inventory\\inventory.controller.ts": {"path":"C:\\Users\\danie\\Desktop\\backFlutter\\mercapleno-backend\\src\\inventory\\inventory.controller.ts","statementMap":{"0":{"start":{"line":1,"column":0},"end":{"line":1,"column":68}},"1":{"start":{"line":2,"column":0},"end":{"line":2,"column":71}},"2":{"start":{"line":3,"column":0},"end":{"line":3,"column":72}},"3":{"start":{"line":4,"column":0},"end":{"line":4,"column":59}},"4":{"start":{"line":6,"column":0},"end":{"line":6,"column":77}},"5":{"start":{"line":7,"column":0},"end":{"line":7,"column":66}},"6":{"start":{"line":8,"column":0},"end":{"line":8,"column":55}},"7":{"start":{"line":14,"column":7},"end":{"line":34,"column":null}},"8":{"start":{"line":15,"column":31},"end":{"line":15,"column":49}},"9":{"start":{"line":20,"column":4},"end":{"line":20,"column":56}},"10":{"start":{"line":26,"column":4},"end":{"line":26,"column":78}},"11":{"start":{"line":32,"column":4},"end":{"line":32,"column":65}},"12":{"start":{"line":14,"column":13},"end":{"line":14,"column":32}},"13":{"start":{"line":19,"column":2},"end":{"line":21,"column":null}},"14":{"start":{"line":25,"column":2},"end":{"line":27,"column":null}},"15":{"start":{"line":31,"column":2},"end":{"line":33,"column":null}},"16":{"start":{"line":14,"column":13},"end":{"line":34,"column":null}}},"fnMap":{"0":{"name":"(anonymous_4)","decl":{"start":{"line":15,"column":2},"end":{"line":15,"column":31}},"loc":{"start":{"line":15,"column":65},"end":{"line":15,"column":69}}},"1":{"name":"(anonymous_5)","decl":{"start":{"line":19,"column":2},"end":{"line":19,"column":22}},"loc":{"start":{"line":19,"column":22},"end":{"line":21,"column":3}}},"2":{"name":"(anonymous_6)","decl":{"start":{"line":25,"column":2},"end":{"line":25,"column":23}},"loc":{"start":{"line":25,"column":64},"end":{"line":27,"column":3}}},"3":{"name":"(anonymous_7)","decl":{"start":{"line":31,"column":2},"end":{"line":31,"column":18}},"loc":{"start":{"line":31,"column":83},"end":{"line":33,"column":3}}}},"branchMap":{},"s":{"0":2,"1":2,"2":2,"3":2,"4":2,"5":2,"6":2,"7":2,"8":2,"9":0,"10":0,"11":1,"12":2,"13":2,"14":2,"15":2,"16":2},"f":{"0":2,"1":0,"2":0,"3":1},"b":{}}
,"C:\\Users\\danie\\Desktop\\backFlutter\\mercapleno-backend\\src\\inventory\\inventory.module.ts": {"path":"C:\\Users\\danie\\Desktop\\backFlutter\\mercapleno-backend\\src\\inventory\\inventory.module.ts","statementMap":{"0":{"start":{"line":1,"column":0},"end":{"line":1,"column":40}},"1":{"start":{"line":2,"column":0},"end":{"line":2,"column":61}},"2":{"start":{"line":3,"column":0},"end":{"line":3,"column":55}},"3":{"start":{"line":9,"column":7},"end":{"line":9,"column":null}},"4":{"start":{"line":9,"column":13},"end":{"line":9,"column":28}},"5":{"start":{"line":9,"column":13},"end":{"line":9,"column":null}}},"fnMap":{},"branchMap":{},"s":{"0":2,"1":2,"2":2,"3":2,"4":2,"5":2},"f":{},"b":{}}
,"C:\\Users\\danie\\Desktop\\backFlutter\\mercapleno-backend\\src\\inventory\\inventory.service.ts": {"path":"C:\\Users\\danie\\Desktop\\backFlutter\\mercapleno-backend\\src\\inventory\\inventory.service.ts","statementMap":{"0":{"start":{"line":1,"column":0},"end":{"line":1,"column":103}},"1":{"start":{"line":3,"column":0},"end":{"line":3,"column":64}},"2":{"start":{"line":4,"column":0},"end":{"line":4,"column":104}},"3":{"start":{"line":5,"column":0},"end":{"line":5,"column":54}},"4":{"start":{"line":21,"column":29},"end":{"line":309,"column":null}},"5":{"start":{"line":25,"column":21},"end":{"line":25,"column":25}},"6":{"start":{"line":26,"column":21},"end":{"line":26,"column":35}},"7":{"start":{"line":22,"column":19},"end":{"line":22,"column":62}},"8":{"start":{"line":30,"column":16},"end":{"line":38,"column":6}},"9":{"start":{"line":40,"column":19},"end":{"line":40,"column":50}},"10":{"start":{"line":41,"column":4},"end":{"line":51,"column":7}},"11":{"start":{"line":42,"column":20},"end":{"line":42,"column":42}},"12":{"start":{"line":43,"column":21},"end":{"line":43,"column":44}},"13":{"start":{"line":45,"column":6},"end":{"line":50,"column":8}},"14":{"start":{"line":55,"column":4},"end":{"line":55,"column":65}},"15":{"start":{"line":59,"column":22},"end":{"line":59,"column":63}},"16":{"start":{"line":60,"column":23},"end":{"line":60,"column":75}},"17":{"start":{"line":61,"column":33},"end":{"line":61,"column":84}},"18":{"start":{"line":63,"column":44},"end":{"line":63,"column":48}},"19":{"start":{"line":64,"column":46},"end":{"line":64,"column":50}},"20":{"start":{"line":66,"column":4},"end":{"line":177,"column":5}},"21":{"start":{"line":67,"column":6},"end":{"line":69,"column":7}},"22":{"start":{"line":68,"column":8},"end":{"line":68,"column":103}},"23":{"start":{"line":71,"column":6},"end":{"line":71,"column":49}},"24":{"start":{"line":72,"column":6},"end":{"line":72,"column":42}},"25":{"start":{"line":73,"column":6},"end":{"line":73,"column":102}},"26":{"start":{"line":76,"column":36},"end":{"line":76,"column":166}},"27":{"start":{"line":77,"column":33},"end":{"line":82,"column":null}},"28":{"start":{"line":84,"column":36},"end":{"line":84,"column":69}},"29":{"start":{"line":86,"column":6},"end":{"line":140,"column":7}},"30":{"start":{"line":88,"column":8},"end":{"line":95,"column":10}},"31":{"start":{"line":98,"column":31},"end":{"line":100,"column":null}},"32":{"start":{"line":103,"column":8},"end":{"line":108,"column":9}},"33":{"start":{"line":104,"column":10},"end":{"line":107,"column":12}},"34":{"start":{"line":110,"column":29},"end":{"line":112,"column":null}},"35":{"start":{"line":115,"column":8},"end":{"line":117,"column":9}},"36":{"start":{"line":116,"column":10},"end":{"line":116,"column":95}},"37":{"start":{"line":120,"column":8},"end":{"line":127,"column":10}},"38":{"start":{"line":130,"column":31},"end":{"line":132,"column":null}},"39":{"start":{"line":135,"column":8},"end":{"line":139,"column":9}},"40":{"start":{"line":136,"column":10},"end":{"line":138,"column":13}},"41":{"start":{"line":142,"column":28},"end":{"line":142,"column":84}},"42":{"start":{"line":143,"column":6},"end":{"line":145,"column":7}},"43":{"start":{"line":144,"column":8},"end":{"line":144,"column":104}},"44":{"start":{"line":147,"column":6},"end":{"line":147,"column":32}},"45":{"start":{"line":149,"column":6},"end":{"line":154,"column":7}},"46":{"start":{"line":150,"column":8},"end":{"line":152,"column":10}},"47":{"start":{"line":153,"column":8},"end":{"line":153,"column":97}},"48":{"start":{"line":156,"column":6},"end":{"line":159,"column":8}},"49":{"start":{"line":161,"column":6},"end":{"line":161,"column":71}},"50":{"start":{"line":163,"column":6},"end":{"line":165,"column":7}},"51":{"start":{"line":164,"column":8},"end":{"line":164,"column":20}},"52":{"start":{"line":167,"column":6},"end":{"line":170,"column":8}},"53":{"start":{"line":172,"column":6},"end":{"line":172,"column":94}},"54":{"start":{"line":174,"column":6},"end":{"line":176,"column":7}},"55":{"start":{"line":175,"column":8},"end":{"line":175,"column":29}},"56":{"start":{"line":181,"column":19},"end":{"line":189,"column":null}},"57":{"start":{"line":192,"column":16},"end":{"line":192,"column":23}},"58":{"start":{"line":193,"column":4},"end":{"line":195,"column":5}},"59":{"start":{"line":194,"column":6},"end":{"line":194,"column":18}},"60":{"start":{"line":197,"column":4},"end":{"line":201,"column":6}},"61":{"start":{"line":205,"column":27},"end":{"line":205,"column":69}},"62":{"start":{"line":206,"column":19},"end":{"line":229,"column":null}},"63":{"start":{"line":232,"column":4},"end":{"line":236,"column":8}},"64":{"start":{"line":232,"column":60},"end":{"line":236,"column":6}},"65":{"start":{"line":246,"column":4},"end":{"line":246,"column":11}},"66":{"start":{"line":250,"column":4},"end":{"line":252,"column":5}},"67":{"start":{"line":251,"column":6},"end":{"line":251,"column":23}},"68":{"start":{"line":254,"column":23},"end":{"line":254,"column":49}},"69":{"start":{"line":255,"column":4},"end":{"line":257,"column":5}},"70":{"start":{"line":256,"column":6},"end":{"line":256,"column":24}},"71":{"start":{"line":259,"column":4},"end":{"line":259,"column":21}},"72":{"start":{"line":263,"column":4},"end":{"line":265,"column":5}},"73":{"start":{"line":264,"column":6},"end":{"line":264,"column":16}},"74":{"start":{"line":267,"column":4},"end":{"line":267,"column":38}},"75":{"start":{"line":271,"column":4},"end":{"line":273,"column":5}},"76":{"start":{"line":272,"column":6},"end":{"line":272,"column":13}},"77":{"start":{"line":275,"column":4},"end":{"line":283,"column":5}},"78":{"start":{"line":276,"column":6},"end":{"line":276,"column":34}},"79":{"start":{"line":278,"column":6},"end":{"line":282,"column":8}},"80":{"start":{"line":287,"column":4},"end":{"line":289,"column":5}},"81":{"start":{"line":288,"column":6},"end":{"line":288,"column":27}},"82":{"start":{"line":291,"column":4},"end":{"line":293,"column":5}},"83":{"start":{"line":292,"column":6},"end":{"line":292,"column":19}},"84":{"start":{"line":295,"column":4},"end":{"line":299,"column":5}},"85":{"start":{"line":296,"column":6},"end":{"line":296,"column":35}},"86":{"start":{"line":298,"column":6},"end":{"line":298,"column":33}},"87":{"start":{"line":303,"column":4},"end":{"line":307,"column":5}},"88":{"start":{"line":304,"column":6},"end":{"line":304,"column":72}},"89":{"start":{"line":306,"column":6},"end":{"line":306,"column":95}},"90":{"start":{"line":21,"column":13},"end":{"line":21,"column":29}},"91":{"start":{"line":21,"column":13},"end":{"line":309,"column":null}}},"fnMap":{"0":{"name":"(anonymous_2)","decl":{"start":{"line":24,"column":2},"end":{"line":24,"column":null}},"loc":{"start":{"line":26,"column":47},"end":{"line":27,"column":6}}},"1":{"name":"(anonymous_3)","decl":{"start":{"line":29,"column":2},"end":{"line":29,"column":7}},"loc":{"start":{"line":29,"column":28},"end":{"line":52,"column":3}}},"2":{"name":"(anonymous_4)","decl":{"start":{"line":41,"column":20},"end":{"line":41,"column":21}},"loc":{"start":{"line":41,"column":33},"end":{"line":51,"column":5}}},"3":{"name":"(anonymous_5)","decl":{"start":{"line":54,"column":2},"end":{"line":54,"column":7}},"loc":{"start":{"line":54,"column":59},"end":{"line":56,"column":3}}},"4":{"name":"(anonymous_6)","decl":{"start":{"line":58,"column":2},"end":{"line":58,"column":7}},"loc":{"start":{"line":58,"column":66},"end":{"line":178,"column":3}}},"5":{"name":"(anonymous_7)","decl":{"start":{"line":180,"column":10},"end":{"line":180,"column":15}},"loc":{"start":{"line":180,"column":78},"end":{"line":202,"column":3}}},"6":{"name":"(anonymous_8)","decl":{"start":{"line":204,"column":10},"end":{"line":204,"column":15}},"loc":{"start":{"line":204,"column":97},"end":{"line":237,"column":3}}},"7":{"name":"(anonymous_9)","decl":{"start":{"line":232,"column":20},"end":{"line":232,"column":21}},"loc":{"start":{"line":232,"column":60},"end":{"line":236,"column":6}}},"8":{"name":"(anonymous_10)","decl":{"start":{"line":239,"column":10},"end":{"line":239,"column":15}},"loc":{"start":{"line":242,"column":22},"end":{"line":247,"column":3}}},"9":{"name":"(anonymous_11)","decl":{"start":{"line":249,"column":10},"end":{"line":249,"column":31}},"loc":{"start":{"line":249,"column":46},"end":{"line":260,"column":3}}},"10":{"name":"(anonymous_12)","decl":{"start":{"line":262,"column":10},"end":{"line":262,"column":38}},"loc":{"start":{"line":262,"column":53},"end":{"line":268,"column":3}}},"11":{"name":"(anonymous_13)","decl":{"start":{"line":270,"column":10},"end":{"line":270,"column":15}},"loc":{"start":{"line":270,"column":105},"end":{"line":284,"column":3}}},"12":{"name":"(anonymous_14)","decl":{"start":{"line":286,"column":10},"end":{"line":286,"column":23}},"loc":{"start":{"line":286,"column":38},"end":{"line":300,"column":3}}},"13":{"name":"(anonymous_15)","decl":{"start":{"line":302,"column":10},"end":{"line":302,"column":15}},"loc":{"start":{"line":302,"column":76},"end":{"line":308,"column":3}}}},"branchMap":{"0":{"loc":{"start":{"line":42,"column":27},"end":{"line":42,"column":41}},"type":"binary-expr","locations":[{"start":{"line":42,"column":27},"end":{"line":42,"column":36}},{"start":{"line":42,"column":40},"end":{"line":42,"column":41}}]},"1":{"loc":{"start":{"line":43,"column":28},"end":{"line":43,"column":43}},"type":"binary-expr","locations":[{"start":{"line":43,"column":28},"end":{"line":43,"column":38}},{"start":{"line":43,"column":42},"end":{"line":43,"column":43}}]},"2":{"loc":{"start":{"line":47,"column":16},"end":{"line":47,"column":52}},"type":"cond-expr","locations":[{"start":{"line":47,"column":42},"end":{"line":47,"column":48}},{"start":{"line":47,"column":51},"end":{"line":47,"column":52}}]},"3":{"loc":{"start":{"line":59,"column":22},"end":{"line":59,"column":63}},"type":"cond-expr","locations":[{"start":{"line":59,"column":58},"end":{"line":59,"column":59}},{"start":{"line":59,"column":62},"end":{"line":59,"column":63}}]},"4":{"loc":{"start":{"line":60,"column":23},"end":{"line":60,"column":75}},"type":"cond-expr","locations":[{"start":{"line":60,"column":57},"end":{"line":60,"column":71}},{"start":{"line":60,"column":74},"end":{"line":60,"column":75}}]},"5":{"loc":{"start":{"line":67,"column":6},"end":{"line":69,"column":7}},"type":"if","locations":[{"start":{"line":67,"column":6},"end":{"line":69,"column":7}},{"start":{},"end":{}}]},"6":{"loc":{"start":{"line":76,"column":36},"end":{"line":76,"column":166}},"type":"binary-expr","locations":[{"start":{"line":76,"column":36},"end":{"line":76,"column":50}},{"start":{"line":76,"column":55},"end":{"line":76,"column":165}}]},"7":{"loc":{"start":{"line":76,"column":55},"end":{"line":76,"column":165}},"type":"cond-expr","locations":[{"start":{"line":76,"column":91},"end":{"line":76,"column":127}},{"start":{"line":76,"column":130},"end":{"line":76,"column":165}}]},"8":{"loc":{"start":{"line":86,"column":6},"end":{"line":140,"column":7}},"type":"if","locations":[{"start":{"line":86,"column":6},"end":{"line":140,"column":7}},{"start":{"line":109,"column":13},"end":{"line":140,"column":7}}]},"9":{"loc":{"start":{"line":94,"column":42},"end":{"line":94,"column":64}},"type":"binary-expr","locations":[{"start":{"line":94,"column":42},"end":{"line":94,"column":56}},{"start":{"line":94,"column":60},"end":{"line":94,"column":64}}]},"10":{"loc":{"start":{"line":103,"column":8},"end":{"line":108,"column":9}},"type":"if","locations":[{"start":{"line":103,"column":8},"end":{"line":108,"column":9}},{"start":{},"end":{}}]},"11":{"loc":{"start":{"line":115,"column":8},"end":{"line":117,"column":9}},"type":"if","locations":[{"start":{"line":115,"column":8},"end":{"line":117,"column":9}},{"start":{},"end":{}}]},"12":{"loc":{"start":{"line":115,"column":12},"end":{"line":115,"column":54}},"type":"binary-expr","locations":[{"start":{"line":115,"column":12},"end":{"line":115,"column":21}},{"start":{"line":115,"column":25},"end":{"line":115,"column":54}}]},"13":{"loc":{"start":{"line":135,"column":8},"end":{"line":139,"column":9}},"type":"if","locations":[{"start":{"line":135,"column":8},"end":{"line":139,"column":9}},{"start":{},"end":{}}]},"14":{"loc":{"start":{"line":143,"column":6},"end":{"line":145,"column":7}},"type":"if","locations":[{"start":{"line":143,"column":6},"end":{"line":145,"column":7}},{"start":{},"end":{}}]},"15":{"loc":{"start":{"line":149,"column":6},"end":{"line":154,"column":7}},"type":"if","locations":[{"start":{"line":149,"column":6},"end":{"line":154,"column":7}},{"start":{},"end":{}}]},"16":{"loc":{"start":{"line":158,"column":12},"end":{"line":158,"column":59}},"type":"cond-expr","locations":[{"start":{"line":158,"column":28},"end":{"line":158,"column":54}},{"start":{"line":158,"column":57},"end":{"line":158,"column":59}}]},"17":{"loc":{"start":{"line":163,"column":6},"end":{"line":165,"column":7}},"type":"if","locations":[{"start":{"line":163,"column":6},"end":{"line":165,"column":7}},{"start":{},"end":{}}]},"18":{"loc":{"start":
[...]
end":{"line":253,"column":51}}]},"24":{"loc":{"start":{"line":258,"column":6},"end":{"line":260,"column":7}},"type":"if","locations":[{"start":{"line":258,"column":6},"end":{"line":260,"column":7}},{"start":{},"end":{}}]},"25":{"loc":{"start":{"line":258,"column":10},"end":{"line":258,"column":84}},"type":"binary-expr","locations":[{"start":{"line":258,"column":10},"end":{"line":258,"column":46}},{"start":{"line":258,"column":50},"end":{"line":258,"column":84}}]},"26":{"loc":{"start":{"line":264,"column":8},"end":{"line":264,"column":56}},"type":"cond-expr","locations":[{"start":{"line":264,"column":33},"end":{"line":264,"column":44}},{"start":{"line":264,"column":47},"end":{"line":264,"column":56}}]},"27":{"loc":{"start":{"line":272,"column":6},"end":{"line":274,"column":7}},"type":"if","locations":[{"start":{"line":272,"column":6},"end":{"line":274,"column":7}},{"start":{},"end":{}}]},"28":{"loc":{"start":{"line":279,"column":4},"end":{"line":281,"column":5}},"type":"if","locations":[{"start":{"line":279,"column":4},"end":{"line":281,"column":5}},{"start":{},"end":{}}]},"29":{"loc":{"start":{"line":295,"column":4},"end":{"line":297,"column":5}},"type":"if","locations":[{"start":{"line":295,"column":4},"end":{"line":297,"column":5}},{"start":{},"end":{}}]},"30":{"loc":{"start":{"line":299,"column":4},"end":{"line":301,"column":5}},"type":"if","locations":[{"start":{"line":299,"column":4},"end":{"line":301,"column":5}},{"start":{},"end":{}}]}},"s":{"0":2,"1":2,"2":2,"3":2,"4":2,"5":2,"6":2,"7":2,"8":2,"9":2,"10":0,"11":0,"12":0,"13":0,"14":0,"15":0,"16":0,"17":0,"18":0,"19":0,"20":0,"21":0,"22":0,"23":0,"24":0,"25":0,"26":0,"27":0,"28":0,"29":0,"30":0,"31":0,"32":0,"33":0,"34":0,"35":0,"36":0,"37":0,"38":0,"39":0,"40":0,"41":0,"42":0,"43":0,"44":0,"45":0,"46":0,"47":0,"48":0,"49":0,"50":0,"51":0,"52":0,"53":0,"54":0,"55":0,"56":0,"57":0,"58":0,"59":0,"60":0,"61":0,"62":0,"63":0,"64":0,"65":0,"66":0,"67":0,"68":0,"69":0,"70":0,"71":0,"72":0,"73":0,"74":0,"75":0,"76":0,"77":0,"78":0,"79":0,"80":0,"81":0,"82":0,"83":0,"84":0,"85":0,"86":0,"87":0,"88":0,"89":0,"90":0,"91":0,"92":0,"93":0,"94":0,"95":0,"96":0,"97":0,"98":0,"99":0,"100":0,"101":0,"102":0,"103":0,"104":0,"105":0,"106":2,"107":2},"f":{"0":2,"1":0,"2":0,"3":0,"4":0,"5":0,"6":0,"7":0,"8":0,"9":0},"b":{"0":[0,0],"1":[0,0,0],"2":[0,0],"3":[0,0],"4":[0,0],"5":[0,0],"6":[0,0],"7":[0,0],"8":[0,0],"9":[0,0],"10":[0,0],"11":[0,0],"12":[0,0],"13":[0,0],"14":[0,0],"15":[0,0],"16":[0,0],"17":[0,0],"18":[0,0],"19":[0,0],"20":[0,0],"21":[0,0],"22":[0,0],"23":[0,0],"24":[0,0],"25":[0,0],"26":[0,0],"27":[0,0],"28":[0,0],"29":[0,0],"30":[0,0]}}
,"C:\\Users\\danie\\Desktop\\backFlutter\\mercapleno-backend\\src\\sales\\dto\\create-order.dto.ts": {"path":"C:\\Users\\danie\\Desktop\\backFlutter\\mercapleno-backend\\src\\sales\\dto\\create-order.dto.ts","statementMap":{"0":{"start":{"line":1,"column":0},"end":{"line":1,"column":67}},"1":{"start":{"line":2,"column":0},"end":{"line":2,"column":41}},"2":{"start":{"line":3,"column":0},"end":{"line":3,"column":104}},"3":{"start":{"line":4,"column":0},"end":{"line":4,"column":48}},"4":{"start":{"line":6,"column":0},"end":{"line":6,"column":13}},"5":{"start":{"line":12,"column":2},"end":{"line":12,"column":null}},"6":{"start":{"line":11,"column":14},"end":{"line":11,"column":26}},"7":{"start":{"line":16,"column":2},"end":{"line":16,"column":null}},"8":{"start":{"line":21,"column":2},"end":{"line":21,"column":null}},"9":{"start":{"line":26,"column":2},"end":{"line":26,"column":null}}},"fnMap":{"0":{"name":"(anonymous_2)","decl":{"start":{"line":11,"column":8},"end":{"line":11,"column":11}},"loc":{"start":{"line":11,"column":14},"end":{"line":11,"column":26}}}},"branchMap":{},"s":{"0":2,"1":2,"2":2,"3":2,"4":2,"5":2,"6":0,"7":2,"8":2,"9":2},"f":{"0":0},"b":{}}
,"C:\\Users\\danie\\Desktop\\backFlutter\\mercapleno-backend\\src\\sales\\dto\\order-item.dto.ts": {"path":"C:\\Users\\danie\\Desktop\\backFlutter\\mercapleno-backend\\src\\sales\\dto\\order-item.dto.ts","statementMap":{"0":{"start":{"line":1,"column":0},"end":{"line":1,"column":46}},"1":{"start":{"line":2,"column":0},"end":{"line":2,"column":55}},"2":{"start":{"line":4,"column":0},"end":{"line":4,"column":13}},"3":{"start":{"line":7,"column":2},"end":{"line":7,"column":null}},"4":{"start":{"line":12,"column":2},"end":{"line":12,"column":null}}},"fnMap":{},"branchMap":{},"s":{"0":2,"1":2,"2":2,"3":2,"4":2},"f":{},"b":{}}
,"C:\\Users\\danie\\Desktop\\backFlutter\\mercapleno-backend\\src\\users-admin\\users-admin.controller.ts": {"path":"C:\\Users\\danie\\Desktop\\backFlutter\\mercapleno-backend\\src\\users-admin\\users-admin.controller.ts","statementMap":{"0":{"start":{"line":1,"column":0},"end":{"line":1,"column":88}},"1":{"start":{"line":2,"column":0},"end":{"line":2,"column":84}},"2":{"start":{"line":3,"column":0},"end":{"line":3,"column":65}},"3":{"start":{"line":4,"column":0},"end":{"line":4,"column":65}},"4":{"start":{"line":5,"column":0},"end":{"line":5,"column":58}},"5":{"start":{"line":6,"column":0},"end":{"line":6,"column":59}},"6":{"start":{"line":13,"column":7},"end":{"line":45,"column":null}},"7":{"start":{"line":14,"column":31},"end":{"line":14,"column":50}},"8":{"start":{"line":19,"column":4},"end":{"line":19,"column":44}},"9":{"start":{"line":25,"column":4},"end":{"line":25,"column":46}},"10":{"start":{"line":31,"column":4},"end":{"line":31,"column":50}},"11":{"start":{"line":37,"column":4},"end":{"line":37,"column":50}},"12":{"start":{"line":43,"column":4},"end":{"line":43,"column":45}},"13":{"start":{"line":13,"column":13},"end":{"line":13,"column":33}},"14":{"start":{"line":18,"column":2},"end":{"line":20,"column":null}},"15":{"start":{"line":24,"column":2},"end":{"line":26,"column":null}},"16":{"start":{"line":30,"column":2},"end":{"line":32,"column":null}},"17":{"start":{"line":36,"column":2},"end":{"line":38,"column":null}},"18":{"start":{"line":42,"column":2},"end":{"line":44,"column":null}},"19":{"start":{"line":13,"column":13},"end":{"line":45,"column":null}}},"fnMap":{"0":{"name":"(anonymous_4)","decl":{"start":{"line":14,"column":2},"end":{"line":14,"column":31}},"loc":{"start":{"line":14,"column":67},"end":{"line":14,"column":71}}},"1":{"name":"(anonymous_5)","decl":{"start":{"line":18,"column":2},"end":{"line":18,"column":9}},"loc":{"start":{"line":18,"column":9},"end":{"line":20,"column":3}}},"2":{"name":"(anonymous_6)","decl":{"start":{"line":24,"column":2},"end":{"line":24,"column":8}},"loc":{"start":{"line":24,"column":40},"end":{"line":26,"column":3}}},"3":{"name":"(anonymous_7)","decl":{"start":{"line":30,"column":2},"end":{"line":30,"column":8}},"loc":{"start":{"line":30,"column":65},"end":{"line":32,"column":3}}},"4":{"name":"(anonymous_8)","decl":{"start":{"line":36,"column":2},"end":{"line":36,"column":11}},"loc":{"start":{"line":36,"column":68},"end":{"line":38,"column":3}}},"5":{"name":"(anonymous_9)","decl":{"start":{"line":42,"column":2},"end":{"line":42,"column":8}},"loc":{"start":{"line":42,"column":32},"end":{"line":44,"column":3}}}},"branchMap":{},"s":{"0":2,"1":2,"2":2,"3":2,"4":2,"5":2,"6":2,"7":2,"8":1,"9":0,"10":0,"11":0,"12":0,"13":2,"14":2,"15":2,"16":2,"17":2,"18":2,"19":2},"f":{"0":2,"1":1,"2":0,"3":0,"4":0,"5":0},"b":{}}
,"C:\\Users\\danie\\Desktop\\backFlutter\\mercapleno-backend\\src\\users-admin\\users-admin.module.ts": {"path":"C:\\Users\\danie\\Desktop\\backFlutter\\mercapleno-backend\\src\\users-admin\\users-admin.module.ts","statementMap":{"0":{"start":{"line":1,"column":0},"end":{"line":1,"column":40}},"1":{"start":{"line":2,"column":0},"end":{"line":2,"column":64}},"2":{"start":{"line":3,"column":0},"end":{"line":3,"column":58}},"3":{"start":{"line":9,"column":7},"end":{"line":9,"column":null}},"4":{"start":{"line":9,"column":13},"end":{"line":9,"column":29}},"5":{"start":{"line":9,"column":13},"end":{"line":9,"column":null}}},"fnMap":{},"branchMap":{},"s":{"0":2,"1":2,"2":2,"3":2,"4":2,"5":2},"f":{},"b":{}}
,"C:\\Users\\danie\\Desktop\\backFlutter\\mercapleno-backend\\src\\users-admin\\users-admin.service.ts": {"path":"C:\\Users\\danie\\Desktop\\backFlutter\\mercapleno-backend\\src\\users-admin\\users-admin.service.ts","statementMap":{"0":{"start":{"line":1,"column":0},"end":{"line":1,"column":null}},"1":{"start":{"line":8,"column":0},"end":{"line":8,"column":40}},"2":{"start":{"line":9,"column":0},"end":{"line":9,"column":35}},"3":{"start":{"line":10,"column":0},"end":{"line":10,"column":57}},"4":{"start":{"line":19,"column":7},"end":{"line":183,"column":null}},"5":{"start":{"line":20,"column":31},"end":{"line":20,"column":39}},"6":{"start":{"line":23,"column":19},"end":{"line":23,"column":29}},"7":{"start":{"line":25,"column":4},"end":{"line":27,"column":5}},"8":{"start":{"line":26,"column":6},"end":{"line":26,"column":91}},"9":{"start":{"line":29,"column":4},"end":{"line":29,"column":18}},"10":{"start":{"line":37,"column":4},"end":{"line":45,"column":5}},"11":{"start":{"line":38,"column":6},"end":{"line":40,"column":7}},"12":{"start":{"line":39,"column":8},"end":{"line":39,"column":104}},"13":{"start":{"line":42,"column":6},"end":{"line":44,"column":7}},"14":{"start":{"line":43,"column":8},"end":{"line":43,"column":82}},"15":{"start":{"line":47,"column":4},"end":{"line":47,"column":89}},"16":{"start":{"line":51,"column":21},"end":{"line":59,"column":6}},"17":{"start":{"line":61,"column":4},"end":{"line":76,"column":6}},"18":{"start":{"line":63,"column":59},"end":{"line":75,"column":8}},"19":{"start":{"line":80,"column":27},"end":{"line":80,"column":62}},"20":{"start":{"line":82,"column":4},"end":{"line":105,"column":5}},"21":{"start":{"line":83,"column":6},"end":{"line":96,"column":9}},"22":{"start":{"line":98,"column":6},"end":{"line":98,"column":74}},"23":{"start":{"line":100,"column":6},"end":{"line":104,"column":8}},"24":{"start":{"line":109,"column":19},"end":{"line":109,"column":39}},"25":{"start":{"line":110,"column":21},"end":{"line":113,"column":6}},"26":{"start":{"line":115,"column":4},"end":{"line":117,"column":5}},"27":{"start":{"line":116,"column":6},"end":{"line":116,"column":88}},"28":{"start":{"line":119,"column":45},"end":{"line":132,"column":6}},"29":{"start":{"line":134,"column":4},"end":{"line":136,"column":5}},"30":{"start":{"line":135,"column":6},"end":{"line":135,"column":58}},"31":{"start":{"line":138,"column":4},"end":{"line":140,"column":5}},"32":{"start":{"line":139,"column":6},"end":{"line":139,"column":71}},"33":{"start":{"line":142,"column":4},"end":{"line":153,"column":5}},"34":{"start":{"line":143,"column":6},"end":{"line":146,"column":9}},"35":{"start":{"line":148,"column":6},"end":{"line":152,"column":8}},"36":{"start":{"line":155,"column":4},"end":{"line":155,"column":75}},"37":{"start":{"line":159,"column":19},"end":{"line":159,"column":39}},"38":{"start":{"line":160,"column":21},"end":{"line":163,"column":6}},"39":{"start":{"line":165,"column":4},"end":{"line":167,"column":5}},"40":{"start":{"line":166,"column":6},"end":{"line":166,"column":88}},"41":{"start":{"line":169,"column":4},"end":{"line":179,"column":5}},"42":{"start":{"line":170,"column":6},"end":{"line":172,"column":9}},"43":{"start":{"line":174,"column":6},"end":{"line":178,"column":8}},"44":{"start":{"line":181,"column":4},"end":{"line":181,"column":73}},"45":{"start":{"line":19,"column":13},"end":{"line":19,"column":30}},"46":{"start":{"line":19,"column":13},"end":{"line":183,"column":null}}},"fnMap":{"0":{"name":"(anonymous_2)","decl":{"start":{"line":20,"column":2},"end":{"line":20,"column":31}},"loc":{"start":{"line":20,"column":52},"end":{"line":20,"column":56}}},"1":{"name":"(anonymous_3)","decl":{"start":{"line":22,"column":10},"end":{"line":22,"column":21}},"loc":{"start":{"line":22,"column":32},"end":{"line":30,"column":3}}},"2":{"name":"(anonymous_4)","decl":{"start":{"line":32,"column":10},"end":{"line":32,"column":32}},"loc":{"start":{"line":35,"column":27},"end":{"line":48,"column":3}}},"3":{"name":"(anonymous_5)","decl":{"start":{"line":50,"column":2},"end":{"line":50,"column":7}},"loc":{"start":{"line":50,"column":15},"end":{"line":77,"column":3}}},"4":{"name":"(anonymous_6)","decl":{"start":{"line":63,"column":29},"end":{"line":63,"column":30}},"loc":{"start":{"line":63,"column":59},"end":{"line":75,"column":8}}},"5":{"name":"(anonymous_7)","decl":{"start":{"line":79,"column":2},"end":{"line":79,"column":7}},"loc":{"start":{"line":79,"column":38},"end":{"line":106,"column":3}}},"6":{"name":"(anonymous_8)","decl":{"start":{"line":108,"column":2},"end":{"line":108,"column":7}},"loc":{"start":{"line":108,"column":50},"end":{"line":156,"column":3}}},"7":{"name":"(anonymous_9)","decl":{"start":{"line":158,"column":2},"end":{"line":158,"column":7}},"loc":{"start":{"line":158,"column":25},"end":{"line":182,"column":3}}}},"branchMap":{"0":{"loc":{"start":{"line":25,"column":4},"end":{"line":27,"column":5}},"type":"if","locations":[{"start":{"line":25,"column":4},"end":{"line":27,"column":5}},{"start":{},"end":{}}]},"1":{"loc":{"start":{"line":25,"column":8},"end":{"line":25,"column":48}},"type":"binary-expr","locations":[{"start":{"line":25,"column":8},"end":{"line":25,"column":33}},{"start":{"line":25,"column":37},"end":{"line":25,"column":48}}]},"2":{"loc":{"start":{"line":37,"column":4},"end":{"line":45,"column":5}},"type":"if","locations":[{"start":{"line":37,"column":4},"end":{"line":45,"column":5}},{"start":{},"end":{}}]},"3":{"loc":{"start":{"line":38,"column":6},"end":{"line":40,"column":7}},"type":"if","locations":[{"start":{"line":38,"column":6},"end":{"line":40,"column":7}},{"start":{},"end":{}}]},"4":{"loc":{"start":{"line":42,"column":6},"end":{"line":44,"column":7}},"type":"if","locations":[{"start":{"line":42,"column":6},"end":{"line":44,"column":7}},{"start":{},"end":{}}]},"5":{"loc":{"start":{"line":70,"column":13},"end":{"line":70,"column":39}},"type":"binary-expr","locations":[{"start":{"line":70,"column":13},"end":{"line":70,"column":31}},{"start":{"line":70,"column":35},"end":{"line":70,"column":39}}]},"6":{"loc":{"start":{"line":71,"column":29},"end":{"line":71,"column":70}},"type":"binary-expr","locations":[{"start":{"line":71,"column":29},"end":{"line":71,"column":62}},{"start":{"line":71,"column":66},"end":{"line":71,"column":70}}]},"7":{"loc":{"start":{"line":94,"column":26},"end":{"line":94,"column":69}},"type":"cond-expr","locations":[{"start":{"line":94,"column":57},"end":{"line":94,"column":62}},{"start":{"line":94,"column":65},"end":{"line":94,"column":69}}]},"8":{"loc":{"start":{"line":115,"column":4},"end":{"line":117,"column":5}},"type":"if","locations":[{"start":{"line":115,"column":4},"end":{"line":117,"column":5}},{"start":{},"end":{}}]},"9":{"loc":{"start":{"line":120,"column":10},"end":{"line":120,"column":64}},"type":"cond-expr","locations":[{"start":{"line":120,"column":37},"end":{"line":120,"column":59}},{"start":{"line":120,"column":62},"end":{"line":120,"column":64}}]},"10":{"loc":{"start":{"line":121,"column":10},"end":{"line":121,"column":70}},"type":"cond-expr","locations":[{"start":{"line":121,"column":39},"end":{"line":121,"column":65}},{"start":{"line":121,"column":68},"end":{"line":121,"column":70}}]},"11":{"loc":{"start":{"line":122,"column":10},"end":{"line":122,"column":61}},"type":"cond-expr","locations":[{"start":{"line":122,"column":36},"end":{"line":122,"column":56}},{"start":{"line":122,"column":59},"end":{"line":122,"column":61}}]},"12":{"loc":{"start":{"line":123,"column":10},"end":{"line":123,"column":73}},"type":"cond-expr","locations":[{"start":{"line":123,"column":40},"end":{"line":123,"column":68}},{"start":{"line":123,"column":71},"end":{"line":123,"column":73}}]},"13":{"loc":{"start":{"line":124,"column":10},"end":{"line":124,"column":104}},"type":"cond-expr","locations":[{"start":{"line":124,"column":47},"end":{"line":124,"column":99}},{"start":{"line":124,"column":102},"end":{"line":124,"column":104}}]},"14":{"loc":{"start":{"line":125,"column":10},"end":{"line":125,"column":64}},"type":"cond-expr","locations":[{"start":{"line":125,"column":37},"end":{"line":125,"column":59}},{"start":{"line":125,"column":62},"end":{"line":125,"column":64}}]},"15":{"loc":{"start":{"line":126,"column":10},"end":{"line":128,"column":12}},"type":"cond-expr","locations":[{"start":{"line":127,"column":10},"end":{"line":127,"column":64}},{"start":{"line":128,"column":10},"end":{"line":128,"column":12}}]},"16":{"loc":{"start":{"line":129,"column":10},"end":{"line":131,"column":12}},"type":"cond-expr","locations":[{"start":{"line":130,"column":10},"end":{"line":130,"column":62}},{"start":{"line":131,"column":10},"end":{"line":131,"column":12}}]},"17":{"loc":{"start":{"line":134,"column":4},"end":{"line":136,"column":5}},"type":"if","locations":[{"start":{"line":134,"column":4},"end":{"line":136,"column":5}},{"start":{},"end":{}}]},"18":{"loc":{"start":{"line":138,"column":4},"end":{"line":140,"column":5}},"type":"if","locations":[{"start":{"line":138,"column":4},"end":{"line":140,"column":5}},{"start":{},"end":{}}]},"19":{"loc":{"start":{"line":165,"column":4},"end":{"line":167,"column":5}},"type":"if","locations":[{"start":{"line":165,"column":4},"end":{"line":167,"column":5}},{"start":{},"end":{}}]}},"s":{"0":2,"1":2,"2":2,"3":2,"4":2,"5":1,"6":0,"7":0,"8":0,"9":0,"10":0,"11":0,"12":0,"13":0,"14":0,"15":0,"16":0,"17":0,"18":0,"19":0,"20":0,"21":0,"22":0,"23":0,"24":0,"25":0,"26":0,"27":0,"28":0,"29":0,"30":0,"31":0,"32":0,"33":0,"34":0,"35":0,"36":0,"37":0,"38":0,"39":0,"40":0,"41":0,"42":0,"43":0,"44":0,"45":2,"46":2},"f":{"0":1,"1":0,"2":0,"3":0,"4":0,"5":0,"6":0,"7":0},"b":{"0":[0,0],"1":[0,0],"2":[0,0],"3":[0,0],"4":[0,0],"5":[0,0],"6":[0,0],"7":[0,0],"8":[0,0],"9":[0,0],"10":[0,0],"11":[0,0],"12":[0,0],"13":[0,0],"14":[0,0],"15":[0,0],"16":[0,0],"17":[0,0],"18":[0,0],"19":[0,0]}}
,"C:\\Users\\danie\\Desktop\\backFlutter\\mercapleno-backend\\src\\users-admin\\dto\\create-user-admin.dto.ts": {"path":"C:\\Users\\danie\\Desktop\\backFlutter\\mercapleno-backend\\src\\users-admin\\dto\\create-user-admin.dto.ts","statementMap":{"0":{"start":{"line":1,"column":0},"end":{"line":1,"column":46}},"1":{"start":{"line":2,"column":0},"end":{"line":2,"column":105}},"2":{"start":{"line":4,"column":0},"end":{"line":4,"column":13}},"3":{"start":{"line":7,"column":2},"end":{"line":7,"column":null}},"4":{"start":{"line":11,"column":2},"end":{"line":11,"column":null}},"5":{"start":{"line":15,"column":2},"end":{"line":15,"column":null}},"6":{"start":{"line":20,"column":2},"end":{"line":20,"column":null}},"7":{"start":{"line":24,"column":2},"end":{"line":24,"column":null}},"8":{"start":{"line":28,"column":2},"end":{"line":28,"column":null}},"9":{"start":{"line":32,"column":2},"end":{"line":32,"column":null}},"10":{"start":{"line":36,"column":2},"end":{"line":36,"column":null}},"11":{"start":{"line":41,"column":2},"end":{"line":41,"column":null}},"12":{"start":{"line":45,"column":2},"end":{"line":45,"column":null}}},"fnMap":{},"branchMap":{},"s":{"0":2,"1":2,"2":2,"3":2,"4":2,"5":2,"6":2,"7":2,"8":2,"9":2,"10":2,"11":2,"12":2},"f":{},"b":{}}
,"C:\\Users\\danie\\Desktop\\backFlutter\\mercapleno-backend\\src\\users-admin\\dto\\update-user-admin.dto.ts": {"path":"C:\\Users\\danie\\Desktop\\backFlutter\\mercapleno-backend\\src\\users-admin\\dto\\update-user-admin.dto.ts","statementMap":{"0":{"start":{"line":1,"column":0},"end":{"line":1,"column":67}},"1":{"start":{"line":2,"column":0},"end":{"line":2,"column":96}},"2":{"start":{"line":3,"column":0},"end":{"line":3,"column":61}},"3":{"start":{"line":5,"column":0},"end":{"line":5,"column":13}},"4":{"start":{"line":10,"column":2},"end":{"line":10,"column":null}},"5":{"start":{"line":15,"column":2},"end":{"line":15,"column":null}},"6":{"start":{"line":20,"column":2},"end":{"line":20,"column":null}},"7":{"start":{"line":25,"column":2},"end":{"line":25,"column":null}},"8":{"start":{"line":30,"column":2},"end":{"line":30,"column":null}}},"fnMap":{},"branchMap":{},"s":{"0":2,"1":2,"2":2,"3":2,"4":2,"5":2,"6":2,"7":2,"8":2},"f":{},"b":{}}
}
