TN:
SF:src\app.module.ts
FN:42,(anonymous_1)
FNF:1
FNH:1
FNDA:2,(anonymous_1)
DA:1,2
DA:2,2
DA:3,2
DA:4,2
DA:5,2
DA:6,2
DA:7,2
DA:8,2
DA:9,2
DA:10,2
DA:11,2
DA:12,2
DA:13,2
DA:14,2
DA:41,2
DA:43,2
LF:16
LH:16
BRF:0
BRH:0
end_of_record
TN:
SF:src\auth\auth.controller.ts
FN:16,(anonymous_4)
FN:21,(anonymous_5)
FN:28,(anonymous_6)
FN:39,(anonymous_7)
FN:50,(anonymous_8)
FN:57,(anonymous_9)
FN:64,(anonymous_10)
FN:71,(anonymous_11)
FN:78,(anonymous_12)
FN:86,(anonymous_13)
FNF:10
FNH:1
FNDA:2,(anonymous_4)
FNDA:0,(anonymous_5)
FNDA:0,(anonymous_6)
FNDA:0,(anonymous_7)
FNDA:0,(anonymous_8)
FNDA:0,(anonymous_9)
FNDA:0,(anonymous_10)
FNDA:0,(anonymous_11)
FNDA:0,(anonymous_12)
FNDA:0,(anonymous_13)
DA:1,2
DA:2,2
DA:3,2
DA:4,2
DA:5,2
DA:6,2
DA:7,2
DA:8,2
DA:9,2
DA:10,2
DA:11,2
DA:15,2
DA:16,2
DA:21,2
DA:22,0
DA:28,2
DA:29,0
DA:39,2
DA:40,0
DA:50,2
DA:51,0
DA:57,2
DA:58,0
DA:64,2
DA:65,0
DA:71,2
DA:72,0
DA:78,2
DA:79,0
DA:86,2
DA:87,0
LF:31
LH:22
BRF:0
BRH:0
end_of_record
TN:
SF:src\auth\auth.module.ts
FNF:0
FNH:0
DA:1,2
DA:2,2
DA:3,2
DA:4,2
DA:5,2
DA:6,2
DA:7,2
DA:21,2
LF:8
LH:8
BRF:0
BRH:0
end_of_record
TN:
SF:src\auth\auth.service.ts
FN:33,(anonymous_2)
FN:39,(anonymous_3)
FN:43,(anonymous_4)
FN:47,(anonymous_5)
FN:51,(anonymous_6)
FN:58,(anonymous_7)
FN:62,(anonymous_8)
FN:84,(anonymous_9)
FN:93,(anonymous_10)
FN:107,(anonymous_11)
FN:117,(anonymous_12)
FN:165,(anonymous_13)
FN:188,(anonymous_14)
FN:205,(anonymous_15)
FN:271,(anonymous_16)
FN:313,(anonymous_17)
FN:372,(anonymous_18)
FN:421,(anonymous_19)
FN:456,(anonymous_20)
FN:483,(anonymous_21)
FN:528,(anonymous_22)
FNF:21
FNH:1
FNDA:2,(anonymous_2)
FNDA:0,(anonymous_3)
FNDA:0,(anonymous_4)
FNDA:0,(anonymous_5)
FNDA:0,(anonymous_6)
FNDA:0,(anonymous_7)
FNDA:0,(anonymous_8)
FNDA:0,(anonymous_9)
FNDA:0,(anonymous_10)
FNDA:0,(anonymous_11)
FNDA:0,(anonymous_12)
FNDA:0,(anonymous_13)
FNDA:0,(anonymous_14)
FNDA:0,(anonymous_15)
FNDA:0,(anonymous_16)
FNDA:0,(anonymous_17)
FNDA:0,(anonymous_18)
FNDA:0,(anonymous_19)
FNDA:0,(anonymous_20)
FNDA:0,(anonymous_21)
FNDA:0,(anonymous_22)
DA:1,2
DA:10,2
DA:11,2
DA:12,2
DA:13,2
DA:14,2
DA:15,2
DA:32,2
DA:34,2
DA:35,2
DA:36,2
DA:40,0
DA:44,0
DA:48,0
DA:52,0
DA:53,0
DA:55,0
DA:59,0
DA:72,0
DA:85,0
DA:94,0
DA:108,0
DA:123,0
DA:124,0
DA:125,0
DA:127,0
DA:135,0
DA:136,0
DA:143,0
DA:144,0
DA:150,0
DA:166,0
DA:167,0
DA:169,0
DA:176,0
DA:179,0
DA:181,0
DA:189,0
DA:199,0
DA:206,0
DA:213,0
DA:214,0
DA:220,0
DA:221,0
DA:222,0
DA:223,0
DA:225,0
DA:226,0
DA:243,0
DA:244,0
DA:245,0
DA:250,0
DA:252,0
DA:255,0
DA:264,0
DA:272,0
DA:280,0
DA:281,0
DA:284,0
DA:285,0
DA:286,0
DA:289,0
DA:290,0
DA:297,0
DA:298,0
DA:301,0
DA:303,0
DA:305,0
DA:314,0
DA:316,0
DA:327,0
DA:328,0
DA:331,0
DA:332,0
DA:338,0
DA:339,0
DA:345,0
DA:346,0
DA:347,0
DA:353,0
DA:354,0
DA:360,0
DA:362,0
DA:364,0
DA:373,0
DA:383,0
DA:384,0
DA:387,0
DA:388,0
DA:391,0
DA:392,0
DA:398,0
DA:399,0
DA:405,0
DA:406,0
DA:409,0
DA:418,0
DA:422,0
DA:427,0
DA:428,0
DA:431,0
DA:432,0
DA:435,0
DA:436,0
DA:437,0
DA:439,0
DA:447,0
DA:453,0
DA:457,0
DA:462,0
DA:463,0
DA:466,0
DA:467,0
DA:468,0
DA:470,0
DA:478,0
DA:480,0
DA:484,0
DA:493,0
DA:494,0
DA:497,0
DA:498,0
DA:504,0
DA:505,0
DA:511,0
DA:512,0
DA:515,0
DA:516,0
DA:525,0
DA:529,0
LF:130
LH:11
BRDA:52,0,0,0
BRDA:52,0,1,0
BRDA:59,1,0,0
BRDA:59,1,1,0
BRDA:169,2,0,0
BRDA:169,2,1,0
BRDA:170,3,0,0
BRDA:170,3,1,0
BRDA:170,3,2,0
BRDA:170,3,3,0
BRDA:170,3,4,0
BRDA:213,4,0,0
BRDA:213,4,1,0
BRDA:234,5,0,0
BRDA:234,5,1,0
BRDA:257,6,0,0
BRDA:257,6,1,0
BRDA:280,7,0,0
BRDA:280,7,1,0
BRDA:285,8,0,0
BRDA:285,8,1,0
BRDA:289,9,0,0
BRDA:289,9,1,0
BRDA:297,10,0,0
BRDA:297,10,1,0
BRDA:327,11,0,0
BRDA:327,11,1,0
BRDA:331,12,0,0
BRDA:331,12,1,0
BRDA:338,13,0,0
BRDA:338,13,1,0
BRDA:338,14,0,0
BRDA:338,14,1,0
BRDA:345,15,0,0
BRDA:345,15,1,0
BRDA:353,16,0,0
BRDA:353,16,1,0
BRDA:383,17,0,0
BRDA:383,17,1,0
BRDA:387,18,0,0
BRDA:387,18,1,0
BRDA:391,19,0,0
BRDA:391,19,1,0
BRDA:391,20,0,0
BRDA:391,20,1,0
BRDA:398,21,0,0
BRDA:398,21,1,0
BRDA:405,22,0,0
BRDA:405,22,1,0
BRDA:427,23,0,0
BRDA:427,23,1,0
BRDA:431,24,0,0
BRDA:431,24,1,0
BRDA:462,25,0,0
BRDA:462,25,1,0
BRDA:493,26,0,0
BRDA:493,26,1,0
BRDA:497,27,0,0
BRDA:497,27,1,0
BRDA:497,28,0,0
BRDA:497,28,1,0
BRDA:504,29,0,0
BRDA:504,29,1,0
BRDA:511,30,0,0
BRDA:511,30,1,0
BRF:65
BRH:0
end_of_record
TN:
SF:src\auth\decorators\current-user.decorator.ts
FN:5,(anonymous_0)
FNF:1
FNH:1
FNDA:1,(anonymous_0)
DA:1,2
DA:4,2
DA:6,1
DA:7,1
LF:4
LH:4
BRF:0
BRH:0
end_of_record
TN:
SF:src\auth\decorators\public.decorator.ts
FN:4,(anonymous_0)
FNF:1
FNH:1
FNDA:22,(anonymous_0)
DA:1,3
DA:3,3
DA:4,22
LF:3
LH:3
BRF:0
BRH:0
end_of_record
TN:
SF:src\auth\decorators\roles.decorator.ts
FN:4,(anonymous_0)
FNF:1
FNH:1
FNDA:8,(anonymous_0)
DA:1,3
DA:3,3
DA:4,8
LF:3
LH:3
BRF:0
BRH:0
end_of_record
TN:
SF:src\auth\dto\login.dto.ts
FNF:0
FNH:0
DA:1,2
DA:2,2
DA:4,2
DA:10,2
DA:17,2
LF:5
LH:5
BRF:0
BRH:0
end_of_record
TN:
SF:src\auth\dto\register.dto.ts
FN:4,(anonymous_2)
FNF:1
FNH:0
FNDA:0,(anonymous_2)
DA:1,2
DA:2,2
DA:4,2
DA:7,2
DA:11,2
DA:15,2
DA:28,2
DA:32,2
DA:36,2
DA:41,2
DA:45,2
DA:50,2
LF:12
LH:12
BRF:0
BRH:0
end_of_record
TN:
SF:src\auth\dto\request-password-reset.dto.ts
FNF:0
FNH:0
DA:1,2
DA:2,2
DA:4,2
DA:7,2
LF:4
LH:4
BRF:0
BRH:0
end_of_record
TN:
SF:src\auth\dto\resend-verification.dto.ts
FNF:0
FNH:0
DA:1,2
DA:2,2
DA:4,2
DA:7,2
LF:4
LH:4
BRF:0
BRH:0
end_of_record
TN:
SF:src\auth\dto\reset-password.dto.ts
FNF:0
FNH:0
DA:1,2
DA:2,2
DA:4,2
DA:7,2
DA:12,2
DA:25,2
DA:38,2
LF:7
LH:7
BRF:0
BRH:0
end_of_record
TN:
SF:src\auth\dto\verify-email.dto.ts
FNF:0
FNH:0
DA:1,2
DA:2,2
DA:4,2
DA:7,2
DA:12,2
LF:5
LH:5
BRF:0
BRH:0
end_of_record
TN:
SF:src\auth\dto\verify-login-code.dto.ts
FNF:0
FNH:0
DA:1,2
DA:2,2
DA:4,2
DA:11,2
DA:19,2
LF:5
LH:5
BRF:0
BRH:0
end_of_record
TN:
SF:src\auth\guards\jwt-auth.guard.ts
FN:9,(anonymous_2)
FN:13,(anonymous_3)
FNF:2
FNH:2
FNDA:5,(anonymous_2)
FNDA:6,(anonymous_3)
DA:1,3
DA:2,3
DA:3,3
DA:5,3
DA:8,3
DA:9,5
DA:10,5
DA:14,6
DA:19,6
DA:20,1
DA:23,5
LF:11
LH:11
BRDA:19,0,0,1
BRDA:19,0,1,5
BRF:2
BRH:2
end_of_record
TN:
SF:src\auth\guards\roles.guard.ts
FN:16,(anonymous_2)
FN:18,(anonymous_3)
FNF:2
FNH:2
FNDA:7,(anonymous_2)
FNDA:7,(anonymous_3)
DA:1,3
DA:9,3
DA:10,3
DA:15,3
DA:16,7
DA:19,7
DA:24,7
DA:25,1
DA:28,6
DA:29,6
DA:31,6
DA:32,1
DA:34,5
DA:35,2
DA:37,3
LF:15
LH:15
BRDA:24,0,0,1
BRDA:24,0,1,6
BRDA:24,1,0,7
BRDA:24,1,1,6
BRDA:31,2,0,1
BRDA:31,2,1,5
BRDA:34,3,0,2
BRDA:34,3,1,3
BRF:8
BRH:8
end_of_record
TN:
SF:src\auth\strategies\jwt.strategy.ts
FN:16,(anonymous_2)
FN:24,(anonymous_3)
FNF:2
FNH:2
FNDA:2,(anonymous_2)
FNDA:3,(anonymous_3)
DA:1,2
DA:2,2
DA:3,2
DA:4,2
DA:15,2
DA:17,2
DA:25,3
DA:32,0
DA:35,3
LF:9
LH:8
BRDA:25,0,0,0
BRDA:25,0,1,3
BRDA:26,1,0,3
BRDA:26,1,1,3
BRDA:26,1,2,3
BRDA:26,1,3,3
BRDA:26,1,4,3
BRF:7
BRH:6
end_of_record
TN:
SF:src\common\database\mysql.module.ts
FNF:0
FNH:0
DA:1,2
DA:2,2
DA:9,2
LF:3
LH:3
BRF:0
BRH:0
end_of_record
TN:
SF:src\common\database\mysql.service.ts
FN:9,(anonymous_2)
FN:24,(anonymous_3)
FN:28,(anonymous_4)
FN:32,(anonymous_5)
FNF:4
FNH:2
FNDA:2,(anonymous_2)
FNDA:0,(anonymous_3)
FNDA:0,(anonymous_4)
FNDA:2,(anonymous_5)
DA:1,3
DA:2,3
DA:3,3
DA:6,3
DA:10,2
DA:25,0
DA:29,0
DA:33,2
LF:8
LH:6
BRDA:24,0,0,0
BRF:1
BRH:0
end_of_record
TN:
SF:src\common\logger\logger.middleware.ts
FN:7,(anonymous_1)
FNF:1
FNH:1
FNDA:6,(anonymous_1)
DA:1,3
DA:3,3
DA:6,3
DA:8,6
DA:10,6
DA:11,6
DA:12,6
DA:14,6
DA:15,2
DA:16,2
DA:19,4
DA:20,2
DA:21,2
DA:24,2
DA:25,2
LF:15
LH:15
BRDA:14,0,0,2
BRDA:14,0,1,4
BRDA:19,1,0,2
BRDA:19,1,1,2
BRF:4
BRH:4
end_of_record
TN:
SF:src\common\stock\low-stock.util.ts
FN:12,(anonymous_0)
FN:17,(anonymous_1)
FNF:2
FNH:2
FNDA:1,(anonymous_0)
FNDA:3,(anonymous_1)
DA:1,3
DA:12,3
DA:17,3
DA:22,3
DA:23,3
DA:26,0
DA:28,0
LF:7
LH:5
BRDA:22,0,0,3
BRDA:22,0,1,0
BRDA:26,1,0,0
BRDA:26,1,1,0
BRF:4
BRH:1
end_of_record
TN:
SF:src\config\envs.ts
FN:70,(anonymous_0)
FN:75,(anonymous_1)
FN:111,(anonymous_2)
FNF:3
FNH:3
FNDA:12,(anonymous_0)
FNDA:6,(anonymous_1)
FNDA:6,(anonymous_2)
DA:1,6
DA:2,6
DA:32,6
DA:62,6
DA:64,6
DA:65,0
DA:68,6
DA:70,6
DA:71,12
DA:72,12
DA:75,6
DA:76,6
DA:77,6
DA:80,0
DA:81,0
DA:82,0
DA:83,0
DA:84,0
DA:86,0
DA:89,6
DA:111,6
LF:21
LH:14
BRDA:64,0,0,0
BRDA:64,0,1,6
BRDA:72,1,0,12
BRDA:72,1,1,0
BRDA:76,2,0,6
BRDA:76,2,1,0
BRDA:76,3,0,6
BRDA:76,3,1,6
BRDA:81,4,0,0
BRDA:81,4,1,0
BRDA:91,5,0,6
BRDA:91,5,1,0
BRDA:101,6,0,6
BRDA:101,6,1,6
BRDA:102,7,0,6
BRDA:102,7,1,0
BRDA:107,8,0,6
BRDA:107,8,1,0
BRDA:111,9,0,6
BRDA:111,9,1,0
BRF:20
BRH:11
end_of_record
TN:
SF:src\config\index.ts
FNF:0
FNH:0
DA:1,6
LF:1
LH:1
BRF:0
BRH:0
end_of_record
TN:
SF:src\email\email.module.ts
FNF:0
FNH:0
DA:1,2
DA:2,2
DA:9,2
LF:3
LH:3
BRF:0
BRH:0
end_of_record
TN:
SF:src\email\email.service.ts
FN:12,(anonymous_2)
FN:14,(anonymous_3)
FN:49,(anonymous_4)
FN:58,(anonymous_5)
FN:80,(anonymous_6)
FN:99,(anonymous_7)
FN:125,(anonymous_8)
FN:144,(anonymous_9)
FN:157,(anonymous_10)
FN:158,(anonymous_11)
FN:190,(anonymous_12)
FN:203,(anonymous_13)
FNF:12
FNH:12
FNDA:10,(anonymous_2)
FNDA:6,(anonymous_3)
FNDA:6,(anonymous_4)
FNDA:6,(anonymous_5)
FNDA:3,(anonymous_6)
FNDA:1,(anonymous_7)
FNDA:1,(anonymous_8)
FNDA:2,(anonymous_9)
FNDA:2,(anonymous_10)
FNDA:2,(anonymous_11)
FNDA:1,(anonymous_12)
FNDA:1,(anonymous_13)
DA:1,4
DA:2,4
DA:4,4
DA:5,4
DA:8,4
DA:9,10
DA:10,10
DA:12,10
DA:15,6
DA:16,0
DA:19,6
DA:20,0
DA:23,6
DA:24,0
DA:27,6
DA:45,6
DA:46,6
DA:50,6
DA:51,6
DA:52,0
DA:55,6
DA:62,6
DA:63,6
DA:64,6
DA:65,5
DA:67,1
DA:69,1
DA:70,1
DA:74,1
DA:76,0
DA:81,3
DA:105,1
DA:106,1
DA:126,1
DA:145,2
DA:146,1
DA:149,1
DA:154,1
DA:157,2
DA:158,2
DA:162,1
DA:163,0
DA:164,0
DA:167,1
DA:175,1
DA:177,1
DA:181,1
DA:190,1
DA:203,1
LF:49
LH:42
BRDA:15,0,0,0
BRDA:15,0,1,6
BRDA:19,1,0,0
BRDA:19,1,1,6
BRDA:19,2,0,6
BRDA:19,2,1,6
BRDA:23,3,0,0
BRDA:23,3,1,6
BRDA:23,4,0,6
BRDA:23,4,1,6
BRDA:27,5,0,0
BRDA:27,5,1,6
BRDA:50,6,0,6
BRDA:50,6,1,0
BRDA:51,7,0,0
BRDA:51,7,1,6
BRDA:55,8,0,6
BRDA:55,8,1,0
BRDA:69,9,0,1
BRDA:69,9,1,0
BRDA:105,10,0,1
BRDA:105,10,1,0
BRDA:145,11,0,1
BRDA:145,11,1,1
BRDA:162,12,0,0
BRDA:162,12,1,1
BRDA:175,13,0,1
BRDA:175,13,1,0
BRDA:177,14,0,1
BRDA:177,14,1,0
BRDA:205,15,0,1
BRDA:205,15,1,0
BRF:32
BRH:19
end_of_record
TN:
SF:src\inventory\inventory.controller.ts
FN:15,(anonymous_4)
FN:19,(anonymous_5)
FN:25,(anonymous_6)
FN:31,(anonymous_7)
FNF:4
FNH:2
FNDA:2,(anonymous_4)
FNDA:0,(anonymous_5)
FNDA:0,(anonymous_6)
FNDA:1,(anonymous_7)
DA:1,2
DA:2,2
DA:3,2
DA:4,2
DA:6,2
DA:7,2
DA:8,2
DA:14,2
DA:15,2
DA:19,2
DA:20,0
DA:25,2
DA:26,0
DA:31,2
DA:32,1
LF:15
LH:13
BRF:0
BRH:0
end_of_record
TN:
SF:src\inventory\inventory.module.ts
FNF:0
FNH:0
DA:1,2
DA:2,2
DA:3,2
DA:9,2
LF:4
LH:4
BRF:0
BRH:0
end_of_record
TN:
SF:src\inventory\inventory.service.ts
FN:24,(anonymous_2)
FN:29,(anonymous_3)
FN:41,(anonymous_4)
FN:54,(anonymous_5)
FN:58,(anonymous_6)
FN:180,(anonymous_7)
FN:204,(anonymous_8)
FN:232,(anonymous_9)
FN:239,(anonymous_10)
FN:249,(anonymous_11)
FN:262,(anonymous_12)
FN:270,(anonymous_13)
FN:286,(anonymous_14)
FN:302,(anonymous_15)
FNF:14
FNH:13
FNDA:10,(anonymous_2)
FNDA:1,(anonymous_3)
FNDA:1,(anonymous_4)
FNDA:1,(anonymous_5)
FNDA:6,(anonymous_6)
FNDA:3,(anonymous_7)
FNDA:1,(anonymous_8)
FNDA:1,(anonymous_9)
FNDA:5,(anonymous_10)
FNDA:1,(anonymous_11)
FNDA:6,(anonymous_12)
FNDA:3,(anonymous_13)
FNDA:1,(anonymous_14)
FNDA:0,(anonymous_15)
DA:1,3
DA:3,3
DA:4,3
DA:5,3
DA:21,3
DA:22,10
DA:25,10
DA:26,10
DA:30,1
DA:40,1
DA:41,1
DA:42,1
DA:43,1
DA:45,1
DA:55,1
DA:59,6
DA:60,6
DA:61,6
DA:63,6
DA:64,6
DA:66,6
DA:67,6
DA:68,1
DA:71,5
DA:72,5
DA:73,5
DA:76,5
DA:77,5
DA:84,4
DA:86,4
DA:88,2
DA:98,2
DA:103,2
DA:104,1
DA:110,2
DA:115,2
DA:116,1
DA:120,1
DA:130,1
DA:135,1
DA:136,0
DA:142,3
DA:143,3
DA:144,3
DA:147,3
DA:149,3
DA:150,0
DA:153,0
DA:156,3
DA:161,3
DA:163,3
DA:164,2
DA:167,1
DA:172,1
DA:174,6
DA:175,5
DA:181,3
DA:192,3
DA:193,3
DA:194,0
DA:197,3
DA:205,1
DA:206,1
DA:232,1
DA:246,5
DA:250,1
DA:251,0
DA:254,1
DA:255,1
DA:256,1
DA:259,0
DA:263,6
DA:264,0
DA:267,6
DA:271,3
DA:272,1
DA:275,2
DA:276,2
DA:278,0
DA:287,1
DA:288,1
DA:291,0
DA:292,0
DA:295,0
DA:296,0
DA:298,0
DA:303,0
DA:304,0
DA:306,0
LF:89
LH:73
BRDA:42,0,0,1
BRDA:42,0,1,0
BRDA:43,1,0,1
BRDA:43,1,1,0
BRDA:47,2,0,1
BRDA:47,2,1,0
BRDA:59,3,0,4
BRDA:59,3,1,2
BRDA:60,4,0,6
BRDA:60,4,1,0
BRDA:67,5,0,1
BRDA:67,5,1,5
BRDA:76,6,0,5
BRDA:76,6,1,0
BRDA:76,7,0,0
BRDA:76,7,1,0
BRDA:86,8,0,2
BRDA:86,8,1,2
BRDA:94,9,0,2
BRDA:94,9,1,0
BRDA:103,10,0,1
BRDA:103,10,1,1
BRDA:115,11,0,1
BRDA:115,11,1,1
BRDA:115,12,0,2
BRDA:115,12,1,2
BRDA:135,13,0,0
BRDA:135,13,1,1
BRDA:143,14,0,3
BRDA:143,14,1,0
BRDA:149,15,0,0
BRDA:149,15,1,3
BRDA:158,16,0,0
BRDA:158,16,1,3
BRDA:163,17,0,2
BRDA:163,17,1,1
BRDA:169,18,0,1
BRDA:169,18,1,0
BRDA:174,19,0,5
BRDA:174,19,1,1
BRDA:193,20,0,0
BRDA:193,20,1,3
BRDA:199,21,0,3
BRDA:199,21,1,0
BRDA:200,22,0,3
BRDA:200,22,1,0
BRDA:235,23,0,1
BRDA:235,23,1,0
BRDA:250,24,0,0
BRDA:250,24,1,1
BRDA:255,25,0,1
BRDA:255,25,1,0
BRDA:255,26,0,1
BRDA:255,26,1,0
BRDA:263,27,0,0
BRDA:263,27,1,6
BRDA:271,28,0,1
BRDA:271,28,1,2
BRDA:287,29,0,1
BRDA:287,29,1,0
BRDA:291,30,0,0
BRDA:291,30,1,0
BRF:62
BRH:38
end_of_record
TN:
SF:src\inventory\dto\get-reference-documents.dto.ts
FNF:0
FNH:0
DA:1,2
DA:2,2
DA:4,2
DA:9,2
LF:4
LH:4
BRF:0
BRH:0
end_of_record
TN:
SF:src\inventory\dto\register-movement.dto.ts
FNF:0
FNH:0
DA:1,2
DA:2,2
DA:4,2
DA:7,2
DA:12,2
DA:17,2
DA:23,2
DA:29,2
LF:8
LH:8
BRF:0
BRH:0
end_of_record
TN:
SF:src\prisma\prisma.module.ts
FNF:0
FNH:0
DA:1,2
DA:2,2
DA:9,2
LF:3
LH:3
BRF:0
BRH:0
end_of_record
TN:
SF:src\prisma\prisma.service.ts
FN:9,(anonymous_2)
FN:19,(anonymous_3)
FN:30,(anonymous_4)
FNF:3
FNH:2
FNDA:1,(anonymous_2)
FNDA:0,(anonymous_3)
FNDA:1,(anonymous_4)
DA:1,5
DA:2,5
DA:3,5
DA:6,5
DA:7,1
DA:10,1
DA:20,0
DA:21,0
DA:23,0
DA:24,0
DA:31,1
LF:11
LH:7
BRDA:23,0,0,0
BRDA:23,0,1,0
BRF:2
BRH:0
end_of_record
TN:
SF:src\products\product-image-upload.util.ts
FN:41,resolveImageExtension
FN:70,ensureProductUploadDir
FN:76,sanitizeFileName
FN:89,(anonymous_3)
FN:93,(anonymous_4)
FN:105,(anonymous_5)
FN:115,buildStoredProductImagePath
FN:119,resolveUploadedProductImagePath
FN:127,isStoredProductImage
FN:135,deleteStoredProductImage
FNF:10
FNH:1
FNDA:0,resolveImageExtension
FNDA:0,ensureProductUploadDir
FNDA:0,sanitizeFileName
FNDA:0,(anonymous_3)
FNDA:0,(anonymous_4)
FNDA:0,(anonymous_5)
FNDA:0,buildStoredProductImagePath
FNDA:1,resolveUploadedProductImagePath
FNDA:0,isStoredProductImage
FNDA:0,deleteStoredProductImage
DA:1,3
DA:2,3
DA:3,3
DA:4,3
DA:6,3
DA:7,3
DA:18,3
DA:42,0
DA:43,0
DA:44,0
DA:47,0
DA:48,0
DA:49,0
DA:52,0
DA:53,0
DA:56,0
DA:57,0
DA:59,0
DA:60,0
DA:63,0
DA:64,0
DA:67,0
DA:71,0
DA:72,0
DA:77,0
DA:84,0
DA:87,3
DA:90,0
DA:91,0
DA:94,0
DA:95,0
DA:96,0
DA:97,0
DA:99,0
DA:106,0
DA:107,0
DA:108,0
DA:111,0
DA:115,3
DA:116,0
DA:119,3
DA:120,1
DA:121,1
DA:124,0
DA:127,3
DA:128,0
DA:129,0
DA:132,0
DA:135,3
DA:136,0
DA:137,0
DA:140,0
DA:141,0
DA:143,0
DA:144,0
LF:55
LH:14
BRDA:43,0,0,0
BRDA:43,0,1,0
BRDA:47,1,0,0
BRDA:47,1,1,0
BRDA:48,2,0,0
BRDA:48,2,1,0
BRDA:52,3,0,0
BRDA:52,3,1,0
BRDA:59,4,0,0
BRDA:59,4,1,0
BRDA:63,5,0,0
BRDA:63,5,1,0
BRDA:71,6,0,0
BRDA:71,6,1,0
BRDA:84,7,0,0
BRDA:84,7,1,0
BRDA:94,8,0,0
BRDA:94,8,1,0
BRDA:106,9,0,0
BRDA:106,9,1,0
BRDA:120,10,0,1
BRDA:120,10,1,0
BRDA:128,11,0,0
BRDA:128,11,1,0
BRDA:136,12,0,0
BRDA:136,12,1,0
BRDA:140,13,0,0
BRDA:140,13,1,0
BRDA:143,14,0,0
BRDA:143,14,1,0
BRF:30
BRH:1
end_of_record
TN:
SF:src\products\products.controller.ts
FN:40,(anonymous_4)
FN:44,(anonymous_5)
FN:50,(anonymous_6)
FN:59,(anonymous_7)
FN:68,(anonymous_8)
FN:78,(anonymous_9)
FNF:6
FNH:3
FNDA:2,(anonymous_4)
FNDA:0,(anonymous_5)
FNDA:1,(anonymous_6)
FNDA:1,(anonymous_7)
FNDA:0,(anonymous_8)
FNDA:0,(anonymous_9)
DA:1,2
DA:13,2
DA:14,2
DA:15,2
DA:16,2
DA:17,2
DA:18,2
DA:19,2
DA:21,2
DA:39,2
DA:40,2
DA:44,2
DA:45,0
DA:50,2
DA:51,1
DA:59,2
DA:60,1
DA:68,2
DA:73,0
DA:78,2
DA:79,0
LF:21
LH:18
BRF:0
BRH:0
end_of_record
TN:
SF:src\products\products.module.ts
FNF:0
FNH:0
DA:1,2
DA:2,2
DA:3,2
DA:9,2
LF:4
LH:4
BRF:0
BRH:0
end_of_record
TN:
SF:src\products\products.service.ts
FN:10,(anonymous_2)
FN:12,(anonymous_3)
FN:28,(anonymous_4)
FN:48,(anonymous_5)
FN:65,(anonymous_6)
FN:89,(anonymous_7)
FN:93,(anonymous_8)
FN:100,(anonymous_9)
FN:129,(anonymous_10)
FN:178,(anonymous_11)
FN:207,(anonymous_12)
FN:216,(anonymous_13)
FNF:12
FNH:5
FNDA:5,(anonymous_2)
FNDA:2,(anonymous_3)
FNDA:0,(anonymous_4)
FNDA:0,(anonymous_5)
FNDA:0,(anonymous_6)
FNDA:0,(anonymous_7)
FNDA:0,(anonymous_8)
FNDA:3,(anonymous_9)
FNDA:0,(anonymous_10)
FNDA:0,(anonymous_11)
FNDA:3,(anonymous_12)
FNDA:3,(anonymous_13)
DA:1,3
DA:2,3
DA:3,3
DA:6,3
DA:9,3
DA:10,5
DA:13,2
DA:14,2
DA:17,0
DA:18,0
DA:19,0
DA:25,0
DA:29,0
DA:48,0
DA:66,0
DA:88,0
DA:89,0
DA:93,0
DA:101,3
DA:103,3
DA:104,3
DA:116,1
DA:121,2
DA:122,0
DA:125,2
DA:130,0
DA:135,0
DA:136,0
DA:137,0
DA:140,0
DA:144,0
DA:150,0
DA:151,0
DA:164,0
DA:165,0
DA:168,0
DA:171,0
DA:172,0
DA:175,0
DA:179,0
DA:184,0
DA:185,0
DA:188,0
DA:189,0
DA:193,0
DA:194,0
DA:199,0
DA:202,0
DA:204,0
DA:208,3
DA:209,3
DA:212,0
DA:213,0
DA:217,3
DA:219,3
DA:220,2
DA:221,2
DA:223,2
LF:58
LH:21
BRDA:13,0,0,2
BRDA:13,0,1,0
BRDA:17,1,0,0
BRDA:17,1,1,0
BRDA:18,2,0,0
BRDA:18,2,1,0
BRDA:57,3,0,0
BRDA:57,3,1,0
BRDA:58,4,0,0
BRDA:58,4,1,0
BRDA:91,5,0,0
BRDA:91,5,1,0
BRDA:95,6,0,0
BRDA:95,6,1,0
BRDA:101,7,0,3
BRDA:101,7,1,3
BRDA:110,8,0,3
BRDA:110,8,1,3
BRDA:121,9,0,0
BRDA:121,9,1,2
BRDA:135,10,0,0
BRDA:135,10,1,0
BRDA:136,11,0,0
BRDA:136,11,1,0
BRDA:144,12,0,0
BRDA:144,12,1,0
BRDA:146,13,0,0
BRDA:146,13,1,0
BRDA:154,14,0,0
BRDA:154,14,1,0
BRDA:155,15,0,0
BRDA:155,15,1,0
BRDA:156,16,0,0
BRDA:156,16,1,0
BRDA:157,17,0,0
BRDA:157,17,1,0
BRDA:158,18,0,0
BRDA:158,18,1,0
BRDA:158,19,0,0
BRDA:158,19,1,0
BRDA:159,20,0,0
BRDA:159,20,1,0
BRDA:160,21,0,0
BRDA:160,21,1,0
BRDA:164,22,0,0
BRDA:164,22,1,0
BRDA:171,23,0,0
BRDA:171,23,1,0
BRDA:171,24,0,0
BRDA:171,24,1,0
BRDA:171,24,2,0
BRDA:184,25,0,0
BRDA:184,25,1,0
BRDA:193,26,0,0
BRDA:193,26,1,0
BRDA:193,27,0,0
BRDA:193,27,1,0
BRDA:208,28,0,3
BRDA:208,28,1,0
BRDA:213,29,0,0
BRDA:213,29,1,0
BRDA:219,30,0,1
BRDA:219,30,1,2
BRDA:220,31,0,0
BRDA:220,31,1,2
BRDA:221,32,0,0
BRDA:221,32,1,2
BRF:67
BRH:11
end_of_record
TN:
SF:src\products\dto\create-product.dto.ts
FNF:0
FNH:0
DA:1,3
DA:2,3
DA:4,3
DA:10,3
DA:15,3
DA:19,3
DA:23,3
DA:28,3
DA:33,3
DA:38,3
LF:10
LH:10
BRF:0
BRH:0
end_of_record
TN:
SF:src\products\dto\update-product.dto.ts
FNF:0
FNH:0
DA:1,2
DA:2,2
DA:4,2
LF:3
LH:3
BRF:0
BRH:0
end_of_record
TN:
SF:src\reports\reports.controller.ts
FN:14,(anonymous_4)
FN:20,(anonymous_5)
FN:26,(anonymous_6)
FN:32,(anonymous_7)
FN:38,(anonymous_8)
FN:44,(anonymous_9)
FNF:6
FNH:1
FNDA:2,(anonymous_4)
FNDA:0,(anonymous_5)
FNDA:0,(anonymous_6)
FNDA:0,(anonymous_7)
FNDA:0,(anonymous_8)
FNDA:0,(anonymous_9)
DA:1,2
DA:3,2
DA:4,2
DA:5,2
DA:13,2
DA:14,2
DA:20,2
DA:21,0
DA:26,2
DA:27,0
DA:32,2
DA:33,0
DA:38,2
DA:39,0
DA:44,2
DA:45,0
DA:46,0
DA:47,0
DA:48,0
LF:19
LH:11
BRF:0
BRH:0
end_of_record
TN:
SF:src\reports\reports.module.ts
FNF:0
FNH:0
DA:1,2
DA:2,2
DA:3,2
DA:9,2
LF:4
LH:4
BRF:0
BRH:0
end_of_record
TN:
SF:src\reports\reports.service.ts
FN:7,(anonymous_2)
FN:9,(anonymous_3)
FN:33,(anonymous_4)
FN:49,(anonymous_5)
FN:60,(anonymous_6)
FN:73,(anonymous_7)
FN:77,(anonymous_8)
FN:79,(anonymous_9)
FN:134,(anonymous_10)
FN:161,(anonymous_11)
FN:187,(anonymous_12)
FN:197,(anonymous_13)
FN:198,(anonymous_14)
FNF:13
FNH:1
FNDA:2,(anonymous_2)
FNDA:0,(anonymous_3)
FNDA:0,(anonymous_4)
FNDA:0,(anonymous_5)
FNDA:0,(anonymous_6)
FNDA:0,(anonymous_7)
FNDA:0,(anonymous_8)
FNDA:0,(anonymous_9)
FNDA:0,(anonymous_10)
FNDA:0,(anonymous_11)
FNDA:0,(anonymous_12)
FNDA:0,(anonymous_13)
FNDA:0,(anonymous_14)
DA:1,2
DA:2,2
DA:3,2
DA:6,2
DA:7,2
DA:10,0
DA:15,0
DA:17,0
DA:18,0
DA:19,0
DA:22,0
DA:23,0
DA:24,0
DA:27,0
DA:29,0
DA:30,0
DA:34,0
DA:45,0
DA:46,0
DA:50,0
DA:57,0
DA:61,0
DA:70,0
DA:74,0
DA:75,0
DA:77,0
DA:79,0
DA:80,0
DA:87,0
DA:88,0
DA:96,0
DA:97,0
DA:98,0
DA:99,0
DA:101,0
DA:103,0
DA:114,0
DA:124,0
DA:125,0
DA:126,0
DA:127,0
DA:128,0
DA:134,0
DA:135,0
DA:136,0
DA:137,0
DA:138,0
DA:141,0
DA:142,0
DA:143,0
DA:144,0
DA:145,0
DA:147,0
DA:148,0
DA:149,0
DA:150,0
DA:151,0
DA:152,0
DA:153,0
DA:154,0
DA:156,0
DA:157,0
DA:158,0
DA:159,0
DA:161,0
DA:162,0
DA:163,0
DA:164,0
DA:165,0
DA:169,0
DA:170,0
DA:171,0
DA:172,0
DA:173,0
DA:175,0
DA:176,0
DA:177,0
DA:178,0
DA:179,0
DA:180,0
DA:181,0
DA:183,0
DA:184,0
DA:185,0
DA:187,0
DA:188,0
DA:189,0
DA:190,0
DA:191,0
DA:195,0
DA:197,0
DA:198,0
LF:92
LH:5
BRDA:17,0,0,0
BRDA:17,0,1,0
BRDA:22,1,0,0
BRDA:22,1,1,0
BRDA:85,2,0,0
BRDA:85,2,1,0
BRDA:129,3,0,0
BRDA:129,3,1,0
BRDA:157,4,0,0
BRDA:157,4,1,0
BRDA:184,5,0,0
BRDA:184,5,1,0
BRF:12
BRH:0
end_of_record
TN:
SF:src\sales\sales.controller.ts
FN:13,(anonymous_4)
FN:22,(anonymous_5)
FN:39,(anonymous_6)
FN:45,(anonymous_7)
FNF:4
FNH:1
FNDA:2,(anonymous_4)
FNDA:0,(anonymous_5)
FNDA:0,(anonymous_6)
FNDA:0,(anonymous_7)
DA:1,2
DA:2,2
DA:3,2
DA:4,2
DA:6,2
DA:7,2
DA:12,2
DA:13,2
DA:22,2
DA:28,0
DA:39,2
DA:40,0
DA:45,2
DA:46,0
LF:14
LH:11
BRF:0
BRH:0
end_of_record
TN:
SF:src\sales\sales.module.ts
FNF:0
FNH:0
DA:1,2
DA:2,2
DA:3,2
DA:10,2
LF:4
LH:4
BRF:0
BRH:0
end_of_record
TN:
SF:src\sales\sales.service.ts
FN:21,(anonymous_2)
FN:26,(anonymous_3)
FN:51,(anonymous_4)
FN:100,(anonymous_5)
FN:116,(anonymous_6)
FN:130,(anonymous_7)
FN:137,(anonymous_8)
FN:278,(anonymous_9)
FN:294,(anonymous_10)
FN:310,(anonymous_11)
FNF:10
FNH:1
FNDA:2,(anonymous_2)
FNDA:0,(anonymous_3)
FNDA:0,(anonymous_4)
FNDA:0,(anonymous_5)
FNDA:0,(anonymous_6)
FNDA:0,(anonymous_7)
FNDA:0,(anonymous_8)
FNDA:0,(anonymous_9)
FNDA:0,(anonymous_10)
FNDA:0,(anonymous_11)
DA:1,2
DA:9,2
DA:10,2
DA:11,2
DA:14,2
DA:15,2
DA:18,2
DA:19,2
DA:22,2
DA:23,2
DA:27,0
DA:28,0
DA:31,0
DA:32,0
DA:35,0
DA:36,0
DA:37,0
DA:40,0
DA:41,0
DA:44,0
DA:45,0
DA:48,0
DA:57,0
DA:73,0
DA:75,0
DA:76,0
DA:77,0
DA:80,0
DA:81,0
DA:82,0
DA:85,0
DA:86,0
DA:87,0
DA:88,0
DA:91,0
DA:92,0
DA:93,0
DA:94,0
DA:97,0
DA:99,0
DA:100,0
DA:101,0
DA:103,0
DA:117,0
DA:129,0
DA:130,0
DA:138,0
DA:139,0
DA:140,0
DA:143,0
DA:145,0
DA:146,0
DA:148,0
DA:149,0
DA:150,0
DA:152,0
DA:157,0
DA:158,0
DA:164,0
DA:172,0
DA:173,0
DA:174,0
DA:177,0
DA:178,0
DA:179,0
DA:181,0
DA:192,0
DA:193,0
DA:199,0
DA:208,0
DA:215,0
DA:218,0
DA:227,0
DA:232,0
DA:233,0
DA:234,0
DA:235,0
DA:239,0
DA:240,0
DA:242,0
DA:243,0
DA:246,0
DA:249,0
DA:256,0
DA:258,0
DA:259,0
DA:262,0
DA:267,0
DA:272,0
DA:273,0
DA:279,0
DA:280,0
DA:283,0
DA:284,0
DA:286,0
DA:295,0
DA:296,0
DA:299,0
DA:300,0
DA:303,0
DA:304,0
DA:306,0
DA:311,0
DA:312,0
DA:314,0
LF:105
LH:10
BRDA:27,0,0,0
BRDA:27,0,1,0
BRDA:27,1,0,0
BRDA:27,1,1,0
BRDA:27,1,2,0
BRDA:31,2,0,0
BRDA:31,2,1,0
BRDA:36,3,0,0
BRDA:36,3,1,0
BRDA:40,4,0,0
BRDA:40,4,1,0
BRDA:44,5,0,0
BRDA:44,5,1,0
BRDA:75,6,0,0
BRDA:75,6,1,0
BRDA:75,7,0,0
BRDA:75,7,1,0
BRDA:80,8,0,0
BRDA:80,8,1,0
BRDA:86,9,0,0
BRDA:86,9,1,0
BRDA:92,10,0,0
BRDA:92,10,1,0
BRDA:101,11,0,0
BRDA:101,11,1,0
BRDA:106,12,0,0
BRDA:106,12,1,0
BRDA:108,13,0,0
BRDA:108,13,1,0
BRDA:138,14,0,0
BRDA:138,14,1,0
BRDA:139,15,0,0
BRDA:139,15,1,0
BRDA:143,16,0,0
BRDA:143,16,1,0
BRDA:157,17,0,0
BRDA:157,17,1,0
BRDA:173,18,0,0
BRDA:173,18,1,0
BRDA:192,19,0,0
BRDA:192,19,1,0
BRDA:192,20,0,0
BRDA:192,20,1,0
BRDA:234,21,0,0
BRDA:234,21,1,0
BRDA:242,22,0,0
BRDA:242,22,1,0
BRDA:253,23,0,0
BRDA:253,23,1,0
BRDA:258,24,0,0
BRDA:258,24,1,0
BRDA:258,25,0,0
BRDA:258,25,1,0
BRDA:264,26,0,0
BRDA:264,26,1,0
BRDA:272,27,0,0
BRDA:272,27,1,0
BRDA:279,28,0,0
BRDA:279,28,1,0
BRDA:295,29,0,0
BRDA:295,29,1,0
BRDA:299,30,0,0
BRDA:299,30,1,0
BRF:63
BRH:0
end_of_record
TN:
SF:src\sales\dto\create-order.dto.ts
FN:11,(anonymous_2)
FNF:1
FNH:0
FNDA:0,(anonymous_2)
DA:1,2
DA:2,2
DA:3,2
DA:4,2
DA:6,2
DA:11,0
DA:12,2
DA:16,2
DA:21,2
DA:26,2
LF:10
LH:9
BRF:0
BRH:0
end_of_record
TN:
SF:src\sales\dto\order-item.dto.ts
FNF:0
FNH:0
DA:1,2
DA:2,2
DA:4,2
DA:7,2
DA:12,2
LF:5
LH:5
BRF:0
BRH:0
end_of_record
TN:
SF:src\users-admin\users-admin.controller.ts
FN:14,(anonymous_4)
FN:18,(anonymous_5)
FN:24,(anonymous_6)
FN:30,(anonymous_7)
FN:36,(anonymous_8)
FN:42,(anonymous_9)
FNF:6
FNH:2
FNDA:2,(anonymous_4)
FNDA:1,(anonymous_5)
FNDA:0,(anonymous_6)
FNDA:0,(anonymous_7)
FNDA:0,(anonymous_8)
FNDA:0,(anonymous_9)
DA:1,2
DA:2,2
DA:3,2
DA:4,2
DA:5,2
DA:6,2
DA:13,2
DA:14,2
DA:18,2
DA:19,1
DA:24,2
DA:25,0
DA:30,2
DA:31,0
DA:36,2
DA:37,0
DA:42,2
DA:43,0
LF:18
LH:14
BRF:0
BRH:0
end_of_record
TN:
SF:src\users-admin\users-admin.module.ts
FNF:0
FNH:0
DA:1,2
DA:2,2
DA:3,2
DA:9,2
LF:4
LH:4
BRF:0
BRH:0
end_of_record
TN:
SF:src\users-admin\users-admin.service.ts
FN:20,(anonymous_2)
FN:22,(anonymous_3)
FN:32,(anonymous_4)
FN:50,(anonymous_5)
FN:63,(anonymous_6)
FN:79,(anonymous_7)
FN:108,(anonymous_8)
FN:158,(anonymous_9)
FNF:8
FNH:1
FNDA:1,(anonymous_2)
FNDA:0,(anonymous_3)
FNDA:0,(anonymous_4)
FNDA:0,(anonymous_5)
FNDA:0,(anonymous_6)
FNDA:0,(anonymous_7)
FNDA:0,(anonymous_8)
FNDA:0,(anonymous_9)
DA:1,2
DA:8,2
DA:9,2
DA:10,2
DA:19,2
DA:20,1
DA:23,0
DA:25,0
DA:26,0
DA:29,0
DA:37,0
DA:38,0
DA:39,0
DA:42,0
DA:43,0
DA:47,0
DA:51,0
DA:61,0
DA:63,0
DA:80,0
DA:82,0
DA:83,0
DA:98,0
DA:100,0
DA:109,0
DA:110,0
DA:115,0
DA:116,0
DA:119,0
DA:134,0
DA:135,0
DA:138,0
DA:139,0
DA:142,0
DA:143,0
DA:148,0
DA:155,0
DA:159,0
DA:160,0
DA:165,0
DA:166,0
DA:169,0
DA:170,0
DA:174,0
DA:181,0
LF:45
LH:6
BRDA:25,0,0,0
BRDA:25,0,1,0
BRDA:25,1,0,0
BRDA:25,1,1,0
BRDA:37,2,0,0
BRDA:37,2,1,0
BRDA:38,3,0,0
BRDA:38,3,1,0
BRDA:42,4,0,0
BRDA:42,4,1,0
BRDA:70,5,0,0
BRDA:70,5,1,0
BRDA:71,6,0,0
BRDA:71,6,1,0
BRDA:94,7,0,0
BRDA:94,7,1,0
BRDA:115,8,0,0
BRDA:115,8,1,0
BRDA:120,9,0,0
BRDA:120,9,1,0
BRDA:121,10,0,0
BRDA:121,10,1,0
BRDA:122,11,0,0
BRDA:122,11,1,0
BRDA:123,12,0,0
BRDA:123,12,1,0
BRDA:124,13,0,0
BRDA:124,13,1,0
BRDA:125,14,0,0
BRDA:125,14,1,0
BRDA:126,15,0,0
BRDA:126,15,1,0
BRDA:129,16,0,0
BRDA:129,16,1,0
BRDA:134,17,0,0
BRDA:134,17,1,0
BRDA:138,18,0,0
BRDA:138,18,1,0
BRDA:165,19,0,0
BRDA:165,19,1,0
BRF:40
BRH:0
end_of_record
TN:
SF:src\users-admin\dto\create-user-admin.dto.ts
FNF:0
FNH:0
DA:1,2
DA:2,2
DA:4,2
DA:7,2
DA:11,2
DA:15,2
DA:20,2
DA:24,2
DA:28,2
DA:32,2
DA:36,2
DA:41,2
DA:45,2
LF:13
LH:13
BRF:0
BRH:0
end_of_record
TN:
SF:src\users-admin\dto\update-user-admin.dto.ts
FNF:0
FNH:0
DA:1,2
DA:2,2
DA:3,2
DA:5,2
DA:10,2
DA:15,2
DA:20,2
DA:25,2
DA:30,2
LF:9
LH:9
BRF:0
BRH:0
end_of_record
