TN:
SF:src\auth\auth.controller.ts
FN:17,(anonymous_4)
FN:19,(anonymous_5)
FN:34,(anonymous_6)
FN:41,(anonymous_7)
FN:53,(anonymous_8)
FN:70,(anonymous_9)
FN:83,(anonymous_10)
FN:90,(anonymous_11)
FN:97,(anonymous_12)
FN:104,(anonymous_13)
FN:112,(anonymous_14)
FNF:11
FNH:11
FNDA:11,(anonymous_4)
FNDA:3,(anonymous_5)
FNDA:1,(anonymous_6)
FNDA:1,(anonymous_7)
FNDA:3,(anonymous_8)
FNDA:1,(anonymous_9)
FNDA:1,(anonymous_10)
FNDA:1,(anonymous_11)
FNDA:1,(anonymous_12)
FNDA:1,(anonymous_13)
FNDA:1,(anonymous_14)
DA:1,1
DA:2,1
DA:4,1
DA:5,1
DA:6,1
DA:7,1
DA:8,1
DA:9,1
DA:10,1
DA:11,1
DA:12,1
DA:16,1
DA:17,11
DA:20,3
DA:22,3
DA:34,1
DA:35,1
DA:41,1
DA:42,1
DA:53,1
DA:54,3
DA:56,3
DA:57,2
DA:60,3
DA:70,1
DA:71,1
DA:73,1
DA:74,1
DA:77,1
DA:83,1
DA:84,1
DA:90,1
DA:91,1
DA:97,1
DA:98,1
DA:104,1
DA:105,1
DA:112,1
DA:113,1
DA:114,1
DA:115,1
LF:41
LH:41
BRDA:20,0,0,3
BRDA:20,0,1,3
BRDA:25,1,0,1
BRDA:25,1,1,2
BRDA:56,2,0,2
BRDA:56,2,1,1
BRDA:56,3,0,3
BRDA:56,3,1,3
BRDA:56,3,2,2
BRDA:56,3,3,2
BRDA:73,4,0,1
BRDA:73,4,1,0
BRDA:73,5,0,1
BRDA:73,5,1,1
BRDA:73,5,2,1
BRDA:73,5,3,1
BRDA:113,6,0,1
BRDA:113,6,1,1
BRDA:114,7,0,0
BRDA:114,7,1,1
BRF:20
BRH:18
end_of_record
TN:
SF:src\auth\auth.service.ts
FN:34,(anonymous_2)
FN:40,(anonymous_3)
FN:44,(anonymous_4)
FN:48,(anonymous_5)
FN:52,(anonymous_6)
FN:59,(anonymous_7)
FN:63,(anonymous_8)
FN:85,(anonymous_9)
FN:94,(anonymous_10)
FN:108,(anonymous_11)
FN:118,(anonymous_12)
FN:166,(anonymous_13)
FN:189,(anonymous_14)
FN:206,(anonymous_15)
FN:298,(anonymous_16)
FN:340,(anonymous_17)
FN:399,(anonymous_18)
FN:448,(anonymous_19)
FN:483,(anonymous_20)
FN:510,(anonymous_21)
FN:555,(anonymous_22)
FNF:21
FNH:20
FNDA:46,(anonymous_2)
FNDA:14,(anonymous_3)
FNDA:30,(anonymous_4)
FNDA:16,(anonymous_5)
FNDA:12,(anonymous_6)
FNDA:11,(anonymous_7)
FNDA:4,(anonymous_8)
FNDA:4,(anonymous_9)
FNDA:4,(anonymous_10)
FNDA:4,(anonymous_11)
FNDA:5,(anonymous_12)
FNDA:8,(anonymous_13)
FNDA:0,(anonymous_14)
FNDA:6,(anonymous_15)
FNDA:7,(anonymous_16)
FNDA:8,(anonymous_17)
FNDA:5,(anonymous_18)
FNDA:5,(anonymous_19)
FNDA:5,(anonymous_20)
FNDA:4,(anonymous_21)
FNDA:1,(anonymous_22)
DA:1,2
DA:10,2
DA:11,2
DA:12,2
DA:13,2
DA:14,2
DA:15,2
DA:16,2
DA:33,2
DA:35,46
DA:36,46
DA:37,46
DA:41,14
DA:45,30
DA:49,16
DA:53,12
DA:54,0
DA:56,12
DA:60,11
DA:73,4
DA:86,4
DA:95,4
DA:109,4
DA:124,5
DA:125,5
DA:126,5
DA:128,5
DA:136,5
DA:137,5
DA:144,1
DA:145,1
DA:151,4
DA:167,8
DA:168,8
DA:170,8
DA:177,0
DA:180,8
DA:182,0
DA:190,0
DA:200,0
DA:207,6
DA:212,6
DA:213,1
DA:219,5
DA:224,5
DA:225,1
DA:231,4
DA:232,4
DA:233,4
DA:234,4
DA:235,4
DA:237,4
DA:238,4
DA:255,4
DA:256,4
DA:257,4
DA:262,3
DA:264,1
DA:267,4
DA:276,0
DA:277,0
DA:278,0
DA:279,0
DA:284,0
DA:285,0
DA:291,0
DA:299,7
DA:307,7
DA:308,1
DA:311,6
DA:312,6
DA:313,1
DA:316,5
DA:317,1
DA:324,4
DA:325,2
DA:328,2
DA:330,2
DA:332,2
DA:341,8
DA:343,8
DA:354,7
DA:355,0
DA:358,7
DA:359,1
DA:365,6
DA:366,1
DA:372,5
DA:373,1
DA:374,1
DA:380,4
DA:381,2
DA:387,2
DA:389,2
DA:391,2
DA:400,5
DA:410,4
DA:411,0
DA:414,4
DA:415,1
DA:418,3
DA:419,0
DA:425,3
DA:426,1
DA:432,2
DA:433,1
DA:436,1
DA:445,1
DA:449,5
DA:454,5
DA:455,1
DA:458,4
DA:459,1
DA:462,3
DA:463,3
DA:464,3
DA:466,3
DA:474,2
DA:480,1
DA:484,5
DA:489,5
DA:490,1
DA:493,4
DA:494,4
DA:495,4
DA:497,4
DA:505,4
DA:507,3
DA:511,4
DA:520,4
DA:521,0
DA:524,4
DA:525,0
DA:531,4
DA:532,1
DA:538,3
DA:539,2
DA:542,1
DA:543,1
DA:552,1
DA:556,1
LF:141
LH:124
BRDA:53,0,0,0
BRDA:53,0,1,12
BRDA:60,1,0,11
BRDA:60,1,1,4
BRDA:170,2,0,0
BRDA:170,2,1,8
BRDA:171,3,0,8
BRDA:171,3,1,8
BRDA:171,3,2,8
BRDA:171,3,3,8
BRDA:171,3,4,8
BRDA:212,4,0,1
BRDA:212,4,1,5
BRDA:224,5,0,1
BRDA:224,5,1,4
BRDA:269,6,0,3
BRDA:269,6,1,1
BRDA:276,7,0,0
BRDA:276,7,1,0
BRDA:276,8,0,0
BRDA:276,8,1,0
BRDA:277,9,0,0
BRDA:277,9,1,0
BRDA:278,10,0,0
BRDA:278,10,1,0
BRDA:284,11,0,0
BRDA:284,11,1,0
BRDA:307,12,0,1
BRDA:307,12,1,6
BRDA:312,13,0,1
BRDA:312,13,1,5
BRDA:316,14,0,1
BRDA:316,14,1,4
BRDA:324,15,0,2
BRDA:324,15,1,2
BRDA:354,16,0,0
BRDA:354,16,1,7
BRDA:358,17,0,1
BRDA:358,17,1,6
BRDA:365,18,0,1
BRDA:365,18,1,5
BRDA:365,19,0,6
BRDA:365,19,1,5
BRDA:372,20,0,1
BRDA:372,20,1,4
BRDA:380,21,0,2
BRDA:380,21,1,2
BRDA:410,22,0,0
BRDA:410,22,1,4
BRDA:414,23,0,1
BRDA:414,23,1,3
BRDA:418,24,0,0
BRDA:418,24,1,3
BRDA:418,25,0,3
BRDA:418,25,1,3
BRDA:425,26,0,1
BRDA:425,26,1,2
BRDA:432,27,0,1
BRDA:432,27,1,1
BRDA:454,28,0,1
BRDA:454,28,1,4
BRDA:458,29,0,1
BRDA:458,29,1,3
BRDA:489,30,0,1
BRDA:489,30,1,4
BRDA:520,31,0,0
BRDA:520,31,1,4
BRDA:524,32,0,0
BRDA:524,32,1,4
BRDA:524,33,0,4
BRDA:524,33,1,4
BRDA:531,34,0,1
BRDA:531,34,1,3
BRDA:538,35,0,2
BRDA:538,35,1,1
BRF:75
BRH:58
end_of_record
TN:
SF:src\auth\decorators\current-user.decorator.ts
FN:5,(anonymous_0)
FNF:1
FNH:0
FNDA:0,(anonymous_0)
DA:1,0
DA:4,0
DA:6,0
DA:7,0
LF:4
LH:0
BRF:0
BRH:0
end_of_record
TN:
SF:src\auth\decorators\public.decorator.ts
FN:4,(anonymous_0)
FNF:1
FNH:1
FNDA:9,(anonymous_0)
DA:1,2
DA:3,2
DA:4,9
LF:3
LH:3
BRF:0
BRH:0
end_of_record
TN:
SF:src\auth\decorators\roles.decorator.ts
FN:4,(anonymous_0)
FNF:1
FNH:1
FNDA:1,(anonymous_0)
DA:1,2
DA:3,2
DA:4,2
LF:3
LH:3
BRF:0
BRH:0
end_of_record
TN:
SF:src\auth\guards\jwt-auth.guard.ts
FN:9,(anonymous_2)
FN:13,(anonymous_3)
FNF:2
FNH:2
FNDA:3,(anonymous_2)
FNDA:3,(anonymous_3)
DA:1,1
DA:2,1
DA:3,1
DA:5,1
DA:8,1
DA:9,3
DA:10,3
DA:14,3
DA:16,3
DA:17,1
DA:20,2
DA:25,2
DA:26,1
DA:29,1
LF:14
LH:14
BRDA:16,0,0,1
BRDA:16,0,1,2
BRDA:25,1,0,1
BRDA:25,1,1,1
BRF:4
BRH:4
end_of_record
TN:
SF:src\auth\guards\roles.guard.ts
FN:16,(anonymous_2)
FN:18,(anonymous_3)
FNF:2
FNH:2
FNDA:2,(anonymous_2)
FNDA:2,(anonymous_3)
DA:1,1
DA:9,1
DA:10,1
DA:15,1
DA:16,2
DA:19,2
DA:21,2
DA:22,0
DA:25,2
DA:30,2
DA:31,0
DA:34,2
DA:36,2
DA:37,0
DA:39,2
DA:40,2
DA:42,0
LF:17
LH:13
BRDA:21,0,0,0
BRDA:21,0,1,2
BRDA:30,1,0,0
BRDA:30,1,1,2
BRDA:30,2,0,2
BRDA:30,2,1,2
BRDA:36,3,0,0
BRDA:36,3,1,2
BRDA:39,4,0,2
BRDA:39,4,1,0
BRF:10
BRH:6
end_of_record
TN:
SF:src\auth\strategies\jwt.strategy.ts
FN:17,(anonymous_2)
FN:19,(anonymous_3)
FN:40,(anonymous_4)
FNF:3
FNH:3
FNDA:8,(anonymous_2)
FNDA:3,(anonymous_3)
FNDA:6,(anonymous_4)
DA:1,1
DA:2,1
DA:3,1
DA:5,1
DA:16,1
DA:18,8
DA:20,3
DA:22,3
DA:23,3
DA:26,3
DA:27,1
DA:28,1
DA:29,1
DA:33,3
DA:41,6
DA:48,5
DA:51,1
LF:17
LH:17
BRDA:22,0,0,3
BRDA:22,0,1,0
BRDA:22,1,0,3
BRDA:22,1,1,3
BRDA:26,2,0,1
BRDA:26,2,1,2
BRDA:26,3,0,3
BRDA:26,3,1,2
BRDA:28,4,0,1
BRDA:28,4,1,0
BRDA:41,5,0,5
BRDA:41,5,1,1
BRDA:42,6,0,6
BRDA:42,6,1,5
BRDA:42,6,2,4
BRDA:42,6,3,3
BRDA:42,6,4,2
BRF:17
BRH:15
end_of_record
TN:
SF:src\common\database\mysql.service.ts
FN:9,(anonymous_2)
FN:24,(anonymous_3)
FN:28,(anonymous_4)
FN:32,(anonymous_5)
FNF:4
FNH:0
FNDA:0,(anonymous_2)
FNDA:0,(anonymous_3)
FNDA:0,(anonymous_4)
FNDA:0,(anonymous_5)
DA:1,0
DA:2,0
DA:3,0
DA:6,0
DA:10,0
DA:25,0
DA:29,0
DA:33,0
LF:8
LH:0
BRDA:24,0,0,0
BRF:1
BRH:0
end_of_record
TN:
SF:src\common\filters\http-exception.filter.ts
FN:12,(anonymous_1)
FN:15,(anonymous_2)
FNF:2
FNH:0
FNDA:0,(anonymous_1)
FNDA:0,(anonymous_2)
DA:1,0
DA:12,0
DA:13,0
DA:16,0
DA:17,0
DA:18,0
DA:19,0
DA:20,0
DA:21,0
DA:23,0
DA:25,0
DA:26,0
DA:27,0
DA:29,0
DA:30,0
DA:31,0
DA:32,0
DA:33,0
DA:34,0
DA:37,0
DA:40,0
DA:41,0
DA:45,0
DA:47,0
DA:48,0
DA:50,0
DA:51,0
DA:53,0
DA:54,0
DA:56,0
DA:57,0
DA:59,0
DA:60,0
DA:62,0
DA:63,0
DA:65,0
DA:66,0
DA:68,0
DA:69,0
DA:70,0
DA:71,0
DA:72,0
DA:73,0
DA:74,0
DA:75,0
DA:76,0
DA:77,0
DA:78,0
DA:79,0
DA:82,0
DA:85,0
DA:95,0
DA:99,0
LF:53
LH:0
BRDA:25,0,0,0
BRDA:25,0,1,0
BRDA:29,1,0,0
BRDA:29,1,1,0
BRDA:31,2,0,0
BRDA:31,2,1,0
BRDA:33,3,0,0
BRDA:33,3,1,0
BRDA:33,4,0,0
BRDA:33,4,1,0
BRDA:40,5,0,0
BRDA:40,5,1,0
BRDA:45,6,0,0
BRDA:45,6,1,0
BRDA:45,6,2,0
BRDA:45,6,3,0
BRDA:45,6,4,0
BRDA:45,6,5,0
BRDA:47,7,0,0
BRDA:47,7,1,0
BRDA:50,8,0,0
BRDA:50,8,1,0
BRDA:53,9,0,0
BRDA:53,9,1,0
BRDA:56,10,0,0
BRDA:56,10,1,0
BRDA:59,11,0,0
BRDA:59,11,1,0
BRDA:62,12,0,0
BRDA:62,12,1,0
BRDA:65,13,0,0
BRDA:65,13,1,0
BRDA:68,14,0,0
BRDA:68,14,1,0
BRDA:72,15,0,0
BRDA:72,15,1,0
BRDA:76,16,0,0
BRDA:76,16,1,0
BRF:38
BRH:0
end_of_record
TN:
SF:src\common\logger\logger.middleware.ts
FN:7,(anonymous_1)
FNF:1
FNH:0
FNDA:0,(anonymous_1)
DA:1,0
DA:3,0
DA:6,0
DA:8,0
DA:10,0
DA:11,0
DA:12,0
DA:14,0
DA:15,0
DA:16,0
DA:19,0
DA:20,0
DA:21,0
DA:24,0
DA:25,0
LF:15
LH:0
BRDA:14,0,0,0
BRDA:14,0,1,0
BRDA:19,1,0,0
BRDA:19,1,1,0
BRF:4
BRH:0
end_of_record
TN:
SF:src\common\stock\low-stock.util.ts
FN:12,(anonymous_0)
FN:17,(anonymous_1)
FNF:2
FNH:0
FNDA:0,(anonymous_0)
FNDA:0,(anonymous_1)
DA:1,0
DA:12,0
DA:17,0
DA:22,0
DA:23,0
DA:26,0
DA:28,0
LF:7
LH:0
BRDA:22,0,0,0
BRDA:22,0,1,0
BRDA:26,1,0,0
BRDA:26,1,1,0
BRF:4
BRH:0
end_of_record
TN:
SF:src\config\envs.ts
FN:70,(anonymous_0)
FN:106,(anonymous_1)
FNF:2
FNH:2
FNDA:5,(anonymous_0)
FNDA:20,(anonymous_1)
DA:1,5
DA:2,5
DA:32,5
DA:62,5
DA:64,5
DA:65,0
DA:68,5
DA:70,5
DA:71,5
DA:72,5
DA:75,0
DA:76,0
DA:77,0
DA:78,0
DA:79,0
DA:81,0
DA:84,5
DA:106,20
LF:18
LH:11
BRDA:64,0,0,0
BRDA:64,0,1,5
BRDA:71,1,0,5
BRDA:71,1,1,0
BRDA:71,2,0,5
BRDA:71,2,1,5
BRDA:76,3,0,0
BRDA:76,3,1,0
BRDA:86,4,0,5
BRDA:86,4,1,0
BRDA:96,5,0,5
BRDA:96,5,1,0
BRDA:97,6,0,5
BRDA:97,6,1,0
BRDA:100,7,0,5
BRDA:100,7,1,0
BRDA:101,8,0,5
BRDA:101,8,1,0
BRDA:102,9,0,5
BRDA:102,9,1,0
BRDA:106,10,0,5
BRDA:106,10,1,0
BRF:22
BRH:11
end_of_record
TN:
SF:src\config\index.ts
FNF:0
FNH:0
DA:1,5
LF:1
LH:1
BRF:0
BRH:0
end_of_record
TN:
SF:src\email\email.service.ts
FN:12,(anonymous_2)
FN:14,(anonymous_3)
FN:49,(anonymous_4)
FN:58,(anonymous_5)
FN:77,(anonymous_6)
FN:103,(anonymous_7)
FN:122,(anonymous_8)
FN:135,(anonymous_9)
FN:136,(anonymous_10)
FN:168,(anonymous_11)
FN:181,(anonymous_12)
FNF:11
FNH:0
FNDA:0,(anonymous_2)
FNDA:0,(anonymous_3)
FNDA:0,(anonymous_4)
FNDA:0,(anonymous_5)
FNDA:0,(anonymous_6)
FNDA:0,(anonymous_7)
FNDA:0,(anonymous_8)
FNDA:0,(anonymous_9)
FNDA:0,(anonymous_10)
FNDA:0,(anonymous_11)
FNDA:0,(anonymous_12)
DA:1,2
DA:2,2
DA:4,2
DA:5,2
DA:8,2
DA:9,0
DA:10,0
DA:12,0
DA:15,0
DA:16,0
DA:19,0
DA:20,0
DA:23,0
DA:24,0
DA:27,0
DA:45,0
DA:46,0
DA:50,0
DA:51,0
DA:52,0
DA:55,0
DA:59,0
DA:60,0
DA:74,0
DA:83,0
DA:84,0
DA:85,0
DA:100,0
DA:104,0
DA:105,0
DA:119,0
DA:123,0
DA:124,0
DA:127,0
DA:132,0
DA:135,0
DA:136,0
DA:140,0
DA:141,0
DA:142,0
DA:145,0
DA:146,0
DA:154,0
DA:156,0
DA:160,0
DA:168,0
DA:181,0
DA:195,0
LF:48
LH:5
BRDA:15,0,0,0
BRDA:15,0,1,0
BRDA:19,1,0,0
BRDA:19,1,1,0
BRDA:19,2,0,0
BRDA:19,2,1,0
BRDA:23,3,0,0
BRDA:23,3,1,0
BRDA:23,4,0,0
BRDA:23,4,1,0
BRDA:27,5,0,0
BRDA:27,5,1,0
BRDA:50,6,0,0
BRDA:50,6,1,0
BRDA:51,7,0,0
BRDA:51,7,1,0
BRDA:55,8,0,0
BRDA:55,8,1,0
BRDA:84,9,0,0
BRDA:84,9,1,0
BRDA:123,10,0,0
BRDA:123,10,1,0
BRDA:140,11,0,0
BRDA:140,11,1,0
BRDA:154,12,0,0
BRDA:154,12,1,0
BRDA:156,13,0,0
BRDA:156,13,1,0
BRDA:183,14,0,0
BRDA:183,14,1,0
BRF:30
BRH:0
end_of_record
TN:
SF:src\inventory\inventory.controller.ts
FN:15,(anonymous_4)
FN:19,(anonymous_5)
FN:25,(anonymous_6)
FN:31,(anonymous_7)
FNF:4
FNH:0
FNDA:0,(anonymous_4)
FNDA:0,(anonymous_5)
FNDA:0,(anonymous_6)
FNDA:0,(anonymous_7)
DA:1,0
DA:2,0
DA:3,0
DA:4,0
DA:6,0
DA:7,0
DA:8,0
DA:14,0
DA:15,0
DA:19,0
DA:20,0
DA:25,0
DA:26,0
DA:31,0
DA:32,0
LF:15
LH:0
BRF:0
BRH:0
end_of_record
TN:
SF:src\inventory\inventory.service.ts
FN:24,(anonymous_2)
FN:29,(anonymous_3)
FN:41,(anonymous_4)
FN:54,(anonymous_5)
FN:58,(anonymous_6)
FN:176,(anonymous_7)
FN:200,(anonymous_8)
FN:228,(anonymous_9)
FN:235,(anonymous_10)
FN:245,(anonymous_11)
FN:258,(anonymous_12)
FN:266,(anonymous_13)
FN:282,(anonymous_14)
FN:298,(anonymous_15)
FNF:14
FNH:0
FNDA:0,(anonymous_2)
FNDA:0,(anonymous_3)
FNDA:0,(anonymous_4)
FNDA:0,(anonymous_5)
FNDA:0,(anonymous_6)
FNDA:0,(anonymous_7)
FNDA:0,(anonymous_8)
FNDA:0,(anonymous_9)
FNDA:0,(anonymous_10)
FNDA:0,(anonymous_11)
FNDA:0,(anonymous_12)
FNDA:0,(anonymous_13)
FNDA:0,(anonymous_14)
FNDA:0,(anonymous_15)
DA:1,0
DA:3,0
DA:4,0
DA:5,0
DA:21,0
DA:22,0
DA:25,0
DA:26,0
DA:30,0
DA:40,0
DA:41,0
DA:42,0
DA:43,0
DA:45,0
DA:55,0
DA:59,0
DA:60,0
DA:61,0
DA:63,0
DA:64,0
DA:66,0
DA:67,0
DA:68,0
DA:69,0
DA:72,0
DA:73,0
DA:80,0
DA:82,0
DA:84,0
DA:94,0
DA:99,0
DA:100,0
DA:106,0
DA:111,0
DA:112,0
DA:116,0
DA:126,0
DA:131,0
DA:132,0
DA:138,0
DA:139,0
DA:140,0
DA:143,0
DA:145,0
DA:146,0
DA:149,0
DA:152,0
DA:157,0
DA:159,0
DA:160,0
DA:163,0
DA:168,0
DA:170,0
DA:171,0
DA:177,0
DA:188,0
DA:189,0
DA:190,0
DA:193,0
DA:201,0
DA:202,0
DA:228,0
DA:242,0
DA:246,0
DA:247,0
DA:250,0
DA:251,0
DA:252,0
DA:255,0
DA:259,0
DA:260,0
DA:263,0
DA:267,0
DA:268,0
DA:271,0
DA:272,0
DA:274,0
DA:283,0
DA:284,0
DA:287,0
DA:288,0
DA:291,0
DA:292,0
DA:294,0
DA:299,0
DA:300,0
DA:302,0
LF:87
LH:0
BRDA:42,0,0,0
BRDA:42,0,1,0
BRDA:43,1,0,0
BRDA:43,1,1,0
BRDA:47,2,0,0
BRDA:47,2,1,0
BRDA:59,3,0,0
BRDA:59,3,1,0
BRDA:60,4,0,0
BRDA:60,4,1,0
BRDA:61,5,0,0
BRDA:61,5,1,0
BRDA:72,6,0,0
BRDA:72,6,1,0
BRDA:72,7,0,0
BRDA:72,7,1,0
BRDA:82,8,0,0
BRDA:82,8,1,0
BRDA:90,9,0,0
BRDA:90,9,1,0
BRDA:99,10,0,0
BRDA:99,10,1,0
BRDA:111,11,0,0
BRDA:111,11,1,0
BRDA:111,12,0,0
BRDA:111,12,1,0
BRDA:131,13,0,0
BRDA:131,13,1,0
BRDA:139,14,0,0
BRDA:139,14,1,0
BRDA:145,15,0,0
BRDA:145,15,1,0
BRDA:154,16,0,0
BRDA:154,16,1,0
BRDA:159,17,0,0
BRDA:159,17,1,0
BRDA:165,18,0,0
BRDA:165,18,1,0
BRDA:170,19,0,0
BRDA:170,19,1,0
BRDA:189,20,0,0
BRDA:189,20,1,0
BRDA:195,21,0,0
BRDA:195,21,1,0
BRDA:196,22,0,0
BRDA:196,22,1,0
BRDA:231,23,0,0
BRDA:231,23,1,0
BRDA:246,24,0,0
BRDA:246,24,1,0
BRDA:251,25,0,0
BRDA:251,25,1,0
BRDA:251,26,0,0
BRDA:251,26,1,0
BRDA:259,27,0,0
BRDA:259,27,1,0
BRDA:267,28,0,0
BRDA:267,28,1,0
BRDA:283,29,0,0
BRDA:283,29,1,0
BRDA:287,30,0,0
BRDA:287,30,1,0
BRF:62
BRH:0
end_of_record
TN:
SF:src\prisma\prisma.service.ts
FN:9,(anonymous_2)
FN:19,(anonymous_3)
FN:30,(anonymous_4)
FNF:3
FNH:0
FNDA:0,(anonymous_2)
FNDA:0,(anonymous_3)
FNDA:0,(anonymous_4)
DA:1,4
DA:2,4
DA:3,4
DA:6,4
DA:7,0
DA:10,0
DA:20,0
DA:21,0
DA:23,0
DA:24,0
DA:31,0
LF:11
LH:4
BRDA:23,0,0,0
BRDA:23,0,1,0
BRF:2
BRH:0
end_of_record
TN:
SF:src\products\product-image-upload.util.ts
FN:41,resolveImageExtension
FN:70,ensureProductUploadDir
FN:76,sanitizeFileName
FN:89,(anonymous_3)
FN:93,(anonymous_4)
FN:105,(anonymous_5)
FN:115,buildStoredProductImagePath
FN:119,resolveUploadedProductImagePath
FN:127,isStoredProductImage
FN:135,deleteStoredProductImage
FNF:10
FNH:0
FNDA:0,resolveImageExtension
FNDA:0,ensureProductUploadDir
FNDA:0,sanitizeFileName
FNDA:0,(anonymous_3)
FNDA:0,(anonymous_4)
FNDA:0,(anonymous_5)
FNDA:0,buildStoredProductImagePath
FNDA:0,resolveUploadedProductImagePath
FNDA:0,isStoredProductImage
FNDA:0,deleteStoredProductImage
DA:1,0
DA:2,0
DA:3,0
DA:4,0
DA:6,0
DA:7,0
DA:18,0
DA:42,0
DA:43,0
DA:44,0
DA:47,0
DA:48,0
DA:49,0
DA:52,0
DA:53,0
DA:56,0
DA:57,0
DA:59,0
DA:60,0
DA:63,0
DA:64,0
DA:67,0
DA:71,0
DA:72,0
DA:77,0
DA:84,0
DA:87,0
DA:90,0
DA:91,0
DA:94,0
DA:95,0
DA:96,0
DA:97,0
DA:99,0
DA:106,0
DA:107,0
DA:108,0
DA:111,0
DA:115,0
DA:116,0
DA:119,0
DA:120,0
DA:121,0
DA:124,0
DA:127,0
DA:128,0
DA:129,0
DA:132,0
DA:135,0
DA:136,0
DA:137,0
DA:140,0
DA:141,0
DA:143,0
DA:144,0
LF:55
LH:0
BRDA:43,0,0,0
BRDA:43,0,1,0
BRDA:47,1,0,0
BRDA:47,1,1,0
BRDA:48,2,0,0
BRDA:48,2,1,0
BRDA:52,3,0,0
BRDA:52,3,1,0
BRDA:59,4,0,0
BRDA:59,4,1,0
BRDA:63,5,0,0
BRDA:63,5,1,0
BRDA:71,6,0,0
BRDA:71,6,1,0
BRDA:84,7,0,0
BRDA:84,7,1,0
BRDA:94,8,0,0
BRDA:94,8,1,0
BRDA:106,9,0,0
BRDA:106,9,1,0
BRDA:120,10,0,0
BRDA:120,10,1,0
BRDA:128,11,0,0
BRDA:128,11,1,0
BRDA:136,12,0,0
BRDA:136,12,1,0
BRDA:140,13,0,0
BRDA:140,13,1,0
BRDA:143,14,0,0
BRDA:143,14,1,0
BRF:30
BRH:0
end_of_record
TN:
SF:src\products\products.controller.ts
FN:40,(anonymous_4)
FN:44,(anonymous_5)
FN:50,(anonymous_6)
FN:56,(anonymous_7)
FN:62,(anonymous_8)
FN:71,(anonymous_9)
FN:77,(anonymous_10)
FN:86,(anonymous_11)
FN:95,(anonymous_12)
FN:105,(anonymous_13)
FNF:10
FNH:0
FNDA:0,(anonymous_4)
FNDA:0,(anonymous_5)
FNDA:0,(anonymous_6)
FNDA:0,(anonymous_7)
FNDA:0,(anonymous_8)
FNDA:0,(anonymous_9)
FNDA:0,(anonymous_10)
FNDA:0,(anonymous_11)
FNDA:0,(anonymous_12)
FNDA:0,(anonymous_13)
DA:1,0
DA:13,0
DA:14,0
DA:15,0
DA:16,0
DA:17,0
DA:18,0
DA:19,0
DA:21,0
DA:39,0
DA:40,0
DA:44,0
DA:45,0
DA:50,0
DA:51,0
DA:56,0
DA:57,0
DA:62,0
DA:66,0
DA:71,0
DA:72,0
DA:77,0
DA:78,0
DA:86,0
DA:87,0
DA:95,0
DA:100,0
DA:105,0
DA:106,0
LF:29
LH:0
BRF:0
BRH:0
end_of_record
TN:
SF:src\products\products.service.ts
FN:10,(anonymous_2)
FN:12,(anonymous_3)
FN:32,(anonymous_4)
FN:52,(anonymous_5)
FN:69,(anonymous_6)
FN:93,(anonymous_7)
FN:97,(anonymous_8)
FN:104,(anonymous_9)
FN:115,(anonymous_10)
FN:123,(anonymous_11)
FN:139,(anonymous_12)
FN:162,(anonymous_13)
FN:183,(anonymous_14)
FN:216,(anonymous_15)
FN:271,(anonymous_16)
FN:300,(anonymous_17)
FN:309,(anonymous_18)
FNF:17
FNH:0
FNDA:0,(anonymous_2)
FNDA:0,(anonymous_3)
FNDA:0,(anonymous_4)
FNDA:0,(anonymous_5)
FNDA:0,(anonymous_6)
FNDA:0,(anonymous_7)
FNDA:0,(anonymous_8)
FNDA:0,(anonymous_9)
FNDA:0,(anonymous_10)
FNDA:0,(anonymous_11)
FNDA:0,(anonymous_12)
FNDA:0,(anonymous_13)
FNDA:0,(anonymous_14)
FNDA:0,(anonymous_15)
FNDA:0,(anonymous_16)
FNDA:0,(anonymous_17)
FNDA:0,(anonymous_18)
DA:1,0
DA:2,0
DA:3,0
DA:6,0
DA:9,0
DA:10,0
DA:13,0
DA:14,0
DA:15,0
DA:16,0
DA:22,0
DA:23,0
DA:24,0
DA:26,0
DA:29,0
DA:33,0
DA:52,0
DA:70,0
DA:92,0
DA:93,0
DA:97,0
DA:105,0
DA:115,0
DA:124,0
DA:125,0
DA:133,0
DA:135,0
DA:140,0
DA:142,0
DA:143,0
DA:146,0
DA:147,0
DA:156,0
DA:159,0
DA:163,0
DA:165,0
DA:166,0
DA:169,0
DA:170,0
DA:172,0
DA:173,0
DA:177,0
DA:180,0
DA:184,0
DA:186,0
DA:187,0
DA:199,0
DA:204,0
DA:205,0
DA:208,0
DA:209,0
DA:212,0
DA:217,0
DA:222,0
DA:223,0
DA:224,0
DA:227,0
DA:231,0
DA:237,0
DA:238,0
DA:251,0
DA:253,0
DA:254,0
DA:257,0
DA:258,0
DA:261,0
DA:264,0
DA:265,0
DA:268,0
DA:272,0
DA:277,0
DA:278,0
DA:281,0
DA:282,0
DA:286,0
DA:287,0
DA:292,0
DA:295,0
DA:297,0
DA:301,0
DA:302,0
DA:305,0
DA:306,0
DA:310,0
DA:312,0
DA:313,0
DA:314,0
DA:316,0
LF:88
LH:0
BRDA:13,0,0,0
BRDA:13,0,1,0
BRDA:14,1,0,0
BRDA:14,1,1,0
BRDA:15,2,0,0
BRDA:15,2,1,0
BRDA:22,3,0,0
BRDA:22,3,1,0
BRDA:61,4,0,0
BRDA:61,4,1,0
BRDA:62,5,0,0
BRDA:62,5,1,0
BRDA:95,6,0,0
BRDA:95,6,1,0
BRDA:99,7,0,0
BRDA:99,7,1,0
BRDA:127,8,0,0
BRDA:127,8,1,0
BRDA:128,9,0,0
BRDA:128,9,1,0
BRDA:129,10,0,0
BRDA:129,10,1,0
BRDA:142,11,0,0
BRDA:142,11,1,0
BRDA:150,12,0,0
BRDA:150,12,1,0
BRDA:150,13,0,0
BRDA:150,13,1,0
BRDA:151,14,0,0
BRDA:151,14,1,0
BRDA:151,15,0,0
BRDA:151,15,1,0
BRDA:152,16,0,0
BRDA:152,16,1,0
BRDA:152,17,0,0
BRDA:152,17,1,0
BRDA:165,18,0,0
BRDA:165,18,1,0
BRDA:172,19,0,0
BRDA:172,19,1,0
BRDA:172,20,0,0
BRDA:172,20,1,0
BRDA:184,21,0,0
BRDA:184,21,1,0
BRDA:193,22,0,0
BRDA:193,22,1,0
BRDA:204,23,0,0
BRDA:204,23,1,0
BRDA:208,24,0,0
BRDA:208,24,1,0
BRDA:222,25,0,0
BRDA:222,25,1,0
BRDA:223,26,0,0
BRDA:223,26,1,0
BRDA:231,27,0,0
BRDA:231,27,1,0
BRDA:233,28,0,0
BRDA:233,28,1,0
BRDA:241,29,0,0
BRDA:241,29,1,0
BRDA:242,30,0,0
BRDA:242,30,1,0
BRDA:243,31,0,0
BRDA:243,31,1,0
BRDA:244,32,0,0
BRDA:244,32,1,0
BRDA:245,33,0,0
BRDA:245,33,1,0
BRDA:245,34,0,0
BRDA:245,34,1,0
BRDA:246,35,0,0
BRDA:246,35,1,0
BRDA:247,36,0,0
BRDA:247,36,1,0
BRDA:253,37,0,0
BRDA:253,37,1,0
BRDA:257,38,0,0
BRDA:257,38,1,0
BRDA:264,39,0,0
BRDA:264,39,1,0
BRDA:264,40,0,0
BRDA:264,40,1,0
BRDA:264,40,2,0
BRDA:277,41,0,0
BRDA:277,41,1,0
BRDA:286,42,0,0
BRDA:286,42,1,0
BRDA:286,43,0,0
BRDA:286,43,1,0
BRDA:301,44,0,0
BRDA:301,44,1,0
BRDA:306,45,0,0
BRDA:306,45,1,0
BRDA:312,46,0,0
BRDA:312,46,1,0
BRDA:313,47,0,0
BRDA:313,47,1,0
BRDA:314,48,0,0
BRDA:314,48,1,0
BRDA:314,49,0,0
BRDA:314,49,1,0
BRF:101
BRH:0
end_of_record
TN:
SF:src\products\dto\product-status.enum.ts
FN:1,(anonymous_0)
FNF:1
FNH:0
FNDA:0,(anonymous_0)
DA:1,0
DA:2,0
DA:3,0
DA:4,0
LF:4
LH:0
BRDA:1,0,0,0
BRDA:1,0,1,0
BRF:2
BRH:0
end_of_record
TN:
SF:src\proveedores\proveedores.controller.ts
FN:28,(anonymous_4)
FN:35,(anonymous_5)
FN:44,(anonymous_6)
FN:52,(anonymous_7)
FN:60,(anonymous_8)
FN:68,(anonymous_9)
FN:76,(anonymous_10)
FN:84,(anonymous_11)
FN:92,(anonymous_12)
FNF:9
FNH:0
FNDA:0,(anonymous_4)
FNDA:0,(anonymous_5)
FNDA:0,(anonymous_6)
FNDA:0,(anonymous_7)
FNDA:0,(anonymous_8)
FNDA:0,(anonymous_9)
FNDA:0,(anonymous_10)
FNDA:0,(anonymous_11)
FNDA:0,(anonymous_12)
DA:1,0
DA:11,0
DA:18,0
DA:19,0
DA:20,0
DA:21,0
DA:22,0
DA:27,0
DA:28,0
DA:35,0
DA:36,0
DA:44,0
DA:45,0
DA:52,0
DA:53,0
DA:60,0
DA:61,0
DA:68,0
DA:69,0
DA:76,0
DA:77,0
DA:84,0
DA:85,0
DA:92,0
DA:93,0
LF:25
LH:0
BRF:0
BRH:0
end_of_record
TN:
SF:src\proveedores\proveedores.service.ts
FN:15,(anonymous_2)
FN:17,(anonymous_3)
FN:26,(anonymous_4)
FN:38,(anonymous_5)
FN:59,(anonymous_6)
FN:76,(anonymous_7)
FN:94,(anonymous_8)
FN:125,(anonymous_9)
FN:136,(anonymous_10)
FN:140,(anonymous_11)
FN:172,(anonymous_12)
FN:205,(anonymous_13)
FN:248,(anonymous_14)
FN:272,(anonymous_15)
FN:292,(anonymous_16)
FNF:15
FNH:0
FNDA:0,(anonymous_2)
FNDA:0,(anonymous_3)
FNDA:0,(anonymous_4)
FNDA:0,(anonymous_5)
FNDA:0,(anonymous_6)
FNDA:0,(anonymous_7)
FNDA:0,(anonymous_8)
FNDA:0,(anonymous_9)
FNDA:0,(anonymous_10)
FNDA:0,(anonymous_11)
FNDA:0,(anonymous_12)
FNDA:0,(anonymous_13)
FNDA:0,(anonymous_14)
FNDA:0,(anonymous_15)
FNDA:0,(anonymous_16)
DA:1,0
DA:8,0
DA:9,0
DA:14,0
DA:15,0
DA:18,0
DA:19,0
DA:20,0
DA:22,0
DA:27,0
DA:28,0
DA:29,0
DA:34,0
DA:39,0
DA:41,0
DA:42,0
DA:48,0
DA:49,0
DA:55,0
DA:60,0
DA:68,0
DA:69,0
DA:77,0
DA:78,0
DA:79,0
DA:84,0
DA:85,0
DA:91,0
DA:95,0
DA:97,0
DA:98,0
DA:101,0
DA:102,0
DA:103,0
DA:110,0
DA:123,0
DA:125,0
DA:137,0
DA:141,0
DA:143,0
DA:155,0
DA:156,0
DA:159,0
DA:173,0
DA:174,0
DA:175,0
DA:177,0
DA:179,0
DA:180,0
DA:189,0
DA:201,0
DA:206,0
DA:208,0
DA:213,0
DA:214,0
DA:217,0
DA:218,0
DA:221,0
DA:222,0
DA:225,0
DA:226,0
DA:227,0
DA:230,0
DA:236,0
DA:237,0
DA:242,0
DA:244,0
DA:249,0
DA:251,0
DA:256,0
DA:257,0
DA:260,0
DA:261,0
DA:264,0
DA:269,0
DA:273,0
DA:275,0
DA:280,0
DA:281,0
DA:284,0
DA:289,0
DA:293,0
DA:295,0
DA:300,0
DA:301,0
DA:304,0
DA:305,0
DA:311,0
DA:312,0
DA:313,0
DA:315,0
LF:91
LH:0
BRDA:19,0,0,0
BRDA:19,0,1,0
BRDA:19,1,0,0
BRDA:19,1,1,0
BRDA:27,2,0,0
BRDA:27,2,1,0
BRDA:28,3,0,0
BRDA:28,3,1,0
BRDA:39,4,0,0
BRDA:39,4,1,0
BRDA:41,5,0,0
BRDA:41,5,1,0
BRDA:48,6,0,0
BRDA:48,6,1,0
BRDA:63,7,0,0
BRDA:63,7,1,0
BRDA:68,8,0,0
BRDA:68,8,1,0
BRDA:77,9,0,0
BRDA:77,9,1,0
BRDA:78,10,0,0
BRDA:78,10,1,0
BRDA:84,11,0,0
BRDA:84,11,1,0
BRDA:94,12,0,0
BRDA:97,13,0,0
BRDA:97,13,1,0
BRDA:101,14,0,0
BRDA:101,14,1,0
BRDA:155,15,0,0
BRDA:155,15,1,0
BRDA:213,16,0,0
BRDA:213,16,1,0
BRDA:217,17,0,0
BRDA:217,17,1,0
BRDA:221,18,0,0
BRDA:221,18,1,0
BRDA:222,19,0,0
BRDA:222,19,1,0
BRDA:225,20,0,0
BRDA:225,20,1,0
BRDA:231,21,0,0
BRDA:231,21,1,0
BRDA:232,22,0,0
BRDA:232,22,1,0
BRDA:233,23,0,0
BRDA:233,23,1,0
BRDA:256,24,0,0
BRDA:256,24,1,0
BRDA:260,25,0,0
BRDA:260,25,1,0
BRDA:280,26,0,0
BRDA:280,26,1,0
BRDA:300,27,0,0
BRDA:300,27,1,0
BRDA:304,28,0,0
BRDA:304,28,1,0
BRF:57
BRH:0
end_of_record
TN:
SF:src\reports\reports.controller.ts
FN:14,(anonymous_4)
FN:20,(anonymous_5)
FN:26,(anonymous_6)
FN:32,(anonymous_7)
FN:38,(anonymous_8)
FN:44,(anonymous_9)
FNF:6
FNH:0
FNDA:0,(anonymous_4)
FNDA:0,(anonymous_5)
FNDA:0,(anonymous_6)
FNDA:0,(anonymous_7)
FNDA:0,(anonymous_8)
FNDA:0,(anonymous_9)
DA:1,0
DA:3,0
DA:4,0
DA:5,0
DA:13,0
DA:14,0
DA:20,0
DA:21,0
DA:26,0
DA:27,0
DA:32,0
DA:33,0
DA:38,0
DA:39,0
DA:44,0
DA:45,0
DA:46,0
DA:47,0
DA:48,0
LF:19
LH:0
BRF:0
BRH:0
end_of_record
TN:
SF:src\reports\reports.service.ts
FN:7,(anonymous_2)
FN:9,(anonymous_3)
FN:33,(anonymous_4)
FN:49,(anonymous_5)
FN:60,(anonymous_6)
FN:73,(anonymous_7)
FN:77,(anonymous_8)
FN:79,(anonymous_9)
FN:134,(anonymous_10)
FN:161,(anonymous_11)
FN:187,(anonymous_12)
FN:197,(anonymous_13)
FN:198,(anonymous_14)
FNF:13
FNH:0
FNDA:0,(anonymous_2)
FNDA:0,(anonymous_3)
FNDA:0,(anonymous_4)
FNDA:0,(anonymous_5)
FNDA:0,(anonymous_6)
FNDA:0,(anonymous_7)
FNDA:0,(anonymous_8)
FNDA:0,(anonymous_9)
FNDA:0,(anonymous_10)
FNDA:0,(anonymous_11)
FNDA:0,(anonymous_12)
FNDA:0,(anonymous_13)
FNDA:0,(anonymous_14)
DA:1,0
DA:2,0
DA:3,0
DA:6,0
DA:7,0
DA:10,0
DA:15,0
DA:17,0
DA:18,0
DA:19,0
DA:22,0
DA:23,0
DA:24,0
DA:27,0
DA:29,0
DA:30,0
DA:34,0
DA:45,0
DA:46,0
DA:50,0
DA:57,0
DA:61,0
DA:70,0
DA:74,0
DA:75,0
DA:77,0
DA:79,0
DA:80,0
DA:87,0
DA:88,0
DA:96,0
DA:97,0
DA:98,0
DA:99,0
DA:101,0
DA:103,0
DA:114,0
DA:124,0
DA:125,0
DA:126,0
DA:127,0
DA:128,0
DA:134,0
DA:135,0
DA:136,0
DA:137,0
DA:138,0
DA:141,0
DA:142,0
DA:143,0
DA:144,0
DA:145,0
DA:147,0
DA:148,0
DA:149,0
DA:150,0
DA:151,0
DA:152,0
DA:153,0
DA:154,0
DA:156,0
DA:157,0
DA:158,0
DA:159,0
DA:161,0
DA:162,0
DA:163,0
DA:164,0
DA:165,0
DA:169,0
DA:170,0
DA:171,0
DA:172,0
DA:173,0
DA:175,0
DA:176,0
DA:177,0
DA:178,0
DA:179,0
DA:180,0
DA:181,0
DA:183,0
DA:184,0
DA:185,0
DA:187,0
DA:188,0
DA:189,0
DA:190,0
DA:191,0
DA:195,0
DA:197,0
DA:198,0
LF:92
LH:0
BRDA:17,0,0,0
BRDA:17,0,1,0
BRDA:22,1,0,0
BRDA:22,1,1,0
BRDA:85,2,0,0
BRDA:85,2,1,0
BRDA:129,3,0,0
BRDA:129,3,1,0
BRDA:157,4,0,0
BRDA:157,4,1,0
BRDA:184,5,0,0
BRDA:184,5,1,0
BRF:12
BRH:0
end_of_record
TN:
SF:src\sales\sales.controller.ts
FN:13,(anonymous_4)
FN:22,(anonymous_5)
FN:39,(anonymous_6)
FN:45,(anonymous_7)
FNF:4
FNH:0
FNDA:0,(anonymous_4)
FNDA:0,(anonymous_5)
FNDA:0,(anonymous_6)
FNDA:0,(anonymous_7)
DA:1,0
DA:2,0
DA:3,0
DA:4,0
DA:6,0
DA:7,0
DA:12,0
DA:13,0
DA:22,0
DA:28,0
DA:39,0
DA:40,0
DA:45,0
DA:46,0
LF:14
LH:0
BRF:0
BRH:0
end_of_record
TN:
SF:src\sales\sales.service.ts
FN:21,(anonymous_2)
FN:26,(anonymous_3)
FN:51,(anonymous_4)
FN:100,(anonymous_5)
FN:116,(anonymous_6)
FN:130,(anonymous_7)
FN:137,(anonymous_8)
FN:278,(anonymous_9)
FN:294,(anonymous_10)
FN:310,(anonymous_11)
FNF:10
FNH:0
FNDA:0,(anonymous_2)
FNDA:0,(anonymous_3)
FNDA:0,(anonymous_4)
FNDA:0,(anonymous_5)
FNDA:0,(anonymous_6)
FNDA:0,(anonymous_7)
FNDA:0,(anonymous_8)
FNDA:0,(anonymous_9)
FNDA:0,(anonymous_10)
FNDA:0,(anonymous_11)
DA:1,0
DA:9,0
DA:10,0
DA:11,0
DA:14,0
DA:15,0
DA:18,0
DA:19,0
DA:22,0
DA:23,0
DA:27,0
DA:28,0
DA:31,0
DA:32,0
DA:35,0
DA:36,0
DA:37,0
DA:40,0
DA:41,0
DA:44,0
DA:45,0
DA:48,0
DA:57,0
DA:73,0
DA:75,0
DA:76,0
DA:77,0
DA:80,0
DA:81,0
DA:82,0
DA:85,0
DA:86,0
DA:87,0
DA:88,0
DA:91,0
DA:92,0
DA:93,0
DA:94,0
DA:97,0
DA:99,0
DA:100,0
DA:101,0
DA:103,0
DA:117,0
DA:129,0
DA:130,0
DA:138,0
DA:139,0
DA:140,0
DA:143,0
DA:145,0
DA:146,0
DA:148,0
DA:149,0
DA:150,0
DA:152,0
DA:157,0
DA:158,0
DA:164,0
DA:172,0
DA:173,0
DA:174,0
DA:177,0
DA:178,0
DA:179,0
DA:181,0
DA:192,0
DA:193,0
DA:199,0
DA:208,0
DA:215,0
DA:218,0
DA:227,0
DA:232,0
DA:233,0
DA:234,0
DA:235,0
DA:239,0
DA:240,0
DA:242,0
DA:243,0
DA:246,0
DA:249,0
DA:256,0
DA:258,0
DA:259,0
DA:262,0
DA:267,0
DA:272,0
DA:273,0
DA:279,0
DA:280,0
DA:283,0
DA:284,0
DA:286,0
DA:295,0
DA:296,0
DA:299,0
DA:300,0
DA:303,0
DA:304,0
DA:306,0
DA:311,0
DA:312,0
DA:314,0
LF:105
LH:0
BRDA:27,0,0,0
BRDA:27,0,1,0
BRDA:27,1,0,0
BRDA:27,1,1,0
BRDA:27,1,2,0
BRDA:31,2,0,0
BRDA:31,2,1,0
BRDA:36,3,0,0
BRDA:36,3,1,0
BRDA:40,4,0,0
BRDA:40,4,1,0
BRDA:44,5,0,0
BRDA:44,5,1,0
BRDA:75,6,0,0
BRDA:75,6,1,0
BRDA:75,7,0,0
BRDA:75,7,1,0
BRDA:80,8,0,0
BRDA:80,8,1,0
BRDA:86,9,0,0
BRDA:86,9,1,0
BRDA:92,10,0,0
BRDA:92,10,1,0
BRDA:101,11,0,0
BRDA:101,11,1,0
BRDA:106,12,0,0
BRDA:106,12,1,0
BRDA:108,13,0,0
BRDA:108,13,1,0
BRDA:138,14,0,0
BRDA:138,14,1,0
BRDA:139,15,0,0
BRDA:139,15,1,0
BRDA:143,16,0,0
BRDA:143,16,1,0
BRDA:157,17,0,0
BRDA:157,17,1,0
BRDA:173,18,0,0
BRDA:173,18,1,0
BRDA:192,19,0,0
BRDA:192,19,1,0
BRDA:192,20,0,0
BRDA:192,20,1,0
BRDA:234,21,0,0
BRDA:234,21,1,0
BRDA:242,22,0,0
BRDA:242,22,1,0
BRDA:253,23,0,0
BRDA:253,23,1,0
BRDA:258,24,0,0
BRDA:258,24,1,0
BRDA:258,25,0,0
BRDA:258,25,1,0
BRDA:264,26,0,0
BRDA:264,26,1,0
BRDA:272,27,0,0
BRDA:272,27,1,0
BRDA:279,28,0,0
BRDA:279,28,1,0
BRDA:295,29,0,0
BRDA:295,29,1,0
BRDA:299,30,0,0
BRDA:299,30,1,0
BRF:63
BRH:0
end_of_record
TN:
SF:src\users-admin\users-admin.controller.ts
FN:14,(anonymous_4)
FN:18,(anonymous_5)
FN:24,(anonymous_6)
FN:30,(anonymous_7)
FN:36,(anonymous_8)
FN:42,(anonymous_9)
FN:48,(anonymous_10)
FN:54,(anonymous_11)
FNF:8
FNH:8
FNDA:7,(anonymous_4)
FNDA:1,(anonymous_5)
FNDA:1,(anonymous_6)
FNDA:1,(anonymous_7)
FNDA:1,(anonymous_8)
FNDA:1,(anonymous_9)
FNDA:1,(anonymous_10)
FNDA:1,(anonymous_11)
DA:1,1
DA:2,1
DA:3,1
DA:4,1
DA:5,1
DA:6,1
DA:13,1
DA:14,7
DA:18,1
DA:19,1
DA:24,1
DA:25,1
DA:30,1
DA:31,1
DA:36,1
DA:37,1
DA:42,1
DA:43,1
DA:48,1
DA:49,1
DA:54,1
DA:55,1
LF:22
LH:22
BRF:0
BRH:0
end_of_record
TN:
SF:src\users-admin\users-admin.service.ts
FN:20,(anonymous_2)
FN:22,(anonymous_3)
FN:32,(anonymous_4)
FN:57,(anonymous_5)
FN:84,(anonymous_6)
FN:100,(anonymous_7)
FN:109,(anonymous_8)
FN:116,(anonymous_9)
FN:150,(anonymous_10)
FN:203,(anonymous_11)
FN:289,(anonymous_12)
FNF:11
FNH:8
FNDA:15,(anonymous_2)
FNDA:8,(anonymous_3)
FNDA:2,(anonymous_4)
FNDA:2,(anonymous_5)
FNDA:1,(anonymous_6)
FNDA:0,(anonymous_7)
FNDA:0,(anonymous_8)
FNDA:0,(anonymous_9)
FNDA:5,(anonymous_10)
FNDA:5,(anonymous_11)
FNDA:3,(anonymous_12)
DA:1,2
DA:8,2
DA:9,2
DA:10,2
DA:19,2
DA:20,15
DA:23,8
DA:25,8
DA:26,0
DA:29,8
DA:37,2
DA:38,0
DA:39,0
DA:40,0
DA:41,0
DA:43,0
DA:44,0
DA:46,0
DA:49,0
DA:50,0
DA:54,2
DA:58,2
DA:60,2
DA:61,1
DA:62,1
DA:71,2
DA:82,2
DA:84,1
DA:101,0
DA:107,0
DA:109,0
DA:117,0
DA:119,0
DA:127,0
DA:128,0
DA:131,0
DA:151,5
DA:156,5
DA:157,1
DA:163,4
DA:168,4
DA:169,1
DA:175,3
DA:177,3
DA:178,3
DA:193,2
DA:195,1
DA:204,5
DA:205,5
DA:210,5
DA:211,0
DA:214,5
DA:215,2
DA:223,2
DA:224,1
DA:231,4
DA:232,1
DA:240,1
DA:241,1
DA:248,3
DA:265,3
DA:266,0
DA:269,3
DA:270,2
DA:273,1
DA:274,1
DA:279,0
DA:286,1
DA:290,3
DA:291,3
DA:296,3
DA:297,0
DA:300,3
DA:301,3
DA:305,1
DA:312,2
LF:76
LH:54
BRDA:25,0,0,0
BRDA:25,0,1,8
BRDA:25,1,0,8
BRDA:25,1,1,8
BRDA:37,2,0,0
BRDA:37,2,1,2
BRDA:38,3,0,0
BRDA:38,3,1,0
BRDA:39,4,0,0
BRDA:39,4,1,0
BRDA:40,5,0,0
BRDA:40,5,1,0
BRDA:43,6,0,0
BRDA:43,6,1,0
BRDA:49,7,0,0
BRDA:49,7,1,0
BRDA:60,8,0,1
BRDA:60,8,1,1
BRDA:91,9,0,1
BRDA:91,9,1,1
BRDA:92,10,0,1
BRDA:92,10,1,1
BRDA:127,11,0,0
BRDA:127,11,1,0
BRDA:140,12,0,0
BRDA:140,12,1,0
BRDA:141,13,0,0
BRDA:141,13,1,0
BRDA:156,14,0,1
BRDA:156,14,1,4
BRDA:168,15,0,1
BRDA:168,15,1,3
BRDA:189,16,0,0
BRDA:189,16,1,3
BRDA:210,17,0,0
BRDA:210,17,1,5
BRDA:214,18,0,2
BRDA:214,18,1,3
BRDA:223,19,0,1
BRDA:223,19,1,1
BRDA:231,20,0,1
BRDA:231,20,1,3
BRDA:240,21,0,1
BRDA:240,21,1,0
BRDA:249,22,0,1
BRDA:249,22,1,2
BRDA:249,23,0,3
BRDA:249,23,1,3
BRDA:250,24,0,1
BRDA:250,24,1,2
BRDA:250,25,0,3
BRDA:250,25,1,3
BRDA:251,26,0,1
BRDA:251,26,1,2
BRDA:251,27,0,3
BRDA:251,27,1,1
BRDA:252,28,0,0
BRDA:252,28,1,3
BRDA:252,29,0,3
BRDA:252,29,1,0
BRDA:253,30,0,0
BRDA:253,30,1,3
BRDA:253,31,0,3
BRDA:253,31,1,0
BRDA:256,32,0,0
BRDA:256,32,1,3
BRDA:257,33,0,0
BRDA:257,33,1,3
BRDA:260,34,0,0
BRDA:260,34,1,3
BRDA:260,35,0,3
BRDA:260,35,1,0
BRDA:265,36,0,0
BRDA:265,36,1,3
BRDA:265,37,0,3
BRDA:265,37,1,0
BRDA:269,38,0,2
BRDA:269,38,1,1
BRDA:296,39,0,0
BRDA:296,39,1,3
BRF:80
BRH:48
end_of_record
