{"total": {"lines":{"total":1244,"covered":157,"skipped":0,"pct":12.62},"statements":{"total":1314,"covered":172,"skipped":0,"pct":13.08},"functions":{"total":229,"covered":17,"skipped":0,"pct":7.42},"branches":{"total":708,"covered":83,"skipped":0,"pct":11.72},"branchesTrue":{"total":0,"covered":0,"skipped":0,"pct":100}}
,"C:\\ULTIMA ULTIMA VERSION MERCAPLENO 4TRI\\correcion_proyecto-8\\mercapleno-backend\\src\\auth\\auth.controller.ts": {"lines":{"total":41,"covered":0,"skipped":0,"pct":0},"functions":{"total":11,"covered":0,"skipped":0,"pct":0},"statements":{"total":43,"covered":0,"skipped":0,"pct":0},"branches":{"total":20,"covered":0,"skipped":0,"pct":0}}
,"C:\\ULTIMA ULTIMA VERSION MERCAPLENO 4TRI\\correcion_proyecto-8\\mercapleno-backend\\src\\auth\\auth.service.ts": {"lines":{"total":141,"covered":0,"skipped":0,"pct":0},"functions":{"total":21,"covered":0,"skipped":0,"pct":0},"statements":{"total":143,"covered":0,"skipped":0,"pct":0},"branches":{"total":75,"covered":0,"skipped":0,"pct":0}}
,"C:\\ULTIMA ULTIMA VERSION MERCAPLENO 4TRI\\correcion_proyecto-8\\mercapleno-backend\\src\\auth\\decorators\\current-user.decorator.ts": {"lines":{"total":4,"covered":0,"skipped":0,"pct":0},"functions":{"total":1,"covered":0,"skipped":0,"pct":0},"statements":{"total":4,"covered":0,"skipped":0,"pct":0},"branches":{"total":0,"covered":0,"skipped":0,"pct":100}}
,"C:\\ULTIMA ULTIMA VERSION MERCAPLENO 4TRI\\correcion_proyecto-8\\mercapleno-backend\\src\\auth\\decorators\\public.decorator.ts": {"lines":{"total":3,"covered":0,"skipped":0,"pct":0},"functions":{"total":1,"covered":0,"skipped":0,"pct":0},"statements":{"total":5,"covered":0,"skipped":0,"pct":0},"branches":{"total":0,"covered":0,"skipped":0,"pct":100}}
,"C:\\ULTIMA ULTIMA VERSION MERCAPLENO 4TRI\\correcion_proyecto-8\\mercapleno-backend\\src\\auth\\decorators\\roles.decorator.ts": {"lines":{"total":3,"covered":0,"skipped":0,"pct":0},"functions":{"total":1,"covered":0,"skipped":0,"pct":0},"statements":{"total":5,"covered":0,"skipped":0,"pct":0},"branches":{"total":0,"covered":0,"skipped":0,"pct":100}}
,"C:\\ULTIMA ULTIMA VERSION MERCAPLENO 4TRI\\correcion_proyecto-8\\mercapleno-backend\\src\\auth\\guards\\jwt-auth.guard.ts": {"lines":{"total":14,"covered":0,"skipped":0,"pct":0},"functions":{"total":2,"covered":0,"skipped":0,"pct":0},"statements":{"total":16,"covered":0,"skipped":0,"pct":0},"branches":{"total":4,"covered":0,"skipped":0,"pct":0}}
,"C:\\ULTIMA ULTIMA VERSION MERCAPLENO 4TRI\\correcion_proyecto-8\\mercapleno-backend\\src\\auth\\guards\\roles.guard.ts": {"lines":{"total":17,"covered":0,"skipped":0,"pct":0},"functions":{"total":2,"covered":0,"skipped":0,"pct":0},"statements":{"total":19,"covered":0,"skipped":0,"pct":0},"branches":{"total":10,"covered":0,"skipped":0,"pct":0}}
,"C:\\ULTIMA ULTIMA VERSION MERCAPLENO 4TRI\\correcion_proyecto-8\\mercapleno-backend\\src\\auth\\strategies\\jwt.strategy.ts": {"lines":{"total":17,"covered":0,"skipped":0,"pct":0},"functions":{"total":3,"covered":0,"skipped":0,"pct":0},"statements":{"total":19,"covered":0,"skipped":0,"pct":0},"branches":{"total":17,"covered":0,"skipped":0,"pct":0}}
,"C:\\ULTIMA ULTIMA VERSION MERCAPLENO 4TRI\\correcion_proyecto-8\\mercapleno-backend\\src\\cart\\cart.controller.ts": {"lines":{"total":18,"covered":0,"skipped":0,"pct":0},"functions":{"total":7,"covered":0,"skipped":0,"pct":0},"statements":{"total":20,"covered":0,"skipped":0,"pct":0},"branches":{"total":0,"covered":0,"skipped":0,"pct":100}}
,"C:\\ULTIMA ULTIMA VERSION MERCAPLENO 4TRI\\correcion_proyecto-8\\mercapleno-backend\\src\\cart\\cart.service.ts": {"lines":{"total":57,"covered":3,"skipped":0,"pct":5.26},"functions":{"total":14,"covered":0,"skipped":0,"pct":0},"statements":{"total":61,"covered":5,"skipped":0,"pct":8.19},"branches":{"total":30,"covered":0,"skipped":0,"pct":0}}
,"C:\\ULTIMA ULTIMA VERSION MERCAPLENO 4TRI\\correcion_proyecto-8\\mercapleno-backend\\src\\common\\database\\mysql.service.ts": {"lines":{"total":8,"covered":4,"skipped":0,"pct":50},"functions":{"total":4,"covered":0,"skipped":0,"pct":0},"statements":{"total":10,"covered":6,"skipped":0,"pct":60},"branches":{"total":1,"covered":0,"skipped":0,"pct":0}}
,"C:\\ULTIMA ULTIMA VERSION MERCAPLENO 4TRI\\correcion_proyecto-8\\mercapleno-backend\\src\\common\\filters\\http-exception.filter.ts": {"lines":{"total":53,"covered":0,"skipped":0,"pct":0},"functions":{"total":2,"covered":0,"skipped":0,"pct":0},"statements":{"total":55,"covered":0,"skipped":0,"pct":0},"branches":{"total":38,"covered":0,"skipped":0,"pct":0}}
,"C:\\ULTIMA ULTIMA VERSION MERCAPLENO 4TRI\\correcion_proyecto-8\\mercapleno-backend\\src\\common\\logger\\logger.middleware.ts": {"lines":{"total":15,"covered":0,"skipped":0,"pct":0},"functions":{"total":1,"covered":0,"skipped":0,"pct":0},"statements":{"total":17,"covered":0,"skipped":0,"pct":0},"branches":{"total":4,"covered":0,"skipped":0,"pct":0}}
,"C:\\ULTIMA ULTIMA VERSION MERCAPLENO 4TRI\\correcion_proyecto-8\\mercapleno-backend\\src\\common\\stock\\low-stock.util.ts": {"lines":{"total":7,"covered":5,"skipped":0,"pct":71.42},"functions":{"total":2,"covered":2,"skipped":0,"pct":100},"statements":{"total":10,"covered":8,"skipped":0,"pct":80},"branches":{"total":4,"covered":1,"skipped":0,"pct":25}}
,"C:\\ULTIMA ULTIMA VERSION MERCAPLENO 4TRI\\correcion_proyecto-8\\mercapleno-backend\\src\\config\\envs.ts": {"lines":{"total":18,"covered":16,"skipped":0,"pct":88.88},"functions":{"total":2,"covered":2,"skipped":0,"pct":100},"statements":{"total":18,"covered":16,"skipped":0,"pct":88.88},"branches":{"total":22,"covered":16,"skipped":0,"pct":72.72}}
,"C:\\ULTIMA ULTIMA VERSION MERCAPLENO 4TRI\\correcion_proyecto-8\\mercapleno-backend\\src\\config\\index.ts": {"lines":{"total":1,"covered":1,"skipped":0,"pct":100},"functions":{"total":0,"covered":0,"skipped":0,"pct":100},"statements":{"total":1,"covered":1,"skipped":0,"pct":100},"branches":{"total":0,"covered":0,"skipped":0,"pct":100}}
,"C:\\ULTIMA ULTIMA VERSION MERCAPLENO 4TRI\\correcion_proyecto-8\\mercapleno-backend\\src\\email\\email.service.ts": {"lines":{"total":48,"covered":5,"skipped":0,"pct":10.41},"functions":{"total":11,"covered":0,"skipped":0,"pct":0},"statements":{"total":50,"covered":7,"skipped":0,"pct":14},"branches":{"total":30,"covered":0,"skipped":0,"pct":0}}
,"C:\\ULTIMA ULTIMA VERSION MERCAPLENO 4TRI\\correcion_proyecto-8\\mercapleno-backend\\src\\inventory\\inventory.controller.ts": {"lines":{"total":15,"covered":0,"skipped":0,"pct":0},"functions":{"total":4,"covered":0,"skipped":0,"pct":0},"statements":{"total":17,"covered":0,"skipped":0,"pct":0},"branches":{"total":0,"covered":0,"skipped":0,"pct":100}}
,"C:\\ULTIMA ULTIMA VERSION MERCAPLENO 4TRI\\correcion_proyecto-8\\mercapleno-backend\\src\\inventory\\inventory.service.ts": {"lines":{"total":87,"covered":0,"skipped":0,"pct":0},"functions":{"total":14,"covered":0,"skipped":0,"pct":0},"statements":{"total":90,"covered":0,"skipped":0,"pct":0},"branches":{"total":62,"covered":0,"skipped":0,"pct":0}}
,"C:\\ULTIMA ULTIMA VERSION MERCAPLENO 4TRI\\correcion_proyecto-8\\mercapleno-backend\\src\\prisma\\prisma.service.ts": {"lines":{"total":11,"covered":4,"skipped":0,"pct":36.36},"functions":{"total":3,"covered":0,"skipped":0,"pct":0},"statements":{"total":13,"covered":6,"skipped":0,"pct":46.15},"branches":{"total":2,"covered":0,"skipped":0,"pct":0}}
,"C:\\ULTIMA ULTIMA VERSION MERCAPLENO 4TRI\\correcion_proyecto-8\\mercapleno-backend\\src\\products\\product-image-upload.util.ts": {"lines":{"total":55,"covered":0,"skipped":0,"pct":0},"functions":{"total":10,"covered":0,"skipped":0,"pct":0},"statements":{"total":55,"covered":0,"skipped":0,"pct":0},"branches":{"total":30,"covered":0,"skipped":0,"pct":0}}
,"C:\\ULTIMA ULTIMA VERSION MERCAPLENO 4TRI\\correcion_proyecto-8\\mercapleno-backend\\src\\products\\products.controller.ts": {"lines":{"total":29,"covered":0,"skipped":0,"pct":0},"functions":{"total":10,"covered":0,"skipped":0,"pct":0},"statements":{"total":31,"covered":0,"skipped":0,"pct":0},"branches":{"total":0,"covered":0,"skipped":0,"pct":100}}
,"C:\\ULTIMA ULTIMA VERSION MERCAPLENO 4TRI\\correcion_proyecto-8\\mercapleno-backend\\src\\products\\products.service.ts": {"lines":{"total":88,"covered":0,"skipped":0,"pct":0},"functions":{"total":17,"covered":0,"skipped":0,"pct":0},"statements":{"total":95,"covered":0,"skipped":0,"pct":0},"branches":{"total":101,"covered":0,"skipped":0,"pct":0}}
,"C:\\ULTIMA ULTIMA VERSION MERCAPLENO 4TRI\\correcion_proyecto-8\\mercapleno-backend\\src\\products\\dto\\product-status.enum.ts": {"lines":{"total":4,"covered":0,"skipped":0,"pct":0},"functions":{"total":1,"covered":0,"skipped":0,"pct":0},"statements":{"total":4,"covered":0,"skipped":0,"pct":0},"branches":{"total":2,"covered":0,"skipped":0,"pct":0}}
,"C:\\ULTIMA ULTIMA VERSION MERCAPLENO 4TRI\\correcion_proyecto-8\\mercapleno-backend\\src\\proveedores\\proveedores.controller.ts": {"lines":{"total":25,"covered":0,"skipped":0,"pct":0},"functions":{"total":9,"covered":0,"skipped":0,"pct":0},"statements":{"total":27,"covered":0,"skipped":0,"pct":0},"branches":{"total":0,"covered":0,"skipped":0,"pct":100}}
,"C:\\ULTIMA ULTIMA VERSION MERCAPLENO 4TRI\\correcion_proyecto-8\\mercapleno-backend\\src\\proveedores\\proveedores.service.ts": {"lines":{"total":91,"covered":0,"skipped":0,"pct":0},"functions":{"total":15,"covered":0,"skipped":0,"pct":0},"statements":{"total":93,"covered":0,"skipped":0,"pct":0},"branches":{"total":57,"covered":0,"skipped":0,"pct":0}}
,"C:\\ULTIMA ULTIMA VERSION MERCAPLENO 4TRI\\correcion_proyecto-8\\mercapleno-backend\\src\\reports\\reports.controller.ts": {"lines":{"total":19,"covered":0,"skipped":0,"pct":0},"functions":{"total":6,"covered":0,"skipped":0,"pct":0},"statements":{"total":21,"covered":0,"skipped":0,"pct":0},"branches":{"total":0,"covered":0,"skipped":0,"pct":100}}
,"C:\\ULTIMA ULTIMA VERSION MERCAPLENO 4TRI\\correcion_proyecto-8\\mercapleno-backend\\src\\reports\\reports.service.ts": {"lines":{"total":92,"covered":0,"skipped":0,"pct":0},"functions":{"total":13,"covered":0,"skipped":0,"pct":0},"statements":{"total":96,"covered":0,"skipped":0,"pct":0},"branches":{"total":12,"covered":0,"skipped":0,"pct":0}}
,"C:\\ULTIMA ULTIMA VERSION MERCAPLENO 4TRI\\correcion_proyecto-8\\mercapleno-backend\\src\\sales\\sales.controller.ts": {"lines":{"total":20,"covered":0,"skipped":0,"pct":0},"functions":{"total":7,"covered":0,"skipped":0,"pct":0},"statements":{"total":22,"covered":0,"skipped":0,"pct":0},"branches":{"total":0,"covered":0,"skipped":0,"pct":100}}
,"C:\\ULTIMA ULTIMA VERSION MERCAPLENO 4TRI\\correcion_proyecto-8\\mercapleno-backend\\src\\sales\\sales.service.ts": {"lines":{"total":145,"covered":119,"skipped":0,"pct":82.06},"functions":{"total":16,"covered":13,"skipped":0,"pct":81.25},"statements":{"total":152,"covered":123,"skipped":0,"pct":80.92},"branches":{"total":121,"covered":66,"skipped":0,"pct":54.54}}
,"C:\\ULTIMA ULTIMA VERSION MERCAPLENO 4TRI\\correcion_proyecto-8\\mercapleno-backend\\src\\users-admin\\users-admin.controller.ts": {"lines":{"total":22,"covered":0,"skipped":0,"pct":0},"functions":{"total":8,"covered":0,"skipped":0,"pct":0},"statements":{"total":24,"covered":0,"skipped":0,"pct":0},"branches":{"total":0,"covered":0,"skipped":0,"pct":100}}
,"C:\\ULTIMA ULTIMA VERSION MERCAPLENO 4TRI\\correcion_proyecto-8\\mercapleno-backend\\src\\users-admin\\users-admin.service.ts": {"lines":{"total":76,"covered":0,"skipped":0,"pct":0},"functions":{"total":11,"covered":0,"skipped":0,"pct":0},"statements":{"total":78,"covered":0,"skipped":0,"pct":0},"branches":{"total":66,"covered":0,"skipped":0,"pct":0}}
}
